<?xml version="1.0" encoding="UTF-8"?>
<!-- Generated by org.testng.reporters.JUnitReportReporter -->
<testsuite skipped="0" hostname="Mediware-MSL1" name="org.restapi.test.DeleteAPITest" tests="2" failures="0" timestamp="06 Nov 2019 08:28:49 GMT" time="1.603" errors="0">
  <testcase name="deleteCallWithHeader" time="0.825" classname="org.restapi.test.DeleteAPITest"/>
  <testcase name="deleteCall" time="0.778" classname="org.restapi.test.DeleteAPITest"/>
</testsuite> <!-- org.restapi.test.DeleteAPITest -->
