<?xml version="1.0" encoding="UTF-8"?>
<!-- Generated by org.testng.reporters.JUnitReportReporter -->
<testsuite skipped="0" hostname="Mediware-MSL1" name="org.restapi.test.PutAPITest" tests="1" failures="0" timestamp="06 Nov 2019 09:39:44 GMT" time="0.843" errors="0">
  <testcase name="putCallTest" time="0.843" classname="org.restapi.test.PutAPITest"/>
</testsuite> <!-- org.restapi.test.PutAPITest -->
