<?xml version="1.0" encoding="UTF-8"?>
<!-- Generated by org.testng.reporters.JUnitReportReporter -->
<testsuite skipped="0" hostname="Mediware-MSL1" name="org.restapi.test.PutAPITest" tests="1" failures="0" timestamp="01 Nov 2019 15:13:46 GMT" time="0.800" errors="0">
  <testcase name="putCallTest" time="0.800" classname="org.restapi.test.PutAPITest"/>
</testsuite> <!-- org.restapi.test.PutAPITest -->
