<?xml version="1.0" encoding="UTF-8"?>
<!-- Generated by org.testng.reporters.JUnitReportReporter -->
<testsuite skipped="0" hostname="Mediware-MSL1" name="org.restapi.test.DeleteAPITest" tests="2" failures="0" timestamp="01 Nov 2019 15:13:46 GMT" time="1.645" errors="0">
  <testcase name="deleteCall" time="0.881" classname="org.restapi.test.DeleteAPITest"/>
  <testcase name="deleteCallWithHeader" time="0.764" classname="org.restapi.test.DeleteAPITest"/>
</testsuite> <!-- org.restapi.test.DeleteAPITest -->
