<?xml version="1.0" encoding="UTF-8"?>
<!-- Generated by org.testng.reporters.JUnitReportReporter -->
<testsuite skipped="0" hostname="Mediware-MSL1" name="org.restapi.test.PostAPITest" tests="1" failures="0" timestamp="01 Nov 2019 15:13:46 GMT" time="2.294" errors="0">
  <testcase name="postCallMethod" time="2.294" classname="org.restapi.test.PostAPITest"/>
</testsuite> <!-- org.restapi.test.PostAPITest -->
