<?xml version="1.0" encoding="UTF-8"?>
<!-- Generated by org.testng.reporters.JUnitReportReporter -->
<testsuite skipped="0" hostname="Mediware-MSL1" name="org.restapi.test.DeleteAPITest" tests="2" failures="0" timestamp="01 Nov 2019 11:20:05 GMT" time="1.445" errors="0">
  <testcase name="deleteCall" time="0.725" classname="org.restapi.test.DeleteAPITest"/>
  <testcase name="deleteCallWithHeader" time="0.720" classname="org.restapi.test.DeleteAPITest"/>
</testsuite> <!-- org.restapi.test.DeleteAPITest -->
