<?xml version="1.0" encoding="UTF-8"?>
<testsuite name="TestSuite" time="7.516" tests="6" errors="0" skipped="0" failures="2">
  <properties>
    <property name="java.runtime.name" value="Java(TM) SE Runtime Environment"/>
    <property name="sun.boot.library.path" value="C:\Program Files\Java\jdk1.8.0_171\jre\bin"/>
    <property name="java.vm.version" value="25.171-b11"/>
    <property name="java.vm.vendor" value="Oracle Corporation"/>
    <property name="maven.multiModuleProjectDirectory" value="C:\Users\manishkumarg\workspace\APITesting"/>
    <property name="java.vendor.url" value="http://java.oracle.com/"/>
    <property name="path.separator" value=";"/>
    <property name="guice.disable.misplaced.annotation.check" value="true"/>
    <property name="java.vm.name" value="Java HotSpot(TM) 64-Bit Server VM"/>
    <property name="file.encoding.pkg" value="sun.io"/>
    <property name="user.script" value=""/>
    <property name="user.country" value="US"/>
    <property name="sun.java.launcher" value="SUN_STANDARD"/>
    <property name="sun.os.patch.level" value=""/>
    <property name="java.vm.specification.name" value="Java Virtual Machine Specification"/>
    <property name="user.dir" value="C:\Users\manishkumarg\workspace\APITesting"/>
    <property name="java.runtime.version" value="1.8.0_171-b11"/>
    <property name="java.awt.graphicsenv" value="sun.awt.Win32GraphicsEnvironment"/>
    <property name="java.endorsed.dirs" value="C:\Program Files\Java\jdk1.8.0_171\jre\lib\endorsed"/>
    <property name="os.arch" value="amd64"/>
    <property name="java.io.tmpdir" value="C:\Users\MANISH~1\AppData\Local\Temp\"/>
    <property name="line.separator" value="&#10;"/>
    <property name="java.vm.specification.vendor" value="Oracle Corporation"/>
    <property name="user.variant" value=""/>
    <property name="os.name" value="Windows 10"/>
    <property name="classworlds.conf" value="C:\Users\manishkumarg\workspace\.metadata\.plugins\org.eclipse.m2e.launching\launches\m2conf7872279691008462432.tmp"/>
    <property name="sun.jnu.encoding" value="Cp1252"/>
    <property name="java.library.path" value="C:\Program Files\Java\jdk1.8.0_171\bin;C:\WINDOWS\Sun\Java\bin;C:\WINDOWS\system32;C:\WINDOWS;C:/Program Files/Java/jre1.8.0_192/bin/server;C:/Program Files/Java/jre1.8.0_192/bin;C:/Program Files/Java/jre1.8.0_192/lib/amd64;C:\Program Files (x86)\Common Files\Oracle\Java\javapath;C:\WINDOWS\system32;C:\WINDOWS;C:\WINDOWS\System32\Wbem;C:\WINDOWS\System32\WindowsPowerShell\v1.0\;c:\Program Files\Microsoft SQL Server\110\Tools\Binn\;c:\Program Files (x86)\Microsoft SQL Server\110\Tools\Binn\;c:\Program Files\Microsoft SQL Server\110\DTS\Binn\;c:\Program Files (x86)\Microsoft SQL Server\110\Tools\Binn\ManagementStudio\;c:\Program Files (x86)\Microsoft Visual Studio 10.0\Common7\IDE\PrivateAssemblies\;c:\Program Files (x86)\Microsoft SQL Server\110\DTS\Binn\;C:\Program Files\nodejs\;C:\Program Files\Microsoft VS Code\bin;%AppData%\npm;C:\Users\manishkumarg\AppData\Local\Microsoft\WindowsApps;C:\Users\manishkumarg\AppData\Local\GitHubDesktop\bin;C:\Users\manishkumarg\AppData\Local\Programs\Git\cmd;C:\Users\manishkumarg\Documents\eclipse-jee-oxygen-1a-win32-x86_64\eclipse;;."/>
    <property name="java.specification.name" value="Java Platform API Specification"/>
    <property name="java.class.version" value="52.0"/>
    <property name="sun.management.compiler" value="HotSpot 64-Bit Tiered Compilers"/>
    <property name="os.version" value="10.0"/>
    <property name="user.home" value="C:\Users\manishkumarg"/>
    <property name="user.timezone" value="Asia/Calcutta"/>
    <property name="java.awt.printerjob" value="sun.awt.windows.WPrinterJob"/>
    <property name="java.specification.version" value="1.8"/>
    <property name="file.encoding" value="Cp1252"/>
    <property name="user.name" value="ManishkumarG"/>
    <property name="java.class.path" value="C:\Users\manishkumarg\Documents\eclipse-jee-oxygen-1a-win32-x86_64\eclipse\plugins\org.eclipse.m2e.maven.runtime_1.8.2.20171007-0216\jars\plexus-classworlds-2.5.2.jar"/>
    <property name="java.vm.specification.version" value="1.8"/>
    <property name="sun.arch.data.model" value="64"/>
    <property name="java.home" value="C:\Program Files\Java\jdk1.8.0_171\jre"/>
    <property name="sun.java.command" value="org.codehaus.plexus.classworlds.launcher.Launcher -B test"/>
    <property name="java.specification.vendor" value="Oracle Corporation"/>
    <property name="user.language" value="en"/>
    <property name="awt.toolkit" value="sun.awt.windows.WToolkit"/>
    <property name="java.vm.info" value="mixed mode"/>
    <property name="java.version" value="1.8.0_171"/>
    <property name="java.ext.dirs" value="C:\Program Files\Java\jdk1.8.0_171\jre\lib\ext;C:\WINDOWS\Sun\Java\lib\ext"/>
    <property name="sun.boot.class.path" value="C:\Program Files\Java\jdk1.8.0_171\jre\lib\resources.jar;C:\Program Files\Java\jdk1.8.0_171\jre\lib\rt.jar;C:\Program Files\Java\jdk1.8.0_171\jre\lib\sunrsasign.jar;C:\Program Files\Java\jdk1.8.0_171\jre\lib\jsse.jar;C:\Program Files\Java\jdk1.8.0_171\jre\lib\jce.jar;C:\Program Files\Java\jdk1.8.0_171\jre\lib\charsets.jar;C:\Program Files\Java\jdk1.8.0_171\jre\lib\jfr.jar;C:\Program Files\Java\jdk1.8.0_171\jre\classes"/>
    <property name="java.vendor" value="Oracle Corporation"/>
    <property name="maven.home" value="C:\Users\manishkumarg\workspace\APITesting\EMBEDDED"/>
    <property name="file.separator" value="\"/>
    <property name="java.vendor.url.bug" value="http://bugreport.sun.com/bugreport/"/>
    <property name="sun.cpu.endian" value="little"/>
    <property name="sun.io.unicode.encoding" value="UnicodeLittle"/>
    <property name="sun.desktop" value="windows"/>
    <property name="sun.cpu.isalist" value="amd64"/>
  </properties>
  <testcase name="postCallMethod" classname="org.restapi.test.PostAPITest" time="2.247"/>
  <testcase name="putCallTest" classname="org.restapi.test.PutAPITest" time="0.845"/>
  <testcase name="getCallTestWithHeader" classname="org.restapi.test.GetAPITest" time="1.427">
    <failure message="A JSONObject text must begin with &apos;{&apos; at 1 [character 2 line 1]" type="org.json.JSONException"><![CDATA[org.json.JSONException: A JSONObject text must begin with '{' at 1 [character 2 line 1]
	at org.json.JSONTokener.syntaxError(JSONTokener.java:433)
	at org.json.JSONObject.<init>(JSONObject.java:195)
	at org.json.JSONObject.<init>(JSONObject.java:319)
	at org.restapi.test.GetAPITest.getCallTestWithHeader(GetAPITest.java:93)
]]></failure>
    <system-out><![CDATA[URI is http://dummy.restapiexample.com/api/v1/employees
response string[{"id":"33272","employee_name":"Raj","employee_salary":"234567","employee_age":"23","profile_image":""},{"id":"34559","employee_name":"shivu","employee_salary":"10000","employee_age":"33","profile_image":""},{"id":"34561","employee_name":"Calvin","employee_salary":"231","employee_age":"52","profile_image":""},{"id":"34562","employee_name":"Franklin","employee_salary":"438","employee_age":"63","profile_image":""},{"id":"34563","employee_name":"kaushal","employee_salary":"100000","employee_age":"33","profile_image":""},{"id":"34661","employee_name":"John","employee_salary":"996","employee_age":"22","profile_image":""},{"id":"34663","employee_name":"Benjamin","employee_salary":"903","employee_age":"30","profile_image":""},{"id":"34666","employee_name":"karthi","employee_salary":"50000","employee_age":"21","profile_image":""},{"id":"34782","employee_name":"Johng","employee_salary":"49653","employee_age":"94","profile_image":""},{"id":"34793","employee_name":"Ulysses","employee_salary":"960","employee_age":"33","profile_image":""},{"id":"34794","employee_name":"Thomas","employee_salary":"450","employee_age":"52","profile_image":""},{"id":"34796","employee_name":"Lyndon","employee_salary":"456","employee_age":"41","profile_image":""},{"id":"34845","employee_name":"John123","employee_salary":"123","employee_age":"23","profile_image":""},{"id":"34890","employee_name":"QTNov0120190007","employee_salary":"12345","employee_age":"30","profile_image":""},{"id":"35553","employee_name":"Tina","employee_salary":"123","employee_age":"23","profile_image":""},{"id":"35565","employee_name":"eeeeee","employee_salary":"123","employee_age":"23","profile_image":""},{"id":"35672","employee_name":"asdasd","employee_salary":"123123","employee_age":"4124124","profile_image":""},{"id":"35676","employee_name":"asdads","employee_salary":"23413","employee_age":"13123","profile_image":""},{"id":"35711","employee_name":"dasds","employee_salary":"123123","employee_age":"123123","profile_image":""},{"id":"35787","employee_name":"dasd","employee_salary":"123123","employee_age":"312321","profile_image":""},{"id":"37041","employee_name":"twro","employee_salary":"2000","employee_age":"22","profile_image":""},{"id":"37042","employee_name":"threeee","employee_salary":"3000","employee_age":"33","profile_image":""},{"id":"37085","employee_name":"deepak sharma","employee_salary":"0","employee_age":"31","profile_image":""},{"id":"37125","employee_name":"deepak9927459866","employee_salary":"0","employee_age":"31","profile_image":""},{"id":"37358","employee_name":"deepak2919","employee_salary":"0","employee_age":"31","profile_image":""},{"id":"37392","employee_name":"t_20191101_0924","employee_salary":"123","employee_age":"23","profile_image":""},{"id":"37462","employee_name":"test2919","employee_salary":"0","employee_age":"31","profile_image":""},{"id":"37521","employee_name":"teta","employee_salary":"0","employee_age":"0","profile_image":""},{"id":"38326","employee_name":"Teo Ze Xiang","employee_salary":"1000","employee_age":"21","profile_image":""},{"id":"38364","employee_name":"Chandan","employee_salary":"1000000000","employee_age":"10000","profile_image":""},{"id":"38375","employee_name":"Robert1","employee_salary":"45000","employee_age":"45","profile_image":""},{"id":"38421","employee_name":"Robert2","employee_salary":"45000","employee_age":"45","profile_image":""},{"id":"38438","employee_name":"Robert3","employee_salary":"45000","employee_age":"45","profile_image":""},{"id":"38568","employee_name":"Robert4","employee_salary":"45000","employee_age":"45","profile_image":""},{"id":"39244","employee_name":"t22es3t","employee_salary":"123","employee_age":"222223","profile_image":""},{"id":"39480","employee_name":"1234name","employee_salary":"99999","employee_age":"27","profile_image":""},{"id":"39673","employee_name":"testes","employee_salary":"123","employee_age":"222223","profile_image":""},{"id":"39782","employee_name":"mahesh","employee_salary":"2000","employee_age":"30","profile_image":""},{"id":"39832","employee_name":"elchapor","employee_salary":"123","employee_age":"23","profile_image":""},{"id":"39928","employee_name":"1234567name","employee_salary":"99999","employee_age":"27","profile_image":""},{"id":"40178","employee_name":"someName1","employee_salary":"1000","employee_age":"21","profile_image":""},{"id":"40179","employee_name":"someName2","employee_salary":"2000","employee_age":"22","profile_image":""},{"id":"40180","employee_name":"Harsh","employee_salary":"10000","employee_age":"22","profile_image":""},{"id":"40181","employee_name":"someName4","employee_salary":"4000","employee_age":"24","profile_image":""},{"id":"40182","employee_name":"someName5","employee_salary":"5000","employee_age":"25","profile_image":""},{"id":"40183","employee_name":"someName6","employee_salary":"6000","employee_age":"26","profile_image":""},{"id":"40184","employee_name":"someName7","employee_salary":"7000","employee_age":"27","profile_image":""},{"id":"40185","employee_name":"someName8","employee_salary":"8000","employee_age":"28","profile_image":""},{"id":"40188","employee_name":"someName9","employee_salary":"9000","employee_age":"29","profile_image":""},{"id":"40190","employee_name":"someName10","employee_salary":"10000","employee_age":"30","profile_image":""},{"id":"40596","employee_name":"vivek","employee_salary":"34","employee_age":"34","profile_image":""},{"id":"40688","employee_name":"diksha","employee_salary":"1234","employee_age":"24","profile_image":""},{"id":"41013","employee_name":"Employee-EZJeW","employee_salary":"1234","employee_age":"23","profile_image":""},{"id":"41249","employee_name":"TESTNOV1","employee_salary":"1123","employee_age":"23","profile_image":""},{"id":"41310","employee_name":"TESTNOV2","employee_salary":"1123","employee_age":"23","profile_image":""},{"id":"41323","employee_name":"TESTNOV3","employee_salary":"1123","employee_age":"23","profile_image":""},{"id":"41368","employee_name":"testing from ngx","employee_salary":"123","employee_age":"23","profile_image":""},{"id":"41391","employee_name":"Employee-NlURp","employee_salary":"1234","employee_age":"23","profile_image":""},{"id":"41401","employee_name":"Employee-gDkFZ","employee_salary":"1234","employee_age":"23","profile_image":""},{"id":"41761","employee_name":"testfdss","employee_salary":"123","employee_age":"23","profile_image":""},{"id":"41884","employee_name":"neeruAPI","employee_salary":"15000","employee_age":"21","profile_image":""},{"id":"42847","employee_name":"z","employee_salary":"34","employee_age":"23","profile_image":""},{"id":"42864","employee_name":"zz","employee_salary":"45999","employee_age":"23","profile_image":""},{"id":"43277","employee_name":"test1572594125279","employee_salary":"567","employee_age":"45","profile_image":""},{"id":"43638","employee_name":"T82xfn6oe4","employee_salary":"100","employee_age":"20","profile_image":""},{"id":"43639","employee_name":"Mtoer3xdtt","employee_salary":"100","employee_age":"20","profile_image":""},{"id":"43640","employee_name":"Uqulust1j9","employee_salary":"200","employee_age":"21","profile_image":""},{"id":"43642","employee_name":"Q3dxduip0g","employee_salary":"100","employee_age":"20","profile_image":""},{"id":"43671","employee_name":"samay dcc8968e-f3aa-47d2-8b35-449ca496819e ","employee_salary":"123","employee_age":"33","profile_image":""},{"id":"44719","employee_name":"sample1234","employee_salary":"123","employee_age":"23","profile_image":""},{"id":"44724","employee_name":"rian x","employee_salary":"1","employee_age":"1","profile_image":""},{"id":"44753","employee_name":"Hilde Kozey III-1572602555","employee_salary":"2022","employee_age":"30","profile_image":""},{"id":"44754","employee_name":"Ms. Iva Collier-1572602561","employee_salary":"1873","employee_age":"31","profile_image":""},{"id":"44825","employee_name":"Sheryll Durgan-1572602784","employee_salary":"3358","employee_age":"27","profile_image":""},{"id":"44827","employee_name":"Dewey Stracke-1572602790","employee_salary":"2022","employee_age":"19","profile_image":""},{"id":"44858","employee_name":"Kit Barrows-1572602883","employee_salary":"1508","employee_age":"34","profile_image":""},{"id":"44861","employee_name":"Autumn O'Reilly-1572602889","employee_salary":"3421","employee_age":"37","profile_image":""},{"id":"44902","employee_name":"Mrs. Vannesa Gislason-1572603017","employee_salary":"2627","employee_age":"20","profile_image":""},{"id":"44903","employee_name":"Graciela Kilback-1572603023","employee_salary":"2195","employee_age":"22","profile_image":""},{"id":"44930","employee_name":"samay 07e0af31-bcd6-412b-862a-04b520043112 ","employee_salary":"123","employee_age":"33","profile_image":""},{"id":"45045","employee_name":"Jorge Murphy-1572603474","employee_salary":"3231","employee_age":"29","profile_image":""},{"id":"45046","employee_name":"Meri Morissette-1572603479","employee_salary":"2008","employee_age":"21","profile_image":""},{"id":"45105","employee_name":"Wilbur Rau-1572603666","employee_salary":"2418","employee_age":"23","profile_image":""},{"id":"45106","employee_name":"Christopher Armstrong-1572603672","employee_salary":"1852","employee_age":"19","profile_image":""},{"id":"45156","employee_name":"sadasd","employee_salary":"123123","employee_age":"12312312","profile_image":""},{"id":"45161","employee_name":"employee rian","employee_salary":"12000","employee_age":"29","profile_image":""},{"id":"45167","employee_name":"wqedasd","employee_salary":"123123","employee_age":"123123","profile_image":""},{"id":"45239","employee_name":"Christel Mayert Jr.-1572604079","employee_salary":"3222","employee_age":"24","profile_image":""},{"id":"45240","employee_name":"Floy Reichert-1572604084","employee_salary":"1768","employee_age":"30","profile_image":""},{"id":"45266","employee_name":"Stanford Schaefer-1572604159","employee_salary":"2146","employee_age":"19","profile_image":""},{"id":"45267","employee_name":"Leighann Bergnaum-1572604164","employee_salary":"2265","employee_age":"38","profile_image":""},{"id":"45322","employee_name":"Albertina Herman-1572604327","employee_salary":"1978","employee_age":"32","profile_image":""},{"id":"45323","employee_name":"Karl Wilkinson-1572604333","employee_salary":"3010","employee_age":"31","profile_image":""},{"id":"45346","employee_name":"Lorina Watsica-1572604403","employee_salary":"2749","employee_age":"28","profile_image":""},{"id":"45349","employee_name":"aigiriyO","employee_salary":"154653","employee_age":"89","profile_image":""},{"id":"45377","employee_name":"Chanel Leannon-1572604490","employee_salary":"2279","employee_age":"38","profile_image":""},{"id":"45378","employee_name":"Miss Jean Dach-1572604495","employee_salary":"3126","employee_age":"27","profile_image":""},{"id":"45399","employee_name":"Karan Krajcik MD-1572604551","employee_salary":"1823","employee_age":"36","profile_image":""},{"id":"45400","employee_name":"Olga Goldner-1572604557","employee_salary":"2217","employee_age":"29","profile_image":""},{"id":"45477","employee_name":"Adrienne Maggio-1572604790","employee_salary":"2464","employee_age":"28","profile_image":""},{"id":"45478","employee_name":"Shondra Simonis-1572604795","employee_salary":"2687","employee_age":"39","profile_image":""},{"id":"45494","employee_name":"Ms. Jimmie Kemmer-1572604834","employee_salary":"2998","employee_age":"37","profile_image":""},{"id":"45496","employee_name":"Mr. Donny Pacocha-1572604839","employee_salary":"3280","employee_age":"23","profile_image":""},{"id":"45516","employee_name":"Lawrence Fay-1572604903","employee_salary":"2677","employee_age":"40","profile_image":""},{"id":"45519","employee_name":"Cecil Mueller-1572604908","employee_salary":"2333","employee_age":"42","profile_image":""},{"id":"45534","employee_name":"Warner Hyatt-1572604953","employee_salary":"2205","employee_age":"27","profile_image":""},{"id":"45535","employee_name":"Jim Hermann Sr.-1572604957","employee_salary":"1652","employee_age":"23","profile_image":""},{"id":"45552","employee_name":"Kari Zieme-1572605000","employee_salary":"1538","employee_age":"37","profile_image":""},{"id":"45553","employee_name":"Shirley Quitzon-1572605005","employee_salary":"2720","employee_age":"31","profile_image":""},{"id":"45595","employee_name":"yyyy","employee_salary":"344","employee_age":"34","profile_image":""},{"id":"45642","employee_name":"Mr. Elsie Durgan-1572605274","employee_salary":"2141","employee_age":"26","profile_image":""},{"id":"45643","employee_name":"Ms. Homer Walter-1572605279","employee_salary":"2390","employee_age":"23","profile_image":""},{"id":"45659","employee_name":"deep","employee_salary":"123","employee_age":"23","profile_image":""},{"id":"45678","employee_name":"Mrs. Harvey Senger-1572605380","employee_salary":"2901","employee_age":"37","profile_image":""},{"id":"45679","employee_name":"Jani Wolf-1572605385","employee_salary":"2663","employee_age":"24","profile_image":""},{"id":"45723","employee_name":"TESTNOV4","employee_salary":"1123","employee_age":"23","profile_image":""},{"id":"45760","employee_name":"tes1","employee_salary":"1234","employee_age":"20","profile_image":""},{"id":"45767","employee_name":"ss","employee_salary":"33","employee_age":"33","profile_image":""},{"id":"45772","employee_name":"test1234567","employee_salary":"1234","employee_age":"21","profile_image":""},{"id":"45776","employee_name":"xxx","employee_salary":"33","employee_age":"33","profile_image":""},{"id":"45777","employee_name":"Ms. Lashon Bartoletti-1572605679","employee_salary":"2153","employee_age":"31","profile_image":""},{"id":"45778","employee_name":"Derrick Lemke IV-1572605684","employee_salary":"2341","employee_age":"29","profile_image":""},{"id":"45952","employee_name":"samay 838b1617-59bd-43b3-96ed-ed7a6144693c ","employee_salary":"123","employee_age":"33","profile_image":""},{"id":"45972","employee_name":"amritpal","employee_salary":"45","employee_age":"35","profile_image":""},{"id":"46087","employee_name":"dsdasdsadsadsa","employee_salary":"120000","employee_age":"12","profile_image":""},{"id":"46094","employee_name":"aaaa","employee_salary":"13123123","employee_age":"123123","profile_image":""},{"id":"46130","employee_name":"cvam","employee_salary":"120000","employee_age":"12","profile_image":""},{"id":"46138","employee_name":"deep1","employee_salary":"123","employee_age":"23","profile_image":""},{"id":"46258","employee_name":"praveen","employee_salary":"60000","employee_age":"100","profile_image":""},{"id":"46361","employee_name":"lurge","employee_salary":"2345454","employee_age":"34","profile_image":""},{"id":"46371","employee_name":"Manish","employee_salary":"10000","employee_age":"25","profile_image":""},{"id":"46390","employee_name":"TESTNOV5","employee_salary":"1123","employee_age":"23","profile_image":""},{"id":"46531","employee_name":"Lupin12345","employee_salary":"1000000","employee_age":"4443","profile_image":""},{"id":"46768","employee_name":"arun4563dfDF","employee_salary":"12523653","employee_age":"2","profile_image":""},{"id":"46907","employee_name":"ardfDF","employee_salary":"13","employee_age":"2","profile_image":""},{"id":"47023","employee_name":"Manish123","employee_salary":"10000","employee_age":"25","profile_image":""},{"id":"47085","employee_name":"asdasd123123","employee_salary":"123","employee_age":"23","profile_image":""},{"id":"47101","employee_name":"Manish01\/11\/19 16:35:47","employee_salary":"10000","employee_age":"25","profile_image":""},{"id":"47104","employee_name":"Manish01\/11\/19 16:35:56","employee_salary":"10000","employee_age":"25","profile_image":""},{"id":"47111","employee_name":"Manish01\/11\/19 16:36:13","employee_salary":"10000","employee_age":"25","profile_image":""},{"id":"47168","employee_name":"Manish01\/11\/19 16:39:35","employee_salary":"10000","employee_age":"25","profile_image":""},{"id":"47178","employee_name":"Manish01\/11\/19 16:40:01","employee_salary":"10000","employee_age":"25","profile_image":""},{"id":"47211","employee_name":"rty","employee_salary":"56","employee_age":"0","profile_image":""},{"id":"47303","employee_name":"jj","employee_salary":"123","employee_age":"23","profile_image":""},{"id":"47361","employee_name":"demel","employee_salary":"34000","employee_age":"25","profile_image":""},{"id":"47362","employee_name":"Manish01\/11\/19 16:50:00","employee_salary":"10000","employee_age":"25","profile_image":""},{"id":"47394","employee_name":"Smith","employee_salary":"40000","employee_age":"40","profile_image":""},{"id":"47575","employee_name":"Mimi Klein-1572611496","employee_salary":"1577","employee_age":"25","profile_image":""},{"id":"47576","employee_name":"Carroll Wehner Jr.-1572611501","employee_salary":"3410","employee_age":"40","profile_image":""},{"id":"47660","employee_name":"Jackelyn Spinka V-1572611768","employee_salary":"3460","employee_age":"37","profile_image":""},{"id":"47661","employee_name":"Mattie Crona-1572611773","employee_salary":"2076","employee_age":"28","profile_image":""},{"id":"47703","employee_name":"AGuru","employee_salary":"123","employee_age":"23","profile_image":""},{"id":"47723","employee_name":"sucka","employee_salary":"123","employee_age":"23","profile_image":""},{"id":"47739","employee_name":"david","employee_salary":"40000","employee_age":"40","profile_image":""},{"id":"47741","employee_name":"eater","employee_salary":"123","employee_age":"23","profile_image":""},{"id":"47747","employee_name":"saasd","employee_salary":"123","employee_age":"4124","profile_image":""},{"id":"47751","employee_name":"asdasdas","employee_salary":"1233","employee_age":"1231","profile_image":""},{"id":"47784","employee_name":"Anoop","employee_salary":"50000","employee_age":"40","profile_image":""},{"id":"47832","employee_name":"mykid1","employee_salary":"777","employee_age":"23","profile_image":""},{"id":"47839","employee_name":"AnoopPanda","employee_salary":"50000","employee_age":"40","profile_image":""},{"id":"47875","employee_name":"BobBooks","employee_salary":"5000","employee_age":"45","profile_image":""},{"id":"47898","employee_name":"empName","employee_salary":"0","employee_age":"0","profile_image":""},{"id":"48097","employee_name":"Anastasiia Chertkova","employee_salary":"5000","employee_age":"26","profile_image":""},{"id":"48129","employee_name":"test122","employee_salary":"123","employee_age":"23","profile_image":""},{"id":"48140","employee_name":"test1222","employee_salary":"123","employee_age":"23","profile_image":""},{"id":"48150","employee_name":"QTNov0120191201","employee_salary":"12345","employee_age":"30","profile_image":""},{"id":"48151","employee_name":"SampleAPItest","employee_salary":"12345","employee_age":"30","profile_image":""},{"id":"48167","employee_name":"test12222","employee_salary":"123","employee_age":"23","profile_image":""},{"id":"48190","employee_name":"test1sfsff2222","employee_salary":"0","employee_age":"0","profile_image":""},{"id":"48223","employee_name":"new_name_for_post","employee_salary":"1000000","employee_age":"25","profile_image":""},{"id":"48242","employee_name":"test1234","employee_salary":"123","employee_age":"23","profile_image":""},{"id":"48244","employee_name":"bbbbb","employee_salary":"2000","employee_age":"200","profile_image":""},{"id":"48245","employee_name":"ccccc","employee_salary":"3000","employee_age":"300","profile_image":""},{"id":"48255","employee_name":"ddddd","employee_salary":"1000","employee_age":"100","profile_image":""},{"id":"48268","employee_name":"eeeee","employee_salary":"2000","employee_age":"200","profile_image":""},{"id":"48270","employee_name":"testprasad","employee_salary":"1","employee_age":"34","profile_image":""},{"id":"48272","employee_name":"fffff","employee_salary":"3000","employee_age":"300","profile_image":""},{"id":"48285","employee_name":"pallavi","employee_salary":"1000","employee_age":"100","profile_image":""},{"id":"48286","employee_name":"reddy","employee_salary":"2000","employee_age":"200","profile_image":""},{"id":"48287","employee_name":"andem","employee_salary":"3000","employee_age":"300","profile_image":""},{"id":"48336","employee_name":"test2323","employee_salary":"123","employee_age":"23","profile_image":""},{"id":"48385","employee_name":"test1234t","employee_salary":"123","employee_age":"23","profile_image":""},{"id":"48397","employee_name":"test12345","employee_salary":"123","employee_age":"23","profile_image":""},{"id":"48405","employee_name":"test1234t7","employee_salary":"123","employee_age":"23","profile_image":""},{"id":"48437","employee_name":"test233323","employee_salary":"123","employee_age":"32","profile_image":""},{"id":"48476","employee_name":"jhdgjd3536","employee_salary":"123","employee_age":"23","profile_image":""},{"id":"48520","employee_name":"samay 8597db93-0b5f-4da1-ae7c-9523bfc73d30 ","employee_salary":"123","employee_age":"33","profile_image":""},{"id":"48524","employee_name":"rostq","employee_salary":"0","employee_age":"0","profile_image":""},{"id":"48566","employee_name":"EQEmployee-3","employee_salary":"123","employee_age":"23","profile_image":""},{"id":"48591","employee_name":"bharath","employee_salary":"400000","employee_age":"18","profile_image":""},{"id":"48635","employee_name":"test12345D","employee_salary":"1234","employee_age":"23","profile_image":""},{"id":"48642","employee_name":"Employee-fVxgp","employee_salary":"123","employee_age":"23","profile_image":""},{"id":"48658","employee_name":"Employee-UzzJV","employee_salary":"123","employee_age":"23","profile_image":""},{"id":"48671","employee_name":"Employee-ZOItm","employee_salary":"123","employee_age":"23","profile_image":""},{"id":"48679","employee_name":"Employee-ySJsY","employee_salary":"123","employee_age":"23","profile_image":""},{"id":"48683","employee_name":"test123456","employee_salary":"123","employee_age":"23","profile_image":""},{"id":"48700","employee_name":"Employee-CELJc","employee_salary":"123","employee_age":"23","profile_image":""},{"id":"48738","employee_name":"saikiran","employee_salary":"123","employee_age":"23","profile_image":""},{"id":"48758","employee_name":"Vio","employee_salary":"12399000","employee_age":"32","profile_image":""},{"id":"48765","employee_name":"saikiran p","employee_salary":"123","employee_age":"23","profile_image":""},{"id":"48840","employee_name":"test123455","employee_salary":"1234","employee_age":"23","profile_image":""},{"id":"48886","employee_name":"raluca","employee_salary":"123","employee_age":"23","profile_image":""},{"id":"48908","employee_name":"Lavi","employee_salary":"2147483647","employee_age":"25","profile_image":""},{"id":"49002","employee_name":"Employee-fMYLG","employee_salary":"123","employee_age":"23","profile_image":""},{"id":"49043","employee_name":"Sara","employee_salary":"123","employee_age":"23","profile_image":""},{"id":"49067","employee_name":"Employee-SMXEZ","employee_salary":"1234","employee_age":"23","profile_image":""},{"id":"49404","employee_name":"Alex Alex2","employee_salary":"1236","employee_age":"0","profile_image":""},{"id":"49862","employee_name":"thaaaaaa2","employee_salary":"0","employee_age":"0","profile_image":""},{"id":"50005","employee_name":"test1111","employee_salary":"123","employee_age":"23","profile_image":""},{"id":"50080","employee_name":"test1267","employee_salary":"1234","employee_age":"23","profile_image":""},{"id":"50251","employee_name":"test129","employee_salary":"1234","employee_age":"23","profile_image":""},{"id":"50261","employee_name":"Hortencia Dooley-1572616146","employee_salary":"2947","employee_age":"33","profile_image":""},{"id":"50314","employee_name":"admin1","employee_salary":"1200","employee_age":"22","profile_image":""},{"id":"50337","employee_name":"test426","employee_salary":"156","employee_age":"3","profile_image":""},{"id":"50619","employee_name":"Ovidiu21","employee_salary":"156","employee_age":"3","profile_image":""},{"id":"50793","employee_name":"yoyo1913a08a6db300010d03efe1b689619eb","employee_salary":"691","employee_age":"41","profile_image":""},{"id":"51018","employee_name":"user11","employee_salary":"123","employee_age":"23","profile_image":""},{"id":"51084","employee_name":"test11010","employee_salary":"123","employee_age":"23","profile_image":""},{"id":"51149","employee_name":"user112","employee_salary":"123","employee_age":"23","profile_image":""},{"id":"51553","employee_name":"Hoang 637082099962388683","employee_salary":"1000","employee_age":"28","profile_image":""},{"id":"51758","employee_name":"yoyo1d61c08eadb300010d03efe1b68961954","employee_salary":"691","employee_age":"41","profile_image":""},{"id":"51932","employee_name":"???","employee_salary":"0","employee_age":"0","profile_image":""},{"id":"52487","employee_name":"yoyo1077d442edb300010d03efe1b689619a8","employee_salary":"691","employee_age":"41","profile_image":""},{"id":"52684","employee_name":"samay 601c6690-2a6c-42cb-b2ce-fe5873966970 ","employee_salary":"123","employee_age":"33","profile_image":""},{"id":"52736","employee_name":"yoyo1f53f886edb300010d03efe1b689619b0","employee_salary":"691","employee_age":"41","profile_image":""},{"id":"52774","employee_name":"asdasda","employee_salary":"123112","employee_age":"1231223","profile_image":""},{"id":"52782","employee_name":"india1","employee_salary":"123","employee_age":"23","profile_image":""},{"id":"52807","employee_name":"yoyo1ee0098aedb300010d03efe1b68961943","employee_salary":"691","employee_age":"41","profile_image":""},{"id":"52955","employee_name":"rostq11","employee_salary":"0","employee_age":"0","profile_image":""},{"id":"52956","employee_name":"rostq12","employee_salary":"0","employee_age":"0","profile_image":""},{"id":"52957","employee_name":"rostq13","employee_salary":"0","employee_age":"0","profile_image":""},{"id":"52958","employee_name":"rostq14","employee_salary":"0","employee_age":"0","profile_image":""},{"id":"52959","employee_name":"rostq15","employee_salary":"0","employee_age":"0","profile_image":""},{"id":"53036","employee_name":"yoyo125e25822db700010d03efe1b68961943","employee_salary":"691","employee_age":"41","profile_image":""},{"id":"53214","employee_name":"tsest","employee_salary":"123","employee_age":"23","profile_image":""},{"id":"53234","employee_name":"india12","employee_salary":"123","employee_age":"23","profile_image":""},{"id":"53256","employee_name":"tester 212321","employee_salary":"12000","employee_age":"22","profile_image":""},{"id":"53398","employee_name":"Manish01\/11\/19 19:23:03","employee_salary":"10000","employee_age":"25","profile_image":""},{"id":"53427","employee_name":"Manish01\/11\/19 19:24:25","employee_salary":"10000","employee_age":"25","profile_image":""},{"id":"53487","employee_name":"test101","employee_salary":"123","employee_age":"23","profile_image":""},{"id":"53568","employee_name":"QTNov0120191401","employee_salary":"12345","employee_age":"30","profile_image":""},{"id":"53574","employee_name":"test102","employee_salary":"123","employee_age":"23","profile_image":""},{"id":"53585","employee_name":"samay fbbdf019-ecff-485f-9bbd-584671490fdc ","employee_salary":"123","employee_age":"33","profile_image":""},{"id":"53777","employee_name":"testersatya212321","employee_salary":"12000","employee_age":"22","profile_image":""},{"id":"53916","employee_name":"dasdasd","employee_salary":"123123","employee_age":"123312132","profile_image":""},{"id":"54016","employee_name":"venkat111","employee_salary":"123","employee_age":"23","profile_image":""},{"id":"54113","employee_name":"Kayla Stamm-1572622276","employee_salary":"1771","employee_age":"35","profile_image":""},{"id":"54114","employee_name":"Edgar Upton-1572622282","employee_salary":"3438","employee_age":"33","profile_image":""},{"id":"54224","employee_name":"Stephen Runolfsson-1572622645","employee_salary":"3386","employee_age":"21","profile_image":""},{"id":"54228","employee_name":"Luciano Johnston-1572622651","employee_salary":"2039","employee_age":"20","profile_image":""},{"id":"54296","employee_name":"Flo Hermiston-1572622869","employee_salary":"2659","employee_age":"42","profile_image":""},{"id":"54297","employee_name":"Marni Lang-1572622874","employee_salary":"2929","employee_age":"41","profile_image":""},{"id":"54389","employee_name":"Devin Bosco-1572623132","employee_salary":"2263","employee_age":"18","profile_image":""},{"id":"54390","employee_name":"Terence Stracke-1572623137","employee_salary":"2832","employee_age":"21","profile_image":""},{"id":"54404","employee_name":"dorela","employee_salary":"123","employee_age":"23","profile_image":""},{"id":"54424","employee_name":"Fidel Murphy-1572623227","employee_salary":"1554","employee_age":"27","profile_image":""},{"id":"54425","employee_name":"Eleonore Simonis-1572623232","employee_salary":"3092","employee_age":"29","profile_image":""},{"id":"54500","employee_name":"Pete Towne-1572623465","employee_salary":"2796","employee_age":"34","profile_image":""},{"id":"54503","employee_name":"Jessica Jacobson-1572623470","employee_salary":"3031","employee_age":"19","profile_image":""},{"id":"54518","employee_name":"kguru","employee_salary":"3423434","employee_age":"22","profile_image":""},{"id":"54634","employee_name":"gurureddy","employee_salary":"0","employee_age":"0","profile_image":""},{"id":"54675","employee_name":"henkieeee","employee_salary":"123","employee_age":"23","profile_image":""},{"id":"54751","employee_name":"samay 7f8d07bf-9c90-465a-af12-0aaf930240bc ","employee_salary":"123","employee_age":"33","profile_image":""},{"id":"54929","employee_name":"Manish01\/11\/19 20:43:39","employee_salary":"10000","employee_age":"25","profile_image":""},{"id":"54930","employee_name":"asdasdasdasd","employee_salary":"123","employee_age":"23","profile_image":""},{"id":"54934","employee_name":"KOSOVAaaaa","employee_salary":"123","employee_age":"23","profile_image":""},{"id":"54963","employee_name":"kguru1","employee_salary":"344234234","employee_age":"32","profile_image":""},{"id":"54976","employee_name":"kguru2","employee_salary":"222222","employee_age":"22","profile_image":""},{"id":"55003","employee_name":"yash","employee_salary":"123","employee_age":"23","profile_image":""},{"id":"55010","employee_name":"kguru3","employee_salary":"33333","employee_age":"44444","profile_image":""},{"id":"55017","employee_name":"Rigoberto Buckridge-1572625080","employee_salary":"2833","employee_age":"24","profile_image":""},{"id":"55018","employee_name":"Miss Fae Hermann-1572625085","employee_salary":"2735","employee_age":"35","profile_image":""},{"id":"55038","employee_name":"kguru4","employee_salary":"44444","employee_age":"44","profile_image":""},{"id":"55073","employee_name":"yashvanth","employee_salary":"123","employee_age":"23","profile_image":""},{"id":"55113","employee_name":"KOSOVOOOO","employee_salary":"999999999","employee_age":"23","profile_image":""},{"id":"55208","employee_name":"yashvanthtr","employee_salary":"123","employee_age":"23","profile_image":""},{"id":"55242","employee_name":"zzzzz","employee_salary":"2147483647","employee_age":"22","profile_image":""},{"id":"55276","employee_name":"testvinod","employee_salary":"123","employee_age":"23","profile_image":""},{"id":"55303","employee_name":"yyyyy","employee_salary":"1000000","employee_age":"22","profile_image":""},{"id":"55309","employee_name":"test-3","employee_salary":"123","employee_age":"23","profile_image":""},{"id":"55372","employee_name":"Hello Koosovo","employee_salary":"100","employee_age":"23","profile_image":""},{"id":"55466","employee_name":"vinodpojo","employee_salary":"52888","employee_age":"31","profile_image":""},{"id":"55495","employee_name":"vinodpojoge","employee_salary":"52888","employee_age":"31","profile_image":""},{"id":"55502","employee_name":"vinodpojyyoge","employee_salary":"52888","employee_age":"371","profile_image":""},{"id":"55555","employee_name":"Aditya","employee_salary":"70000","employee_age":"27","profile_image":""},{"id":"55597","employee_name":"vinodpojyyog4e","employee_salary":"52888","employee_age":"371","profile_image":""},{"id":"55624","employee_name":"vinodpojyyog4eh","employee_salary":"52888","employee_age":"371","profile_image":""},{"id":"55665","employee_name":"John12","employee_salary":"12344","employee_age":"23","profile_image":""},{"id":"55785","employee_name":"Danish","employee_salary":"3000000","employee_age":"21","profile_image":""},{"id":"55805","employee_name":"John50","employee_salary":"123","employee_age":"25","profile_image":""},{"id":"55811","employee_name":"JohnN","employee_salary":"42183","employee_age":"67","profile_image":""},{"id":"55818","employee_name":"Adi","employee_salary":"6000","employee_age":"25","profile_image":""},{"id":"55843","employee_name":"QTNov0120191601","employee_salary":"12345","employee_age":"30","profile_image":""},{"id":"55857","employee_name":"dron","employee_salary":"78900","employee_age":"26","profile_image":""},{"id":"55861","employee_name":"vinodpojyyog4eh5","employee_salary":"52888","employee_age":"371","profile_image":""},{"id":"55893","employee_name":"af","employee_salary":"6777","employee_age":"57","profile_image":""},{"id":"55910","employee_name":"ljZW","employee_salary":"6727","employee_age":"74","profile_image":""},{"id":"55919","employee_name":"tWpM","employee_salary":"2700","employee_age":"92","profile_image":""},{"id":"55926","employee_name":"thWt","employee_salary":"1095","employee_age":"52","profile_image":""},{"id":"55940","employee_name":"vinodpojyyog47h5","employee_salary":"52888","employee_age":"371","profile_image":""},{"id":"55962","employee_name":"agg","employee_salary":"5789","employee_age":"46","profile_image":""},{"id":"55965","employee_name":"Wbjq","employee_salary":"6159","employee_age":"66","profile_image":""},{"id":"55994","employee_name":"uEnZ","employee_salary":"5317","employee_age":"6","profile_image":""},{"id":"56007","employee_name":"TqIi","employee_salary":"5661","employee_age":"41","profile_image":""},{"id":"56050","employee_name":"EgXR","employee_salary":"8409","employee_age":"38","profile_image":""},{"id":"56063","employee_name":"guFC","employee_salary":"6179","employee_age":"11","profile_image":""},{"id":"56074","employee_name":"oklohomaaa","employee_salary":"123","employee_age":"23","profile_image":""},{"id":"56081","employee_name":"inSY","employee_salary":"5000","employee_age":"86","profile_image":""},{"id":"56091","employee_name":"vinodpojybyog47h5","employee_salary":"52888","employee_age":"371","profile_image":""},{"id":"56104","employee_name":"iKEV","employee_salary":"2841","employee_age":"44","profile_image":""},{"id":"56117","employee_name":"Raja","employee_salary":"300","employee_age":"21","profile_image":""},{"id":"56121","employee_name":"jwbQ","employee_salary":"6290","employee_age":"39","profile_image":""},{"id":"56152","employee_name":"BaaO","employee_salary":"6488","employee_age":"31","profile_image":""},{"id":"56229","employee_name":"Kate Kautzer-1572628878","employee_salary":"3387","employee_age":"26","profile_image":""},{"id":"56230","employee_name":"Sanjuanita Crist-1572628883","employee_salary":"1602","employee_age":"19","profile_image":""},{"id":"56231","employee_name":"alabamahost","employee_salary":"123","employee_age":"11","profile_image":""},{"id":"56260","employee_name":"samay 835fd9bc-f4ed-4861-b981-80660714bc31 ","employee_salary":"123","employee_age":"33","profile_image":""},{"id":"56291","employee_name":"Roosevelt Anderson-1572629070","employee_salary":"3134","employee_age":"35","profile_image":""},{"id":"56292","employee_name":"Sang Abshire-1572629075","employee_salary":"2516","employee_age":"36","profile_image":""},{"id":"56423","employee_name":"Diane Cartwright-1572629505","employee_salary":"1572","employee_age":"37","profile_image":""},{"id":"56426","employee_name":"Charley Bradtke-1572629510","employee_salary":"1962","employee_age":"30","profile_image":""},{"id":"56447","employee_name":"kingkhan","employee_salary":"100000","employee_age":"52","profile_image":""},{"id":"56575","employee_name":"Dr. Herman Crist-1572629986","employee_salary":"2768","employee_age":"33","profile_image":""},{"id":"56578","employee_name":"Elliott Abshire-1572629991","employee_salary":"2634","employee_age":"32","profile_image":""},{"id":"56635","employee_name":"Sidp","employee_salary":"7932","employee_age":"78","profile_image":""},{"id":"56657","employee_name":"Sidw","employee_salary":"52231","employee_age":"60","profile_image":""},{"id":"56688","employee_name":"Mr. Henry Prosacco-1572630345","employee_salary":"3120","employee_age":"25","profile_image":""},{"id":"56691","employee_name":"Miss Horacio Hintz-1572630350","employee_salary":"3073","employee_age":"32","profile_image":""},{"id":"57004","employee_name":"SidT","employee_salary":"27166","employee_age":"31","profile_image":""},{"id":"57047","employee_name":"SidM","employee_salary":"47824","employee_age":"89","profile_image":""},{"id":"57115","employee_name":"Leighann Nolan-1572631746","employee_salary":"2139","employee_age":"37","profile_image":""},{"id":"57118","employee_name":"Jarred Farrell-1572631753","employee_salary":"3191","employee_age":"19","profile_image":""},{"id":"57195","employee_name":"samay 77714a9c-260b-40ef-b165-d9a8dd3d7f0c ","employee_salary":"123","employee_age":"33","profile_image":""},{"id":"57196","employee_name":"SidD","employee_salary":"81199","employee_age":"28","profile_image":""},{"id":"57367","employee_name":"SidY","employee_salary":"65630","employee_age":"24","profile_image":""},{"id":"57377","employee_name":"SidF","employee_salary":"81142","employee_age":"4","profile_image":""},{"id":"57523","employee_name":"Tracy Quitzon IV-1572633060","employee_salary":"2650","employee_age":"21","profile_image":""},{"id":"57524","employee_name":"Muoi Pollich-1572633066","employee_salary":"2519","employee_age":"31","profile_image":""},{"id":"57810","employee_name":"Ad","employee_salary":"70000","employee_age":"56","profile_image":""},{"id":"57861","employee_name":"Testing-Venkat","employee_salary":"123","employee_age":"23","profile_image":""},{"id":"57886","employee_name":"vinodxxxjybyog47h5","employee_salary":"52888","employee_age":"371","profile_image":""},{"id":"57927","employee_name":"vinodxxx","employee_salary":"52888","employee_age":"371","profile_image":""},{"id":"58004","employee_name":"vino44dxxx","employee_salary":"52888","employee_age":"371","profile_image":""},{"id":"58014","employee_name":"Adityaaa","employee_salary":"778","employee_age":"266","profile_image":""},{"id":"58027","employee_name":"Lauretta Jakubowski II-1572634678","employee_salary":"2317","employee_age":"37","profile_image":""},{"id":"58028","employee_name":"Gale Kemmer DVM-1572634684","employee_salary":"3408","employee_age":"22","profile_image":""},{"id":"58048","employee_name":"Aass","employee_salary":"677","employee_age":"67","profile_image":""},{"id":"58103","employee_name":"as","employee_salary":"4566","employee_age":"45","profile_image":""},{"id":"58122","employee_name":"hfuf","employee_salary":"466777","employee_age":"46","profile_image":""},{"id":"58141","employee_name":"adr","employee_salary":"46677","employee_age":"35","profile_image":""},{"id":"58166","employee_name":"samay 198cc702-5e49-499c-a962-7122e4cf8f9b ","employee_salary":"123","employee_age":"33","profile_image":""},{"id":"58179","employee_name":"asd","employee_salary":"567","employee_age":"45","profile_image":""},{"id":"58201","employee_name":"Aritya","employee_salary":"467","employee_age":"56","profile_image":""},{"id":"58265","employee_name":"gdhcjf","employee_salary":"5677","employee_age":"456","profile_image":""},{"id":"58308","employee_name":"add","employee_salary":"56677","employee_age":"46","profile_image":""},{"id":"58369","employee_name":"fjvuv","employee_salary":"56788","employee_age":"456","profile_image":""},{"id":"58385","employee_name":"jjdoe","employee_salary":"123","employee_age":"23","profile_image":""},{"id":"58428","employee_name":"dghh","employee_salary":"577888","employee_age":"4666","profile_image":""},{"id":"58559","employee_name":"gsgdyd","employee_salary":"566666","employee_age":"45","profile_image":""},{"id":"58794","employee_name":"unique new york","employee_salary":"500000","employee_age":"38","profile_image":""},{"id":"58814","employee_name":"Joey Jo-Jo ShabaDONT","employee_salary":"500000","employee_age":"38","profile_image":""},{"id":"58943","employee_name":"test01","employee_salary":"123","employee_age":"23","profile_image":""},{"id":"59074","employee_name":"figi","employee_salary":"4677","employee_age":"455","profile_image":""},{"id":"59096","employee_name":"hfjff","employee_salary":"56777","employee_age":"355","profile_image":""},{"id":"59277","employee_name":"afitya","employee_salary":"68888","employee_age":"25","profile_image":""},{"id":"59293","employee_name":"samay 85aee576-950f-4559-b01c-463fd9435d45 ","employee_salary":"123","employee_age":"33","profile_image":""},{"id":"60280","employee_name":"QTNov0120192001","employee_salary":"12345","employee_age":"30","profile_image":""},{"id":"60293","employee_name":"Dorothy Murphy-1572638522","employee_salary":"1828","employee_age":"29","profile_image":""},{"id":"60297","employee_name":"Tiara Orn-1572638531","employee_salary":"2817","employee_age":"19","profile_image":""},{"id":"60314","employee_name":"samay 5af71056-4295-4c3f-b1a7-db350ef6d0bc ","employee_salary":"123","employee_age":"33","profile_image":""},{"id":"61083","employee_name":"test20191101","employee_salary":"123","employee_age":"23","profile_image":""},{"id":"61096","employee_name":"ramanxyz","employee_salary":"0","employee_age":"0","profile_image":""},{"id":"61097","employee_name":"rajeshcyz","employee_salary":"0","employee_age":"0","profile_image":""},{"id":"61098","employee_name":"shubhixyz","employee_salary":"0","employee_age":"0","profile_image":""},{"id":"61142","employee_name":"ramanxyza","employee_salary":"0","employee_age":"0","profile_image":""},{"id":"61145","employee_name":"rajeshcyza","employee_salary":"0","employee_age":"0","profile_image":""},{"id":"61147","employee_name":"shubhixyza","employee_salary":"0","employee_age":"0","profile_image":""},{"id":"61215","employee_name":"Edu test 22","employee_salary":"2233","employee_age":"33","profile_image":""},{"id":"61309","employee_name":"ramanxyzb","employee_salary":"0","employee_age":"0","profile_image":""},{"id":"61310","employee_name":"rajeshcyzb","employee_salary":"0","employee_age":"0","profile_image":""},{"id":"61311","employee_name":"shubhixyzb","employee_salary":"0","employee_age":"0","profile_image":""},{"id":"61415","employee_name":"ramanxyzc","employee_salary":"0","employee_age":"0","profile_image":""},{"id":"61417","employee_name":"rajeshcyzc","employee_salary":"0","employee_age":"0","profile_image":""},{"id":"61420","employee_name":"shubhixyzc","employee_salary":"0","employee_age":"0","profile_image":""},{"id":"61442","employee_name":"samay eefe7949-ed99-4270-99a5-65901a922a30 ","employee_salary":"123","employee_age":"33","profile_image":""},{"id":"61468","employee_name":"louay12","employee_salary":"123","employee_age":"23","profile_image":""},{"id":"61543","employee_name":"ramanxyzd","employee_salary":"200000","employee_age":"26","profile_image":""},{"id":"61544","employee_name":"rajeshcyzd","employee_salary":"864286","employee_age":"78","profile_image":""},{"id":"61545","employee_name":"shubhixyzd","employee_salary":"34364","employee_age":"33","profile_image":""},{"id":"62119","employee_name":"testSkonee","employee_salary":"123","employee_age":"22","profile_image":""},{"id":"62172","employee_name":"testSkonee2","employee_salary":"123","employee_age":"22","profile_image":""},{"id":"62654","employee_name":"samay b1887952-8a80-4e62-a0c5-7f1eacc46045 ","employee_salary":"123","employee_age":"33","profile_image":""},{"id":"63670","employee_name":"samay bc20de56-0857-4f5e-9185-447e57874089 ","employee_salary":"123","employee_age":"33","profile_image":""},{"id":"64649","employee_name":"QTNov0220190001","employee_salary":"12345","employee_age":"30","profile_image":""},{"id":"64666","employee_name":"samay 0a957eca-52c8-45a5-b4b0-a87dd2d4c990 ","employee_salary":"123","employee_age":"33","profile_image":""},{"id":"65340","employee_name":"mk","employee_salary":"999999","employee_age":"72","profile_image":""},{"id":"65877","employee_name":"samay b0589d21-4671-43c3-8ebd-69a1047e801a ","employee_salary":"123","employee_age":"33","profile_image":""},{"id":"66797","employee_name":"Prabha Miss1","employee_salary":"2500000","employee_age":"25","profile_image":""},{"id":"66798","employee_name":"Prabha Miss2","employee_salary":"2500000","employee_age":"25","profile_image":""},{"id":"66799","employee_name":"Prabha Miss","employee_salary":"2500000","employee_age":"25","profile_image":""},{"id":"66834","employee_name":"samay 014c2b8c-a104-4f65-85b4-ea0f687f578b ","employee_salary":"123","employee_age":"33","profile_image":""},{"id":"67419","employee_name":"sdsdsaad","employee_salary":"123","employee_age":"23","profile_image":""},{"id":"68004","employee_name":"samay a43beb2c-e63e-4482-a7f7-a3d397ecb44e ","employee_salary":"123","employee_age":"33","profile_image":""},{"id":"68168","employee_name":"sand","employee_salary":"123","employee_age":"23","profile_image":""},{"id":"68189","employee_name":"sss","employee_salary":"123","employee_age":"23","profile_image":""},{"id":"68297","employee_name":"0","employee_salary":"0","employee_age":"0","profile_image":""},{"id":"68301","employee_name":"0dee","employee_salary":"0","employee_age":"0","profile_image":""},{"id":"68315","employee_name":"deepak291988","employee_salary":"0","employee_age":"0","profile_image":""},{"id":"68482","employee_name":"mks","employee_salary":"1236474","employee_age":"23","profile_image":""},{"id":"69012","employee_name":"Sam","employee_salary":"1236474","employee_age":"28","profile_image":""},{"id":"69143","employee_name":"samay 77bfe4ee-aae2-46b5-9089-b5ea7ae1cd9b ","employee_salary":"123","employee_age":"33","profile_image":""},{"id":"69322","employee_name":"SidK","employee_salary":"79717","employee_age":"4","profile_image":""},{"id":"69501","employee_name":"Sami","employee_salary":"1236474","employee_age":"28","profile_image":""},{"id":"69567","employee_name":"SidJ","employee_salary":"176","employee_age":"6","profile_image":""},{"id":"69627","employee_name":"SidV","employee_salary":"56477","employee_age":"65","profile_image":""},{"id":"69655","employee_name":"SidO","employee_salary":"3519","employee_age":"75","profile_image":""},{"id":"69898","employee_name":"anand","employee_salary":"342","employee_age":"30","profile_image":""},{"id":"69986","employee_name":"prajyot","employee_salary":"342","employee_age":"28","profile_image":""},{"id":"70101","employee_name":"Irfan","employee_salary":"80000","employee_age":"30","profile_image":""},{"id":"70103","employee_name":"Swati","employee_salary":"1000","employee_age":"50","profile_image":""},{"id":"70175","employee_name":"Pratik Lohiya","employee_salary":"65","employee_age":"27","profile_image":""},{"id":"70227","employee_name":"samay 2a4e3144-35f0-4681-abc0-c53ef9163403 ","employee_salary":"123","employee_age":"33","profile_image":""},{"id":"70382","employee_name":"Ashutosh Tripathi","employee_salary":"1","employee_age":"25","profile_image":""},{"id":"70398","employee_name":"Ram Raje","employee_salary":"35000","employee_age":"30","profile_image":""},{"id":"70403","employee_name":"PramilaPL","employee_salary":"454915","employee_age":"27","profile_image":""},{"id":"70425","employee_name":"Priyanka Testing","employee_salary":"465100","employee_age":"26","profile_image":""},{"id":"70426","employee_name":"Sowmya V Shetty","employee_salary":"90000","employee_age":"39","profile_image":""},{"id":"70718","employee_name":"sai","employee_salary":"104000","employee_age":"28","profile_image":""},{"id":"70809","employee_name":"alok","employee_salary":"10000","employee_age":"30","profile_image":""},{"id":"70922","employee_name":"surya","employee_salary":"2000","employee_age":"24","profile_image":""},{"id":"70994","employee_name":"Nick","employee_salary":"50000","employee_age":"24","profile_image":""},{"id":"71062","employee_name":"JhonNick020123456789","employee_salary":"50000","employee_age":"24","profile_image":""},{"id":"71081","employee_name":"JhonNicksatya","employee_salary":"50000","employee_age":"24","profile_image":""},{"id":"71137","employee_name":"JhonNicksatya1","employee_salary":"50000","employee_age":"24","profile_image":""},{"id":"71232","employee_name":"asv","employee_salary":"3000","employee_age":"34","profile_image":""},{"id":"71412","employee_name":"samay 2dc79d07-b068-4aff-a35f-86cb67c986d1 ","employee_salary":"123","employee_age":"33","profile_image":""},{"id":"71441","employee_name":"Swatee Gujar","employee_salary":"70000","employee_age":"2456","profile_image":""},{"id":"71473","employee_name":"API Automation","employee_salary":"7777777","employee_age":"77","profile_image":""},{"id":"71477","employee_name":"Jaywant Ingle","employee_salary":"497205","employee_age":"27","profile_image":""},{"id":"71481","employee_name":"Ayasha","employee_salary":"240000","employee_age":"29","profile_image":""},{"id":"71485","employee_name":"Pratik Dinesh Lohiya","employee_salary":"900000","employee_age":"26","profile_image":""},{"id":"71489","employee_name":"AsmithABC","employee_salary":"27000","employee_age":"20","profile_image":""},{"id":"71490","employee_name":"Anand Bhayre4","employee_salary":"65988675","employee_age":"32","profile_image":""},{"id":"71523","employee_name":"Salman Khan","employee_salary":"3244353","employee_age":"56","profile_image":""},{"id":"71577","employee_name":"Pramila L","employee_salary":"855666","employee_age":"26","profile_image":""},{"id":"71588","employee_name":"Puwan2","employee_salary":"123","employee_age":"23","profile_image":""},{"id":"71592","employee_name":"Pramila L1","employee_salary":"855666","employee_age":"26","profile_image":""},{"id":"71593","employee_name":"Anand Bhayre5","employee_salary":"65988675","employee_age":"32","profile_image":""},{"id":"71594","employee_name":"Pratik Din Lohiya","employee_salary":"900000","employee_age":"26","profile_image":""},{"id":"71607","employee_name":"Arti","employee_salary":"3244353","employee_age":"2456","profile_image":""},{"id":"71612","employee_name":"Sowmya","employee_salary":"99999","employee_age":"39","profile_image":""},{"id":"71616","employee_name":"Mahi","employee_salary":"240000","employee_age":"29","profile_image":""},{"id":"71617","employee_name":"API AutomationNew","employee_salary":"7777777","employee_age":"77","profile_image":""},{"id":"71621","employee_name":"Ganesh Chahyal","employee_salary":"40000","employee_age":"287","profile_image":""},{"id":"71641","employee_name":"Khan","employee_salary":"3244353","employee_age":"56","profile_image":""},{"id":"71645","employee_name":"Jaywant","employee_salary":"497205","employee_age":"27","profile_image":""},{"id":"71652","employee_name":"Swatee Gujar ugu","employee_salary":"70080","employee_age":"2456","profile_image":""},{"id":"71699","employee_name":"Text","employee_salary":"3244353","employee_age":"56","profile_image":""},{"id":"71708","employee_name":"Pramila L2","employee_salary":"855666","employee_age":"26","profile_image":""},{"id":"71730","employee_name":"Te","employee_salary":"3244353","employee_age":"56","profile_image":""},{"id":"71749","employee_name":"T","employee_salary":"3244353","employee_age":"56","profile_image":""},{"id":"72170","employee_name":"Hoang 637082738699267622","employee_salary":"1000","employee_age":"28","profile_image":""},{"id":"72289","employee_name":"DEF123","employee_salary":"4000","employee_age":"35","profile_image":""},{"id":"72290","employee_name":"GHI123","employee_salary":"5000","employee_age":"25","profile_image":""},{"id":"72291","employee_name":"JKL123","employee_salary":"6000","employee_age":"45","profile_image":""},{"id":"72300","employee_name":"umer007123","employee_salary":"500007","employee_age":"207","profile_image":""},{"id":"72575","employee_name":"samay 6caad167-7cf0-4af3-9603-3172b97b5451 ","employee_salary":"123","employee_age":"33","profile_image":""},{"id":"73129","employee_name":"testClyde","employee_salary":"500000","employee_age":"20","profile_image":""},{"id":"73386","employee_name":"div","employee_salary":"2000","employee_age":"52","profile_image":""},{"id":"73387","employee_name":"sim","employee_salary":"2050","employee_age":"52","profile_image":""},{"id":"73391","employee_name":"miv","employee_salary":"23000","employee_age":"552","profile_image":""},{"id":"73400","employee_name":"Ganesg","employee_salary":"40000","employee_age":"28","profile_image":""},{"id":"73406","employee_name":"vino8884dxxx","employee_salary":"52888","employee_age":"371","profile_image":""},{"id":"73581","employee_name":"samay c9a10ffb-de89-4249-986d-ff02b4eaba71 ","employee_salary":"123","employee_age":"33","profile_image":""},{"id":"73670","employee_name":"gopi","employee_salary":"800000","employee_age":"67","profile_image":""},{"id":"74039","employee_name":"Leyonal","employee_salary":"35000","employee_age":"25","profile_image":""},{"id":"74083","employee_name":"test11","employee_salary":"123","employee_age":"23","profile_image":""},{"id":"74364","employee_name":"JhonNicksatya122","employee_salary":"12000","employee_age":"23","profile_image":""},{"id":"74482","employee_name":"JhonNicksatya12","employee_salary":"12000","employee_age":"23","profile_image":""},{"id":"74708","employee_name":"samay 5d36ea9f-7eee-40ae-9eed-035fe3a34725 ","employee_salary":"123","employee_age":"33","profile_image":""},{"id":"75767","employee_name":"samay b61ea6f2-e208-4f7b-ad62-5fccb70e3bfa ","employee_salary":"123","employee_age":"33","profile_image":""},{"id":"76498","employee_name":"CRUD","employee_salary":"123","employee_age":"23","profile_image":""},{"id":"76594","employee_name":"test123","employee_salary":"123","employee_age":"23","profile_image":""},{"id":"76767","employee_name":"testq1","employee_salary":"123","employee_age":"23","profile_image":""},{"id":"76910","employee_name":"samay 50b87b70-29de-4bb3-b1af-b3cb83d39597 ","employee_salary":"123","employee_age":"33","profile_image":""},{"id":"77009","employee_name":"poiuy","employee_salary":"26000","employee_age":"29","profile_image":""},{"id":"77064","employee_name":"poiuyt","employee_salary":"28000","employee_age":"29","profile_image":""},{"id":"77077","employee_name":"Ajay","employee_salary":"123","employee_age":"23","profile_image":""},{"id":"77107","employee_name":"Arun","employee_salary":"123","employee_age":"23","profile_image":""},{"id":"77337","employee_name":"lkjh","employee_salary":"25000","employee_age":"64","profile_image":""},{"id":"77754","employee_name":"Arsh","employee_salary":"1800","employee_age":"30","profile_image":""},{"id":"77821","employee_name":"AFfan","employee_salary":"185","employee_age":"30","profile_image":""},{"id":"77888","employee_name":"minu","employee_salary":"20000","employee_age":"20","profile_image":""},{"id":"77921","employee_name":"kanishka","employee_salary":"20000","employee_age":"12000","profile_image":""},{"id":"77952","employee_name":"Robert bosch","employee_salary":"12000","employee_age":"36","profile_image":""},{"id":"77986","employee_name":"zeek","employee_salary":"1085","employee_age":"30","profile_image":""},{"id":"77999","employee_name":"samay 784fcd82-959d-4b7d-bfb9-eb66a421f7b7 ","employee_salary":"123","employee_age":"33","profile_image":""},{"id":"78000","employee_name":"Robert Bosch west","employee_salary":"26000","employee_age":"26","profile_image":""},{"id":"78181","employee_name":"Janu76","employee_salary":"240000","employee_age":"29","profile_image":""},{"id":"78356","employee_name":"Aruns","employee_salary":"123","employee_age":"23","profile_image":""},{"id":"78409","employee_name":"yashdemo","employee_salary":"123","employee_age":"23","profile_image":""},{"id":"78841","employee_name":"test2","employee_salary":"123","employee_age":"23","profile_image":""},{"id":"78941","employee_name":"pintoooo","employee_salary":"12000","employee_age":"36","profile_image":""},{"id":"78982","employee_name":"pintooooooooooo","employee_salary":"23000","employee_age":"12","profile_image":""},{"id":"79023","employee_name":"Sidh","employee_salary":"65088","employee_age":"43","profile_image":""},{"id":"79156","employee_name":"samay bb5e60e8-2c94-48b5-b9c1-254ecf65a653 ","employee_salary":"123","employee_age":"33","profile_image":""},{"id":"79237","employee_name":"DelelteEmployee","employee_salary":"123","employee_age":"23","profile_image":""},{"id":"79463","employee_name":"{{session}}","employee_salary":"123","employee_age":"23","profile_image":""},{"id":"79476","employee_name":"$$$$$hello","employee_salary":"123645","employee_age":"12","profile_image":""},{"id":"79486","employee_name":"delemp","employee_salary":"123645","employee_age":"12","profile_image":""},{"id":"79505","employee_name":"7cdd658015eb69e0fcb6f29342a00e1f","employee_salary":"123","employee_age":"23","profile_image":""},{"id":"79543","employee_name":"####emp","employee_salary":"72314","employee_age":"123645","profile_image":""},{"id":"79580","employee_name":"@@@emp","employee_salary":"123645","employee_age":"12","profile_image":""},{"id":"79584","employee_name":"fname4849","employee_salary":"123","employee_age":"23","profile_image":""},{"id":"79588","employee_name":"fname174","employee_salary":"123","employee_age":"23","profile_image":""},{"id":"79589","employee_name":"fname7231","employee_salary":"123","employee_age":"23","profile_image":""},{"id":"79611","employee_name":"853","employee_salary":"123","employee_age":"23","profile_image":""},{"id":"79621","employee_name":"test396","employee_salary":"123","employee_age":"23","profile_image":""},{"id":"79625","employee_name":"test429","employee_salary":"123","employee_age":"23","profile_image":""},{"id":"79653","employee_name":"test337","employee_salary":"123","employee_age":"23","profile_image":""},{"id":"79690","employee_name":"test437","employee_salary":"123","employee_age":"23","profile_image":""},{"id":"79775","employee_name":"&&&emp","employee_salary":"1000","employee_age":"26","profile_image":""},{"id":"79779","employee_name":"test397","employee_salary":"123","employee_age":"23","profile_image":""},{"id":"79839","employee_name":"test557","employee_salary":"123","employee_age":"23","profile_image":""},{"id":"79847","employee_name":"___test","employee_salary":"2365","employee_age":"123","profile_image":""},{"id":"79860","employee_name":"(test)","employee_salary":"23000","employee_age":"23","profile_image":""},{"id":"79867","employee_name":"test110","employee_salary":"698","employee_age":"23","profile_image":""},{"id":"79993","employee_name":"test697","employee_salary":"239","employee_age":"23","profile_image":""},{"id":"80029","employee_name":"+-----smitha","employee_salary":"30000","employee_age":"12","profile_image":""},{"id":"80215","employee_name":"samay 8d2a934d-8f51-422c-9330-fd54ae9cf5cf ","employee_salary":"123","employee_age":"33","profile_image":""},{"id":"80531","employee_name":"testingbay","employee_salary":"123456","employee_age":"23","profile_image":""},{"id":"80556","employee_name":"JohnTME","employee_salary":"42094","employee_age":"33","profile_image":""},{"id":"80596","employee_name":"test28","employee_salary":"783","employee_age":"23","profile_image":""},{"id":"80621","employee_name":"JohnEak","employee_salary":"18519","employee_age":"99","profile_image":""},{"id":"80631","employee_name":"JohnbLT","employee_salary":"15076","employee_age":"24","profile_image":""},{"id":"80668","employee_name":"Johnxvy","employee_salary":"27305","employee_age":"64","profile_image":""},{"id":"80687","employee_name":"JohnDQZ","employee_salary":"64637","employee_age":"20","profile_image":""},{"id":"80784","employee_name":"test595","employee_salary":"834","employee_age":"23","profile_image":""},{"id":"80923","employee_name":"jocky","employee_salary":"10000","employee_age":"200","profile_image":""},{"id":"80929","employee_name":"jocky1","employee_salary":"10000","employee_age":"1000","profile_image":""},{"id":"80945","employee_name":"Puwan","employee_salary":"123","employee_age":"23","profile_image":""},{"id":"80986","employee_name":"jocky12","employee_salary":"10000","employee_age":"25","profile_image":""},{"id":"81138","employee_name":"Muhammad","employee_salary":"123","employee_age":"23","profile_image":""},{"id":"81259","employee_name":"JohnnIT","employee_salary":"20951","employee_age":"1","profile_image":""},{"id":"81346","employee_name":"samay f4cc3ebf-75f4-4076-835f-84606b6098b1 ","employee_salary":"123","employee_age":"33","profile_image":""},{"id":"81359","employee_name":"JohniHR","employee_salary":"49592","employee_age":"42","profile_image":""},{"id":"81369","employee_name":"JohnZAm","employee_salary":"71733","employee_age":"89","profile_image":""},{"id":"81382","employee_name":"JohnEue","employee_salary":"24692","employee_age":"70","profile_image":""},{"id":"81395","employee_name":"JohnWTA","employee_salary":"88058","employee_age":"8","profile_image":""},{"id":"81408","employee_name":"JohnrSL","employee_salary":"66608","employee_age":"42","profile_image":""},{"id":"81425","employee_name":"JohnwRw","employee_salary":"64169","employee_age":"84","profile_image":""},{"id":"81432","employee_name":"JohnYVl","employee_salary":"72947","employee_age":"50","profile_image":""},{"id":"81442","employee_name":"JohnJUT","employee_salary":"97107","employee_age":"5","profile_image":""},{"id":"81483","employee_name":"JohnwzW","employee_salary":"3791","employee_age":"16","profile_image":""},{"id":"81968","employee_name":"Obukhivska_Yuliia","employee_salary":"10000","employee_age":"25","profile_image":""},{"id":"82034","employee_name":"Eliz Mertz-1572712855","employee_salary":"2249","employee_age":"37","profile_image":""},{"id":"82035","employee_name":"Joellen Shields-1572712861","employee_salary":"1910","employee_age":"25","profile_image":""},{"id":"82053","employee_name":"sunni","employee_salary":"123","employee_age":"23","profile_image":""},{"id":"82101","employee_name":"Mrs. Angelina Senger-1572713065","employee_salary":"3187","employee_age":"23","profile_image":""},{"id":"82105","employee_name":"Luz Ondricka-1572713070","employee_salary":"2028","employee_age":"37","profile_image":""},{"id":"82137","employee_name":"CCRUD","employee_salary":"123","employee_age":"23","profile_image":""},{"id":"82151","employee_name":"Glen Schinner-1572713199","employee_salary":"2028","employee_age":"26","profile_image":""},{"id":"82152","employee_name":"Lucie Deckow DDS-1572713204","employee_salary":"2610","employee_age":"39","profile_image":""},{"id":"82180","employee_name":"raji","employee_salary":"123","employee_age":"23","profile_image":""},{"id":"82206","employee_name":"1CRUD","employee_salary":"123","employee_age":"23","profile_image":""},{"id":"82237","employee_name":"Mrs. Trey Murazik-1572713460","employee_salary":"2044","employee_age":"38","profile_image":""},{"id":"82238","employee_name":"Clifford Smith-1572713465","employee_salary":"1738","employee_age":"25","profile_image":""},{"id":"82265","employee_name":"2CRUD","employee_salary":"123","employee_age":"23","profile_image":""},{"id":"82299","employee_name":"3CRUD","employee_salary":"123","employee_age":"23","profile_image":""},{"id":"82321","employee_name":"4CRUD","employee_salary":"123","employee_age":"23","profile_image":""},{"id":"82347","employee_name":"bently","employee_salary":"200000","employee_age":"23","profile_image":""},{"id":"82544","employee_name":"arunss","employee_salary":"0","employee_age":"0","profile_image":""},{"id":"82575","employee_name":"arunss111","employee_salary":"0","employee_age":"0","profile_image":""},{"id":"82582","employee_name":"aruns;s111","employee_salary":"0","employee_age":"0","profile_image":""},{"id":"82631","employee_name":"testyy","employee_salary":"123","employee_age":"23","profile_image":""},{"id":"82644","employee_name":"Virender","employee_salary":"1111","employee_age":"100","profile_image":""},{"id":"82661","employee_name":"samay 7dd8af70-a2e7-46d5-927d-faa3affbaaa6 ","employee_salary":"123","employee_age":"33","profile_image":""},{"id":"82672","employee_name":"Virenders","employee_salary":"1111","employee_age":"100","profile_image":""},{"id":"82686","employee_name":"Virenderss","employee_salary":"1111","employee_age":"100","profile_image":""},{"id":"82716","employee_name":"Hoang 637083080728908978","employee_salary":"1000","employee_age":"28","profile_image":""},{"id":"82729","employee_name":"Virendersss","employee_salary":"1111","employee_age":"100","profile_image":""},{"id":"82733","employee_name":"Virenderssss","employee_salary":"1111","employee_age":"100","profile_image":""},{"id":"82838","employee_name":"{var}","employee_salary":"123","employee_age":"23","profile_image":""},{"id":"82860","employee_name":"test234","employee_salary":"123","employee_age":"23","profile_image":""},{"id":"82970","employee_name":"Virendersssss","employee_salary":"1111","employee_age":"100","profile_image":""},{"id":"83098","employee_name":"cherry","employee_salary":"123","employee_age":"23","profile_image":""},{"id":"83101","employee_name":"ravi","employee_salary":"123","employee_age":"23","profile_image":""},{"id":"83130","employee_name":"Virenderssssss","employee_salary":"1111","employee_age":"100","profile_image":""},{"id":"83245","employee_name":"testtop","employee_salary":"14123","employee_age":"23","profile_image":""},{"id":"83297","employee_name":"shankar","employee_salary":"123","employee_age":"23","profile_image":""},{"id":"83304","employee_name":"Virendersssssss","employee_salary":"1111","employee_age":"100","profile_image":""},{"id":"83315","employee_name":"suguna","employee_salary":"123","employee_age":"23","profile_image":""},{"id":"83354","employee_name":"surekha","employee_salary":"123","employee_age":"23","profile_image":""},{"id":"83367","employee_name":"vani","employee_salary":"123","employee_age":"23","profile_image":""},{"id":"83430","employee_name":"valli","employee_salary":"123","employee_age":"23","profile_image":""},{"id":"83434","employee_name":"","employee_salary":"120","employee_age":"0","profile_image":""},{"id":"83454","employee_name":"sadhi","employee_salary":"123","employee_age":"23","profile_image":""},{"id":"83476","employee_name":"Virenderssssssss","employee_salary":"1111","employee_age":"100","profile_image":""},{"id":"83490","employee_name":"Virendersssssssss","employee_salary":"1111","employee_age":"100","profile_image":""},{"id":"83562","employee_name":"Virenderssssssssss","employee_salary":"1111","employee_age":"100","profile_image":""},{"id":"83626","employee_name":"Virendersssssssssss","employee_salary":"1111","employee_age":"100","profile_image":""},{"id":"83645","employee_name":"Virenderssssssssssss","employee_salary":"1111","employee_age":"100","profile_image":""},{"id":"83649","employee_name":"Viresnderssssssssssss","employee_salary":"1111","employee_age":"100","profile_image":""},{"id":"83683","employee_name":"Viresndersssssssssssss","employee_salary":"1111","employee_age":"100","profile_image":""},{"id":"83697","employee_name":"Viresnderssssssssssssss","employee_salary":"1111","employee_age":"100","profile_image":""},{"id":"83708","employee_name":"Viresndersssssssssssssss","employee_salary":"1111","employee_age":"100","profile_image":""},{"id":"83712","employee_name":"saurabhi","employee_salary":"123","employee_age":"23","profile_image":""},{"id":"83728","employee_name":"Nikolay","employee_salary":"500","employee_age":"22","profile_image":""},{"id":"83729","employee_name":"Viresnderssssssssssssssss","employee_salary":"1111","employee_age":"100","profile_image":""},{"id":"83736","employee_name":"Viresndersssssssssssssssss","employee_salary":"1111","employee_age":"100","profile_image":""},{"id":"83744","employee_name":"Viressndersssssssssssssssss","employee_salary":"1111","employee_age":"100","profile_image":""},{"id":"83764","employee_name":"Viressnderssssssssssssssssss","employee_salary":"1111","employee_age":"100","profile_image":""},{"id":"83768","employee_name":"samay 7d3771d8-9432-41af-9dbe-d31aefadc4c8 ","employee_salary":"123","employee_age":"33","profile_image":""},{"id":"83809","employee_name":"WRwqI3uU75","employee_salary":"2107","employee_age":"32","profile_image":""},{"id":"83919","employee_name":"vViressnderssssssssssssssssss","employee_salary":"1111","employee_age":"100","profile_image":""},{"id":"84016","employee_name":"rp4xlx504o","employee_salary":"59036","employee_age":"1","profile_image":""},{"id":"84077","employee_name":"gZHV1E7oTr","employee_salary":"19529","employee_age":"18","profile_image":""},{"id":"84096","employee_name":"CRUD5","employee_salary":"123","employee_age":"23","profile_image":""},{"id":"84112","employee_name":"jLkXziEgD4","employee_salary":"87168","employee_age":"96","profile_image":""},{"id":"84165","employee_name":"UpdateCRUD","employee_salary":"585000","employee_age":"23","profile_image":""},{"id":"84283","employee_name":"UpdatCRUD","employee_salary":"585000","employee_age":"23","profile_image":""},{"id":"84311","employee_name":"EUpdate","employee_salary":"585000","employee_age":"23","profile_image":""},{"id":"84330","employee_name":"EeUpdate","employee_salary":"123","employee_age":"23","profile_image":""},{"id":"84355","employee_name":"EmUpdate","employee_salary":"585000","employee_age":"23","profile_image":""},{"id":"84378","employee_name":"EmpUpdate","employee_salary":"585000","employee_age":"23","profile_image":""},{"id":"84396","employee_name":"EmppUpdate","employee_salary":"123","employee_age":"23","profile_image":""},{"id":"84559","employee_name":"johnson","employee_salary":"1234564789","employee_age":"23","profile_image":""},{"id":"84641","employee_name":"johnson1","employee_salary":"1234564789","employee_age":"23","profile_image":""},{"id":"84690","employee_name":"Sjnd","employee_salary":"70000","employee_age":"40","profile_image":""},{"id":"84703","employee_name":"Sjndd","employee_salary":"70000","employee_age":"40","profile_image":""},{"id":"84716","employee_name":"samay 2b059ba2-a9e6-4dc9-a9fe-7ee620cd8b91 ","employee_salary":"123","employee_age":"33","profile_image":""},{"id":"84970","employee_name":"asd1","employee_salary":"10000","employee_age":"25","profile_image":""},{"id":"84971","employee_name":"asd2","employee_salary":"15000","employee_age":"27","profile_image":""},{"id":"84972","employee_name":"asd3","employee_salary":"17000","employee_age":"26","profile_image":""},{"id":"85028","employee_name":"abcxyz","employee_salary":"64321","employee_age":"30","profile_image":""},{"id":"85110","employee_name":"johnson12","employee_salary":"1234564789","employee_age":"23","profile_image":""},{"id":"85200","employee_name":"Nikolay1_1","employee_salary":"550","employee_age":"22","profile_image":""},{"id":"85208","employee_name":"johnson3","employee_salary":"123","employee_age":"23","profile_image":""},{"id":"85425","employee_name":"Brijesh","employee_salary":"30000","employee_age":"30","profile_image":""},{"id":"85426","employee_name":"Lakshmi","employee_salary":"40000","employee_age":"40","profile_image":""},{"id":"85469","employee_name":"abc01","employee_salary":"0","employee_age":"0","profile_image":""},{"id":"85470","employee_name":"abc02","employee_salary":"0","employee_age":"0","profile_image":""},{"id":"85471","employee_name":"abc03","employee_salary":"0","employee_age":"0","profile_image":""},{"id":"85472","employee_name":"abc04","employee_salary":"0","employee_age":"0","profile_image":""},{"id":"85474","employee_name":"abc05","employee_salary":"0","employee_age":"0","profile_image":""},{"id":"85480","employee_name":"DDD","employee_salary":"20000","employee_age":"20","profile_image":""},{"id":"85481","employee_name":"EEE","employee_salary":"30000","employee_age":"30","profile_image":""},{"id":"85484","employee_name":"FFF","employee_salary":"40000","employee_age":"40","profile_image":""},{"id":"85652","employee_name":"arusasns;s111","employee_salary":"0","employee_age":"0","profile_image":""},{"id":"85662","employee_name":"arusasssns;s111","employee_salary":"0","employee_age":"0","profile_image":""},{"id":"85696","employee_name":"ERS","employee_salary":"20000","employee_age":"20","profile_image":""},{"id":"85697","employee_name":"RTS","employee_salary":"30000","employee_age":"30","profile_image":""},{"id":"85698","employee_name":"FDS","employee_salary":"40000","employee_age":"40","profile_image":""},{"id":"85705","employee_name":"arusassssns;s111","employee_salary":"0","employee_age":"0","profile_image":""},{"id":"85808","employee_name":"EDC","employee_salary":"20000","employee_age":"20","profile_image":""},{"id":"85809","employee_name":"20000","employee_salary":"20","employee_age":"0","profile_image":""},{"id":"85810","employee_name":"20","employee_salary":"0","employee_age":"30000","profile_image":""},{"id":"85811","employee_name":"SDS","employee_salary":"30000","employee_age":"30","profile_image":""},{"id":"85815","employee_name":"30000","employee_salary":"30","employee_age":"0","profile_image":""},{"id":"85816","employee_name":"30","employee_salary":"0","employee_age":"40000","profile_image":""},{"id":"85817","employee_name":"DSC","employee_salary":"40000","employee_age":"40","profile_image":""},{"id":"85818","employee_name":"40000","employee_salary":"40","employee_age":"0","profile_image":""},{"id":"85846","employee_name":"AS1","employee_salary":"20000","employee_age":"20","profile_image":""},{"id":"85847","employee_name":"AS2","employee_salary":"30000","employee_age":"30","profile_image":""},{"id":"85848","employee_name":"AS3","employee_salary":"40000","employee_age":"40","profile_image":""},{"id":"85849","employee_name":"AS4","employee_salary":"0","employee_age":"0","profile_image":""},{"id":"85865","employee_name":"Iryna Shurda","employee_salary":"9000","employee_age":"29","profile_image":""},{"id":"85896","employee_name":"djfilejireiih","employee_salary":"123","employee_age":"23","profile_image":""},{"id":"85930","employee_name":"djfilejireiihss","employee_salary":"123","employee_age":"23","profile_image":""},{"id":"85957","employee_name":"djfilejirecciihss","employee_salary":"123","employee_age":"23","profile_image":""},{"id":"85982","employee_name":"djfilddejirecciihss","employee_salary":"123","employee_age":"23","profile_image":""},{"id":"86006","employee_name":"AS5","employee_salary":"20000","employee_age":"20","profile_image":""},{"id":"86007","employee_name":"AS6","employee_salary":"30000","employee_age":"30","profile_image":""},{"id":"86008","employee_name":"AS7","employee_salary":"40000","employee_age":"40","profile_image":""},{"id":"86044","employee_name":"AS9","employee_salary":"20000","employee_age":"20","profile_image":""},{"id":"86045","employee_name":"AS10","employee_salary":"30000","employee_age":"30","profile_image":""},{"id":"86046","employee_name":"AS11","employee_salary":"40000","employee_age":"40","profile_image":""},{"id":"86047","employee_name":"AS12","employee_salary":"0","employee_age":"0","profile_image":""},{"id":"86088","employee_name":"[object HTMLInputElement]","employee_salary":"123","employee_age":"23","profile_image":""},{"id":"86221","employee_name":"samay f5e96907-2f76-4f3f-94d6-0be1ce71c90f ","employee_salary":"123","employee_age":"33","profile_image":""},{"id":"86225","employee_name":"5445fddf5f","employee_salary":"123","employee_age":"23","profile_image":""},{"id":"86293","employee_name":"4444","employee_salary":"123","employee_age":"23","profile_image":""},{"id":"86297","employee_name":"5555","employee_salary":"123","employee_age":"23","profile_image":""},{"id":"86310","employee_name":"5.5555555555556E+23","employee_salary":"123","employee_age":"23","profile_image":""},{"id":"86357","employee_name":"4444555555555555555","employee_salary":"123","employee_age":"23","profile_image":""},{"id":"86364","employee_name":"5555533","employee_salary":"123","employee_age":"23","profile_image":""},{"id":"86510","employee_name":"33322","employee_salary":"123","employee_age":"23","profile_image":""},{"id":"87139","employee_name":"samay 0d384cd3-4b6c-41d3-86a8-a01969c8d25e ","employee_salary":"123","employee_age":"33","profile_image":""},{"id":"87299","employee_name":"Yuliia Turovska","employee_salary":"3000","employee_age":"25","profile_image":""},{"id":"87318","employee_name":"Jose Baptist","employee_salary":"50000","employee_age":"23","profile_image":""},{"id":"87524","employee_name":"Employee","employee_salary":"1234","employee_age":"23","profile_image":""},{"id":"88144","employee_name":"samay f2fd0078-3f7d-46e0-8788-d94cb4c8e6b7 ","employee_salary":"123","employee_age":"33","profile_image":""},{"id":"88149","employee_name":"391bd730-4e4c-4c97-a953-34252435243","employee_salary":"55000","employee_age":"28","profile_image":""},{"id":"88468","employee_name":"NNN","employee_salary":"25000","employee_age":"20","profile_image":""},{"id":"88492","employee_name":"MNNN","employee_salary":"25000","employee_age":"20","profile_image":""},{"id":"88554","employee_name":"MMNNN","employee_salary":"25000","employee_age":"20","profile_image":""},{"id":"89302","employee_name":"samay 9c573198-7863-4264-8c19-1b368961ed6f ","employee_salary":"123","employee_age":"33","profile_image":""},{"id":"90127","employee_name":"AS14","employee_salary":"20000","employee_age":"20","profile_image":""},{"id":"90128","employee_name":"AS15","employee_salary":"30000","employee_age":"30","profile_image":""},{"id":"90129","employee_name":"AS16","employee_salary":"40000","employee_age":"40","profile_image":""},{"id":"90130","employee_name":"AS17","employee_salary":"0","employee_age":"0","profile_image":""},{"id":"90137","employee_name":"Josef","employee_salary":"3000","employee_age":"40","profile_image":""},{"id":"90168","employee_name":"AS20","employee_salary":"20000","employee_age":"20","profile_image":""},{"id":"90169","employee_name":"AS21","employee_salary":"30000","employee_age":"30","profile_image":""},{"id":"90170","employee_name":"AS22","employee_salary":"40000","employee_age":"40","profile_image":""},{"id":"90174","employee_name":"AS23","employee_salary":"0","employee_age":"0","profile_image":""},{"id":"90175","employee_name":"AS24","employee_salary":"40000","employee_age":"40","profile_image":""},{"id":"90176","employee_name":"AS25","employee_salary":"40000","employee_age":"40","profile_image":""},{"id":"90177","employee_name":"AS26","employee_salary":"40000","employee_age":"40","profile_image":""},{"id":"90178","employee_name":"AS27","employee_salary":"40000","employee_age":"40","profile_image":""},{"id":"90179","employee_name":"AS28","employee_salary":"40000","employee_age":"40","profile_image":""},{"id":"90183","employee_name":"AS29","employee_salary":"40000","employee_age":"40","profile_image":""},{"id":"90184","employee_name":"AS30","employee_salary":"40000","employee_age":"40","profile_image":""},{"id":"90185","employee_name":"AS31","employee_salary":"40000","employee_age":"40","profile_image":""},{"id":"90186","employee_name":"AS32","employee_salary":"40000","employee_age":"0","profile_image":""},{"id":"90187","employee_name":"AS33","employee_salary":"0","employee_age":"40","profile_image":""},{"id":"90430","employee_name":"Franz","employee_salary":"8000","employee_age":"40","profile_image":""},{"id":"90458","employee_name":"samay 85784133-343b-41d2-b99b-f434a07791d1 ","employee_salary":"123","employee_age":"33","profile_image":""},{"id":"90627","employee_name":"Jayram","employee_salary":"4444","employee_age":"26","profile_image":""},{"id":"91134","employee_name":"JOHNXYZ1251","employee_salary":"40000","employee_age":"30","profile_image":""},{"id":"91135","employee_name":"JOHNXYZ1262","employee_salary":"70000","employee_age":"40","profile_image":""},{"id":"91137","employee_name":"JOHNXYZ1273","employee_salary":"80000","employee_age":"35","profile_image":""},{"id":"91141","employee_name":"JOHNXYZ1295","employee_salary":"740000","employee_age":"50","profile_image":""},{"id":"91274","employee_name":"Tanya Tretiak","employee_salary":"20000","employee_age":"36","profile_image":""},{"id":"91516","employee_name":"samay 11d3b8d0-c1e5-42a5-a779-e27eb42b8759 ","employee_salary":"123","employee_age":"33","profile_image":""},{"id":"91949","employee_name":"Ganga","employee_salary":"900","employee_age":"40","profile_image":""},{"id":"92623","employee_name":"samay 16112fcf-45ad-4186-920a-bcb0c9827091 ","employee_salary":"123","employee_age":"33","profile_image":""},{"id":"93605","employee_name":"samay dc82ed4b-7b88-4dbf-92c6-99353b993c5e ","employee_salary":"123","employee_age":"33","profile_image":""},{"id":"93782","employee_name":"Godavari","employee_salary":"100","employee_age":"40","profile_image":""},{"id":"94800","employee_name":"samay 473c53a4-04d6-43e4-9c6d-6eecbae99c1b ","employee_salary":"123","employee_age":"33","profile_image":""},{"id":"95712","employee_name":"emray123","employee_salary":"123","employee_age":"23","profile_image":""},{"id":"95902","employee_name":"Jason","employee_salary":"10000","employee_age":"35","profile_image":""},{"id":"95948","employee_name":"samay 02552121-ca15-4c7b-aa00-49ca72fb2edc ","employee_salary":"123","employee_age":"33","profile_image":""},{"id":"96066","employee_name":"fadil123","employee_salary":"123","employee_age":"23","profile_image":""},{"id":"96446","employee_name":"SidN","employee_salary":"77444","employee_age":"97","profile_image":""},{"id":"96642","employee_name":"Sid7","employee_salary":"63112","employee_age":"62","profile_image":""},{"id":"96795","employee_name":"sourya","employee_salary":"123","employee_age":"23","profile_image":""},{"id":"96908","employee_name":"suganya","employee_salary":"123","employee_age":"23","profile_image":""},{"id":"97011","employee_name":"sangi","employee_salary":"123","employee_age":"23","profile_image":""},{"id":"97163","employee_name":"manoj","employee_salary":"40000","employee_age":"50","profile_image":""},{"id":"97217","employee_name":"sarasa","employee_salary":"123","employee_age":"23","profile_image":""},{"id":"97249","employee_name":"kavi","employee_salary":"123","employee_age":"23","profile_image":""},{"id":"97271","employee_name":"kavini","employee_salary":"123","employee_age":"23","profile_image":""},{"id":"97284","employee_name":"SidI","employee_salary":"1928","employee_age":"23","profile_image":""},{"id":"97291","employee_name":"kavinisi","employee_salary":"123","employee_age":"23","profile_image":""},{"id":"97310","employee_name":"karuna","employee_salary":"123","employee_age":"23","profile_image":""},{"id":"97331","employee_name":"saravana","employee_salary":"123","employee_age":"23","profile_image":""},{"id":"97360","employee_name":"saravan","employee_salary":"123","employee_age":"23","profile_image":""},{"id":"97542","employee_name":"summit","employee_salary":"123","employee_age":"23","profile_image":""},{"id":"97664","employee_name":"kalyani","employee_salary":"123","employee_age":"23","profile_image":""},{"id":"98566","employee_name":"ashok","employee_salary":"123","employee_age":"23","profile_image":""},{"id":"98610","employee_name":"mnua","employee_salary":"123","employee_age":"23","profile_image":""},{"id":"98848","employee_name":"test34sad545","employee_salary":"123","employee_age":"23","profile_image":""},{"id":"99485","employee_name":"qazxswedc","employee_salary":"9876","employee_age":"324","profile_image":""},{"id":"99666","employee_name":"Misha Rozhkov","employee_salary":"1500","employee_age":"27","profile_image":""},{"id":"99701","employee_name":"Mykhailo Rozhkov","employee_salary":"18000","employee_age":"28","profile_image":""},{"id":"100892","employee_name":"Rahul??","employee_salary":"10000","employee_age":"23","profile_image":""},{"id":"101247","employee_name":"Oleg","employee_salary":"233255664","employee_age":"22","profile_image":""},{"id":"102184","employee_name":"Hoang 637083712918356397","employee_salary":"1000","employee_age":"28","profile_image":""},{"id":"102431","employee_name":"qazwsx","employee_salary":"9876","employee_age":"45","profile_image":""},{"id":"102527","employee_name":"play","employee_salary":"9876","employee_age":"45","profile_image":""},{"id":"102645","employee_name":"samitah","employee_salary":"35000","employee_age":"30","profile_image":""},{"id":"102661","employee_name":"rdghyvb","employee_salary":"285865","employee_age":"28","profile_image":""},{"id":"102719","employee_name":"Michael Rozhkov","employee_salary":"1500","employee_age":"27","profile_image":""},{"id":"103839","employee_name":"kkkkkk","employee_salary":"9876","employee_age":"45","profile_image":""},{"id":"103885","employee_name":"aaaaaaaa","employee_salary":"9876","employee_age":"45","profile_image":""},{"id":"104158","employee_name":"tester","employee_salary":"123","employee_age":"23","profile_image":""},{"id":"105100","employee_name":"mennhy","employee_salary":"339000","employee_age":"12","profile_image":""},{"id":"105178","employee_name":"menyhy","employee_salary":"339000","employee_age":"12","profile_image":""},{"id":"106256","employee_name":"zozo100","employee_salary":"123","employee_age":"23","profile_image":""},{"id":"106679","employee_name":"Petere","employee_salary":"41529","employee_age":"35","profile_image":""},{"id":"106683","employee_name":"Egor_Romanov123456789","employee_salary":"123","employee_age":"19","profile_image":""},{"id":"106705","employee_name":"Peterg","employee_salary":"27563","employee_age":"98","profile_image":""},{"id":"106709","employee_name":"riuenpleseq","employee_salary":"123","employee_age":"23","profile_image":""},{"id":"106754","employee_name":"Egor_Romanov","employee_salary":"123","employee_age":"19","profile_image":""},{"id":"106800","employee_name":"Sandra","employee_salary":"0","employee_age":"6","profile_image":""},{"id":"107008","employee_name":"Mary1","employee_salary":"123","employee_age":"23","profile_image":""},{"id":"107320","employee_name":"PAPA","employee_salary":"9800","employee_age":"78","profile_image":""},{"id":"107374","employee_name":"Agnieszka","employee_salary":"10000","employee_age":"19","profile_image":""},{"id":"107961","employee_name":"Greg","employee_salary":"123","employee_age":"23","profile_image":""},{"id":"108134","employee_name":"yhtgg","employee_salary":"85445","employee_age":"98","profile_image":""},{"id":"108333","employee_name":"PeterI","employee_salary":"73273","employee_age":"65","profile_image":""},{"id":"108439","employee_name":"anhtuan97","employee_salary":"23","employee_age":"11","profile_image":""},{"id":"108449","employee_name":"PeterU","employee_salary":"4467","employee_age":"15","profile_image":""},{"id":"108521","employee_name":"PeterY","employee_salary":"13943","employee_age":"6","profile_image":""},{"id":"108531","employee_name":"Sunil","employee_salary":"123","employee_age":"23","profile_image":""},{"id":"108563","employee_name":"Dhen","employee_salary":"50000","employee_age":"35","profile_image":""},{"id":"108564","employee_name":"Dhinesh","employee_salary":"60000","employee_age":"31","profile_image":""},{"id":"108565","employee_name":"Dinesh","employee_salary":"70000","employee_age":"32","profile_image":""},{"id":"108566","employee_name":"DineshRagu","employee_salary":"80000","employee_age":"33","profile_image":""},{"id":"108568","employee_name":"DineshR","employee_salary":"90000","employee_age":"34","profile_image":""},{"id":"108722","employee_name":"JohnEIQ","employee_salary":"35380","employee_age":"60","profile_image":""},{"id":"109903","employee_name":"yedt","employee_salary":"26000","employee_age":"71","profile_image":""},{"id":"109923","employee_name":"iiiiii","employee_salary":"23000","employee_age":"70","profile_image":""},{"id":"110028","employee_name":"testyuio","employee_salary":"26000","employee_age":"71","profile_image":""},{"id":"110060","employee_name":"Manu","employee_salary":"6000","employee_age":"23","profile_image":""},{"id":"110064","employee_name":"Jacob","employee_salary":"50000","employee_age":"23","profile_image":""},{"id":"110065","employee_name":"Aathira","employee_salary":"6000","employee_age":"28","profile_image":""},{"id":"110066","employee_name":"Dino","employee_salary":"0","employee_age":"40","profile_image":""},{"id":"110133","employee_name":"jake","employee_salary":"23658","employee_age":"12","profile_image":""},{"id":"110266","employee_name":"fvevs","employee_salary":"21549","employee_age":"17","profile_image":""},{"id":"110296","employee_name":"ddsfggff","employee_salary":"854123","employee_age":"18","profile_image":""},{"id":"110305","employee_name":"gfdsf","employee_salary":"5055545","employee_age":"50","profile_image":""},{"id":"110312","employee_name":"ghjhfrtgy","employee_salary":"69888","employee_age":"69","profile_image":""},{"id":"110319","employee_name":"ggdggg","employee_salary":"2514587","employee_age":"70","profile_image":""},{"id":"110338","employee_name":"Aalalal","employee_salary":"250","employee_age":"23","profile_image":""},{"id":"110339","employee_name":"teedg","employee_salary":"584812","employee_age":"32","profile_image":""},{"id":"110697","employee_name":"gary","employee_salary":"1230","employee_age":"23","profile_image":""},{"id":"110819","employee_name":"garry","employee_salary":"1230","employee_age":"23","profile_image":""},{"id":"110820","employee_name":"anhtuan977","employee_salary":"23","employee_age":"11","profile_image":""},{"id":"110945","employee_name":"Anu","employee_salary":"60000","employee_age":"29","profile_image":""},{"id":"111313","employee_name":"tresfgvv","employee_salary":"854312","employee_age":"69","profile_image":""},{"id":"111320","employee_name":"tfgvbd","employee_salary":"254869","employee_age":"70","profile_image":""},{"id":"111608","employee_name":"Tanya1","employee_salary":"20000","employee_age":"25","profile_image":""},{"id":"112106","employee_name":"xablau","employee_salary":"123","employee_age":"23","profile_image":""},{"id":"112318","employee_name":"Lawry","employee_salary":"0","employee_age":"0","profile_image":""},{"id":"112319","employee_name":"Aaron","employee_salary":"0","employee_age":"0","profile_image":""},{"id":"112439","employee_name":"Albu1","employee_salary":"0","employee_age":"0","profile_image":""},{"id":"112440","employee_name":"Lawry2","employee_salary":"0","employee_age":"0","profile_image":""},{"id":"112441","employee_name":"Aaron3","employee_salary":"0","employee_age":"0","profile_image":""},{"id":"112442","employee_name":"Sara4","employee_salary":"0","employee_age":"0","profile_image":""},{"id":"112570","employee_name":"Albu2","employee_salary":"2000","employee_age":"30","profile_image":""},{"id":"112572","employee_name":"Aaron4","employee_salary":"7000","employee_age":"20","profile_image":""},{"id":"112573","employee_name":"Sara1","employee_salary":"4000","employee_age":"23","profile_image":""},{"id":"112877","employee_name":"Hoang 637084057758439018","employee_salary":"1000","employee_age":"28","profile_image":""},{"id":"113590","employee_name":"wefdf","employee_salary":"234455","employee_age":"24","profile_image":""},{"id":"114148","employee_name":"kapil","employee_salary":"12349","employee_age":"26","profile_image":""},{"id":"114771","employee_name":"JohnHRY","employee_salary":"40730","employee_age":"24","profile_image":""},{"id":"114796","employee_name":"JohnjWh","employee_salary":"61494","employee_age":"43","profile_image":""},{"id":"114803","employee_name":"JohntyB","employee_salary":"74146","employee_age":"51","profile_image":""},{"id":"114822","employee_name":"JohnNsl","employee_salary":"67803","employee_age":"10","profile_image":""},{"id":"114859","employee_name":"JohnXSC","employee_salary":"24772","employee_age":"32","profile_image":""},{"id":"114908","employee_name":"JohnTEb","employee_salary":"10629","employee_age":"53","profile_image":""},{"id":"114921","employee_name":"JohnggF","employee_salary":"60660","employee_age":"50","profile_image":""},{"id":"115039","employee_name":"JohnyxT","employee_salary":"75047","employee_age":"47","profile_image":""},{"id":"115055","employee_name":"JohnAfA","employee_salary":"80232","employee_age":"34","profile_image":""},{"id":"115251","employee_name":"Jonas","employee_salary":"3000","employee_age":"18","profile_image":""},{"id":"115409","employee_name":"Karl","employee_salary":"3000","employee_age":"40","profile_image":""},{"id":"115437","employee_name":"JohnZVt","employee_salary":"47037","employee_age":"69","profile_image":""},{"id":"115447","employee_name":"Hubsi","employee_salary":"3000","employee_age":"40","profile_image":""},{"id":"115451","employee_name":"JohnMYU","employee_salary":"89367","employee_age":"93","profile_image":""},{"id":"115571","employee_name":"Name","employee_salary":"3000","employee_age":"40","profile_image":""},{"id":"115783","employee_name":"1572818709889","employee_salary":"1169","employee_age":"30","profile_image":""},{"id":"117638","employee_name":"1572824845278","employee_salary":"1154","employee_age":"21","profile_image":""},{"id":"117738","employee_name":"Morris Spencer-1572828768","employee_salary":"2509","employee_age":"21","profile_image":""},{"id":"117739","employee_name":"Cassondra White-1572828774","employee_salary":"1865","employee_age":"28","profile_image":""},{"id":"117801","employee_name":"Columbus Ratke-1572828965","employee_salary":"2448","employee_age":"19","profile_image":""},{"id":"117802","employee_name":"Mrs. Dolly Gusikowski-1572828971","employee_salary":"2996","employee_age":"35","profile_image":""},{"id":"117870","employee_name":"Letty Monahan-1572829188","employee_salary":"2923","employee_age":"36","profile_image":""},{"id":"117871","employee_name":"Isiah West-1572829193","employee_salary":"2006","employee_age":"24","profile_image":""},{"id":"117915","employee_name":"Melvina Fisher-1572829326","employee_salary":"3343","employee_age":"18","profile_image":""},{"id":"117916","employee_name":"Foster Lockman-1572829331","employee_salary":"1533","employee_age":"41","profile_image":""},{"id":"117996","employee_name":"Mrs. Elke Wolf-1572829589","employee_salary":"3258","employee_age":"25","profile_image":""},{"id":"117997","employee_name":"Fletcher Feeney-1572829594","employee_salary":"3350","employee_age":"37","profile_image":""},{"id":"118020","employee_name":"Fermina Kshlerin-1572829656","employee_salary":"2610","employee_age":"42","profile_image":""},{"id":"118021","employee_name":"Myles Fay-1572829662","employee_salary":"2944","employee_age":"40","profile_image":""},{"id":"118122","employee_name":"Pearl Mosciski-1572829989","employee_salary":"1578","employee_age":"19","profile_image":""},{"id":"118123","employee_name":"Arnita Wilkinson-1572829994","employee_salary":"2603","employee_age":"31","profile_image":""},{"id":"118155","employee_name":"Derick Roberts-1572830094","employee_salary":"1747","employee_age":"43","profile_image":""},{"id":"118159","employee_name":"Teresia Koepp-1572830099","employee_salary":"2763","employee_age":"29","profile_image":""},{"id":"118274","employee_name":"Deedra Mraz-1572830475","employee_salary":"2858","employee_age":"27","profile_image":""},{"id":"118276","employee_name":"Al Thompson-1572830480","employee_salary":"3144","employee_age":"20","profile_image":""},{"id":"118416","employee_name":"Prince Bartoletti Jr.-1572830939","employee_salary":"1623","employee_age":"38","profile_image":""},{"id":"118417","employee_name":"Gregory Watsica-1572830944","employee_salary":"2736","employee_age":"27","profile_image":""},{"id":"118494","employee_name":"Dr. Hana Considine-1572831188","employee_salary":"1995","employee_age":"31","profile_image":""},{"id":"118495","employee_name":"Reynaldo Jakubowski-1572831193","employee_salary":"3433","employee_age":"31","profile_image":""},{"id":"118551","employee_name":"Elmo Sawayn-1572831367","employee_salary":"1905","employee_age":"38","profile_image":""},{"id":"118552","employee_name":"Annett Lemke-1572831372","employee_salary":"3187","employee_age":"24","profile_image":""},{"id":"118620","employee_name":"Patrick Brown-1572831589","employee_salary":"1600","employee_age":"30","profile_image":""},{"id":"118621","employee_name":"Deandrea Upton-1572831593","employee_salary":"1899","employee_age":"33","profile_image":""},{"id":"118689","employee_name":"Rogelio Gulgowski MD-1572831810","employee_salary":"1689","employee_age":"35","profile_image":""},{"id":"118690","employee_name":"Cyrus Wisozk IV-1572831815","employee_salary":"2763","employee_age":"22","profile_image":""},{"id":"118826","employee_name":"mani","employee_salary":"10000","employee_age":"31","profile_image":""},{"id":"118972","employee_name":"Rudolph Schneider-1572832735","employee_salary":"1903","employee_age":"32","profile_image":""},{"id":"118973","employee_name":"Gale Morissette-1572832741","employee_salary":"2626","employee_age":"39","profile_image":""},{"id":"119098","employee_name":"1572829551077","employee_salary":"1086","employee_age":"23","profile_image":""},{"id":"119105","employee_name":"Ms. Trent Leuschke-1572833165","employee_salary":"2295","employee_age":"20","profile_image":""},{"id":"119106","employee_name":"Jarrod Lueilwitz-1572833170","employee_salary":"3205","employee_age":"27","profile_image":""},{"id":"119166","employee_name":"Subham Roy","employee_salary":"9","employee_age":"33","profile_image":""},{"id":"119168","employee_name":"Shakel","employee_salary":"100","employee_age":"20","profile_image":""},{"id":"119169","employee_name":"Md Hasan","employee_salary":"100000","employee_age":"23","profile_image":""},{"id":"119178","employee_name":"Ronyyyyyy","employee_salary":"34511","employee_age":"32","profile_image":""},{"id":"119209","employee_name":"Frances Crist V-1572833492","employee_salary":"1543","employee_age":"28","profile_image":""},{"id":"119210","employee_name":"Valentine Mayer-1572833497","employee_salary":"1909","employee_age":"39","profile_image":""},{"id":"119248","employee_name":"Sharmila","employee_salary":"200","employee_age":"23","profile_image":""},{"id":"119345","employee_name":"Markita McGlynn-1572833924","employee_salary":"3184","employee_age":"20","profile_image":""},{"id":"119346","employee_name":"Ms. Roland Zulauf-1572833930","employee_salary":"2088","employee_age":"32","profile_image":""},{"id":"119507","employee_name":"Quyen Schneider-1572834464","employee_salary":"3118","employee_age":"36","profile_image":""},{"id":"119511","employee_name":"Hans Kohler II-1572834470","employee_salary":"2247","employee_age":"23","profile_image":""},{"id":"119606","employee_name":"Johnk","employee_salary":"62552","employee_age":"84","profile_image":""},{"id":"119631","employee_name":"Johnz","employee_salary":"89081","employee_age":"58","profile_image":""},{"id":"119692","employee_name":"Harrison Bayer-1572835057","employee_salary":"2551","employee_age":"20","profile_image":""},{"id":"119693","employee_name":"Jonas Trantow-1572835062","employee_salary":"3293","employee_age":"39","profile_image":""},{"id":"119836","employee_name":"Dion Stiedemann-1572835525","employee_salary":"1948","employee_age":"37","profile_image":""},{"id":"119837","employee_name":"Johnathon Hettinger MD-1572835531","employee_salary":"1936","employee_age":"21","profile_image":""},{"id":"119857","employee_name":"Kayleigh Mraz-1572835586","employee_salary":"2933","employee_age":"31","profile_image":""},{"id":"119858","employee_name":"Marquis Kuhlman-1572835591","employee_salary":"2041","employee_age":"31","profile_image":""},{"id":"119881","employee_name":"Marquetta Jacobs DDS-1572835657","employee_salary":"3284","employee_age":"40","profile_image":""},{"id":"119882","employee_name":"Roni Kshlerin PhD-1572835662","employee_salary":"3428","employee_age":"43","profile_image":""},{"id":"119976","employee_name":"Juana Gorczany-1572835962","employee_salary":"2970","employee_age":"39","profile_image":""},{"id":"119977","employee_name":"Demarcus Mayert II-1572835967","employee_salary":"1710","employee_age":"35","profile_image":""},{"id":"120000","employee_name":"Johnl","employee_salary":"80036","employee_age":"80","profile_image":""},{"id":"120046","employee_name":"Andria Okuneva-1572836176","employee_salary":"2883","employee_age":"23","profile_image":""},{"id":"120047","employee_name":"Dannie DuBuque DVM-1572836180","employee_salary":"3012","employee_age":"44","profile_image":""},{"id":"120118","employee_name":"Pearl Harris-1572836409","employee_salary":"3307","employee_age":"23","profile_image":""},{"id":"120119","employee_name":"Kyoko Hermiston Sr.-1572836415","employee_salary":"2103","employee_age":"26","profile_image":""},{"id":"120214","employee_name":"Josefina White-1572836717","employee_salary":"1978","employee_age":"33","profile_image":""},{"id":"120215","employee_name":"Delois Larkin-1572836723","employee_salary":"3045","employee_age":"41","profile_image":""},{"id":"120235","employee_name":"Harriette Wisoky-1572836777","employee_salary":"1828","employee_age":"20","profile_image":""},{"id":"120236","employee_name":"Kelvin Ledner DDS-1572836782","employee_salary":"3007","employee_age":"35","profile_image":""},{"id":"120251","employee_name":"tanggon","employee_salary":"1000000","employee_age":"21","profile_image":""},{"id":"120358","employee_name":"Philomena Metz-1572837173","employee_salary":"2705","employee_age":"36","profile_image":""},{"id":"120361","employee_name":"Katharyn Lehner-1572837178","employee_salary":"3379","employee_age":"34","profile_image":""},{"id":"120661","employee_name":"Dr. Suzy White-1572838170","employee_salary":"1593","employee_age":"29","profile_image":""},{"id":"120662","employee_name":"Justine Reichert-1572838176","employee_salary":"1652","employee_age":"18","profile_image":""},{"id":"120885","employee_name":"Hector Waters DDS-1572838862","employee_salary":"2383","employee_age":"30","profile_image":""},{"id":"120886","employee_name":"Johnie Jaskolski-1572838896","employee_salary":"3172","employee_age":"24","profile_image":""},{"id":"121048","employee_name":"Dr. Angelina Considine-1572839397","employee_salary":"3029","employee_age":"23","profile_image":""},{"id":"121052","employee_name":"Laronda Bogan-1572839431","employee_salary":"3139","employee_age":"39","profile_image":""},{"id":"121531","employee_name":"Edwin Predovic-1572840954","employee_salary":"2351","employee_age":"26","profile_image":""},{"id":"121535","employee_name":"Tawanna Hudson-1572840991","employee_salary":"1537","employee_age":"38","profile_image":""},{"id":"121789","employee_name":"Mr. Fredric Bernier-1572841824","employee_salary":"2205","employee_age":"21","profile_image":""},{"id":"121793","employee_name":"Miss Jamie Shields-1572841829","employee_salary":"2055","employee_age":"22","profile_image":""},{"id":"121877","employee_name":"Carrol Cole MD-1572842099","employee_salary":"2243","employee_age":"36","profile_image":""},{"id":"121878","employee_name":"Janet Wilkinson-1572842104","employee_salary":"2625","employee_age":"28","profile_image":""},{"id":"121926","employee_name":"Katrina Hane-1572842245","employee_salary":"1792","employee_age":"37","profile_image":""},{"id":"121927","employee_name":"Gerardo Weissnat-1572842250","employee_salary":"3036","employee_age":"40","profile_image":""},{"id":"122160","employee_name":"Keila O'Kon-1572842996","employee_salary":"2155","employee_age":"25","profile_image":""},{"id":"122161","employee_name":"Cordell Barton-1572843002","employee_salary":"2156","employee_age":"18","profile_image":""},{"id":"122315","employee_name":"Cesar Mosciski DDS-1572843493","employee_salary":"3162","employee_age":"38","profile_image":""},{"id":"122318","employee_name":"Ms. Bee Bogan-1572843498","employee_salary":"3082","employee_age":"23","profile_image":""},{"id":"122718","employee_name":"Bobbie Robel-1572844793","employee_salary":"2977","employee_age":"23","profile_image":""},{"id":"122721","employee_name":"Lesia Hyatt-1572844798","employee_salary":"3229","employee_age":"26","profile_image":""},{"id":"122761","employee_name":"Employee-ksGNC","employee_salary":"1234","employee_age":"23","profile_image":""},{"id":"122765","employee_name":"Employee-KVQHx","employee_salary":"1234","employee_age":"23","profile_image":""},{"id":"122790","employee_name":"Employee-ysFfx","employee_salary":"1234","employee_age":"23","profile_image":""},{"id":"122794","employee_name":"Employee-ArzgC","employee_salary":"1234","employee_age":"23","profile_image":""},{"id":"122847","employee_name":"Employee-gJAtO","employee_salary":"1234","employee_age":"23","profile_image":""},{"id":"122851","employee_name":"Employee-ACsZj","employee_salary":"1234","employee_age":"23","profile_image":""},{"id":"122855","employee_name":"Rosemarie Towne DVM-1572845212","employee_salary":"1716","employee_age":"31","profile_image":""},{"id":"122856","employee_name":"Jacqui Dietrich-1572845217","employee_salary":"2466","employee_age":"18","profile_image":""},{"id":"123065","employee_name":"ashoktb","employee_salary":"123","employee_age":"23","profile_image":""},{"id":"123252","employee_name":"Sama","employee_salary":"1236474","employee_age":"28","profile_image":""},{"id":"123469","employee_name":"paimen","employee_salary":"10000","employee_age":"18","profile_image":""},{"id":"123686","employee_name":"jono","employee_salary":"5000","employee_age":"21","profile_image":""},{"id":"123766","employee_name":"Samb","employee_salary":"1236474","employee_age":"28","profile_image":""},{"id":"123828","employee_name":"Employee-aeSRj","employee_salary":"1234","employee_age":"23","profile_image":""},{"id":"123832","employee_name":"Employee-uLBEu","employee_salary":"1234","employee_age":"23","profile_image":""},{"id":"123879","employee_name":"Employee-PlRbt","employee_salary":"1234","employee_age":"23","profile_image":""},{"id":"123883","employee_name":"Employee-MjWGF","employee_salary":"1234","employee_age":"23","profile_image":""},{"id":"124002","employee_name":"Samc","employee_salary":"1236474","employee_age":"28","profile_image":""},{"id":"124110","employee_name":"Samd","employee_salary":"1236474","employee_age":"28","profile_image":""},{"id":"124973","employee_name":"PeterZ","employee_salary":"36955","employee_age":"37","profile_image":""},{"id":"125194","employee_name":"testsdfsd","employee_salary":"123","employee_age":"23","profile_image":""},{"id":"125220","employee_name":"testsdfssdfsd","employee_salary":"123","employee_age":"23","profile_image":""},{"id":"125233","employee_name":"testsdsfdfssdfsd","employee_salary":"123","employee_age":"23","profile_image":""},{"id":"125252","employee_name":"Employee-AqhQb","employee_salary":"1234","employee_age":"23","profile_image":""},{"id":"125256","employee_name":"Employee-IYdIm","employee_salary":"1234","employee_age":"23","profile_image":""},{"id":"125264","employee_name":"testsdsfdfdsfassdfsd","employee_salary":"123","employee_age":"23","profile_image":""},{"id":"125268","employee_name":"abcrwerwer","employee_salary":"123","employee_age":"23","profile_image":""},{"id":"125303","employee_name":"safs","employee_salary":"123","employee_age":"23","profile_image":""},{"id":"125437","employee_name":"QWERTY1234","employee_salary":"123","employee_age":"23","profile_image":""},{"id":"125669","employee_name":"ankita","employee_salary":"20000","employee_age":"29","profile_image":""},{"id":"125751","employee_name":"rituraj","employee_salary":"25000","employee_age":"29","profile_image":""},{"id":"125909","employee_name":"ak","employee_salary":"500000","employee_age":"35","profile_image":""},{"id":"125953","employee_name":"kuldeep","employee_salary":"123","employee_age":"23","profile_image":""},{"id":"126056","employee_name":"sunia","employee_salary":"50000","employee_age":"28","profile_image":""},{"id":"126072","employee_name":"sunia1","employee_salary":"50000","employee_age":"28","profile_image":""},{"id":"126346","employee_name":"test5","employee_salary":"123","employee_age":"23","profile_image":""},{"id":"126505","employee_name":"jehdgfjasghfjkg","employee_salary":"123","employee_age":"23","profile_image":""},{"id":"126521","employee_name":"testing123123","employee_salary":"15000","employee_age":"28","profile_image":""},{"id":"126542","employee_name":"rajitha","employee_salary":"123","employee_age":"23","profile_image":""},{"id":"126574","employee_name":"demotestemployee","employee_salary":"15000","employee_age":"28","profile_image":""},{"id":"126617","employee_name":"testing 121","employee_salary":"30000","employee_age":"28","profile_image":""},{"id":"126670","employee_name":"test122_","employee_salary":"25000","employee_age":"28","profile_image":""},{"id":"126808","employee_name":"test124_","employee_salary":"25000","employee_age":"28","profile_image":""},{"id":"126825","employee_name":"test125_","employee_salary":"25000","employee_age":"28","profile_image":""},{"id":"126870","employee_name":"Ekgjog6058","employee_salary":"100","employee_age":"20","profile_image":""},{"id":"126871","employee_name":"Yk7iyskewm","employee_salary":"100","employee_age":"20","profile_image":""},{"id":"126875","employee_name":"W057wiiavo","employee_salary":"200","employee_age":"21","profile_image":""},{"id":"126877","employee_name":"Kgypkvtyvm","employee_salary":"100","employee_age":"20","profile_image":""},{"id":"126989","employee_name":"Brijeshs","employee_salary":"15000","employee_age":"33","profile_image":""},{"id":"126999","employee_name":"abc67676867","employee_salary":"67665","employee_age":"12","profile_image":""},{"id":"127037","employee_name":"vbhsdha","employee_salary":"7667868","employee_age":"898","profile_image":""},{"id":"127043","employee_name":"test126_","employee_salary":"25000","employee_age":"28","profile_image":""},{"id":"127051","employee_name":"test127_","employee_salary":"25000","employee_age":"28","profile_image":""},{"id":"127064","employee_name":"hghghg","employee_salary":"7887","employee_age":"9898","profile_image":""},{"id":"127080","employee_name":"test128_","employee_salary":"25000","employee_age":"25","profile_image":""},{"id":"127105","employee_name":"test129_","employee_salary":"25000","employee_age":"28","profile_image":""},{"id":"127117","employee_name":"abc789879889","employee_salary":"8787","employee_age":"1223","profile_image":""},{"id":"127268","employee_name":"test130_","employee_salary":"25000","employee_age":"25","profile_image":""},{"id":"127329","employee_name":"test131_","employee_salary":"25000","employee_age":"25","profile_image":""},{"id":"127649","employee_name":"Lukasz34827","employee_salary":"30000","employee_age":"35","profile_image":""},{"id":"127650","employee_name":"Marta34827","employee_salary":"9200","employee_age":"21","profile_image":""},{"id":"127651","employee_name":"Filip34827","employee_salary":"54345","employee_age":"44","profile_image":""},{"id":"127652","employee_name":"Mariusz34827","employee_salary":"4433","employee_age":"29","profile_image":""},{"id":"127656","employee_name":"Michal34843","employee_salary":"150000","employee_age":"32","profile_image":""},{"id":"127657","employee_name":"Karol34846","employee_salary":"150000","employee_age":"32","profile_image":""},{"id":"127658","employee_name":"MichalUpd34847","employee_salary":"1100000","employee_age":"66","profile_image":""},{"id":"127905","employee_name":"bebo technologies","employee_salary":"1123","employee_age":"23","profile_image":""},{"id":"127906","employee_name":"bebo","employee_salary":"1123","employee_age":"23","profile_image":""},{"id":"127958","employee_name":"Pankaj","employee_salary":"231123","employee_age":"24","profile_image":""},{"id":"127972","employee_name":"Nidhi","employee_salary":"200000","employee_age":"25","profile_image":""},{"id":"128064","employee_name":"ridho","employee_salary":"7000000","employee_age":"21","profile_image":""},{"id":"128235","employee_name":"ghgygyefgwe888","employee_salary":"46","employee_age":"54","profile_image":""},{"id":"128263","employee_name":"jhjgjfhhjdgvf","employee_salary":"5","employee_age":"5","profile_image":""},{"id":"128282","employee_name":"ygygyf","employee_salary":"5656","employee_age":"43","profile_image":""},{"id":"128296","employee_name":"FORAN","employee_salary":"123","employee_age":"23333","profile_image":""},{"id":"128318","employee_name":"datdahgjhghghj","employee_salary":"4543","employee_age":"55","profile_image":""},{"id":"128355","employee_name":"btes","employee_salary":"123","employee_age":"23","profile_image":""},{"id":"128459","employee_name":"rpitha","employee_salary":"60000","employee_age":"27","profile_image":""},{"id":"128829","employee_name":"hghjgjhghjg","employee_salary":"8989","employee_age":"665","profile_image":""},{"id":"128866","employee_name":"shubham","employee_salary":"123","employee_age":"23","profile_image":""},{"id":"128897","employee_name":"octaviocega@hotmail.com Hello,","employee_salary":"23","employee_age":"1","profile_image":""},{"id":"129022","employee_name":"test_test_121","employee_salary":"123","employee_age":"23","profile_image":""},{"id":"129080","employee_name":"test_test_121_11","employee_salary":"123","employee_age":"23","profile_image":""},{"id":"129321","employee_name":"test_test_121_11_12","employee_salary":"123","employee_age":"23","profile_image":""},{"id":"129340","employee_name":"test_test_10","employee_salary":"123","employee_age":"23","profile_image":""},{"id":"129435","employee_name":"bebo tech","employee_salary":"25000","employee_age":"25","profile_image":""},{"id":"130107","employee_name":"srinu","employee_salary":"1123","employee_age":"23","profile_image":""},{"id":"130127","employee_name":"NarenderPatual","employee_salary":"123","employee_age":"23","profile_image":""},{"id":"130141","employee_name":"Bradevano","employee_salary":"1000","employee_age":"32","profile_image":""},{"id":"130164","employee_name":"Bradev","employee_salary":"696969","employee_age":"32","profile_image":""},{"id":"130192","employee_name":"abhas","employee_salary":"0","employee_age":"2147483647","profile_image":""},{"id":"130224","employee_name":"ABccd","employee_salary":"50000","employee_age":"32","profile_image":""},{"id":"130306","employee_name":"Lukasz43399","employee_salary":"30000","employee_age":"35","profile_image":""},{"id":"130308","employee_name":"Employee-LtfVU","employee_salary":"1234","employee_age":"23","profile_image":""},{"id":"130309","employee_name":"Marta43399","employee_salary":"9200","employee_age":"21","profile_image":""},{"id":"130310","employee_name":"Filip43399","employee_salary":"54345","employee_age":"44","profile_image":""},{"id":"130311","employee_name":"Mariusz43399","employee_salary":"4433","employee_age":"29","profile_image":""},{"id":"130312","employee_name":"Michal43408","employee_salary":"150000","employee_age":"32","profile_image":""},{"id":"130313","employee_name":"Karol43411","employee_salary":"150000","employee_age":"32","profile_image":""},{"id":"130317","employee_name":"MichalUpd43412","employee_salary":"1100000","employee_age":"66","profile_image":""},{"id":"130318","employee_name":"Employee-hOyUB","employee_salary":"1234","employee_age":"23","profile_image":""},{"id":"130350","employee_name":"Employee-BcKLL","employee_salary":"1234","employee_age":"23","profile_image":""},{"id":"130355","employee_name":"Employee-LvwgV","employee_salary":"1234","employee_age":"23","profile_image":""},{"id":"130370","employee_name":"Employee-VAQiO","employee_salary":"1234","employee_age":"23","profile_image":""},{"id":"130374","employee_name":"Employee-FPuTE","employee_salary":"1234","employee_age":"23","profile_image":""},{"id":"130388","employee_name":"srinu1","employee_salary":"1123","employee_age":"23","profile_image":""},{"id":"130396","employee_name":"srinu2","employee_salary":"1123","employee_age":"23","profile_image":""},{"id":"130409","employee_name":"AbbccD","employee_salary":"40000","employee_age":"30","profile_image":""},{"id":"130842","employee_name":"Employee-pUyCX","employee_salary":"1234","employee_age":"23","profile_image":""},{"id":"130844","employee_name":"Employee-wMHrc","employee_salary":"1234","employee_age":"23","profile_image":""},{"id":"130876","employee_name":"Employee-SQpTM","employee_salary":"1234","employee_age":"23","profile_image":""},{"id":"130880","employee_name":"Employee-DaVks","employee_salary":"1234","employee_age":"23","profile_image":""},{"id":"130894","employee_name":"Acsfhdfhd","employee_salary":"48000","employee_age":"35","profile_image":""},{"id":"130934","employee_name":"Employee-KiRDw","employee_salary":"1234","employee_age":"23","profile_image":""},{"id":"130940","employee_name":"Employee-ANWki","employee_salary":"1234","employee_age":"23","profile_image":""},{"id":"131085","employee_name":"zzzz","employee_salary":"0","employee_age":"25","profile_image":""},{"id":"131238","employee_name":"aparna","employee_salary":"123","employee_age":"23","profile_image":""},{"id":"131360","employee_name":"qwerty","employee_salary":"13555","employee_age":"23","profile_image":""},{"id":"131434","employee_name":"somesh","employee_salary":"123","employee_age":"18","profile_image":""},{"id":"131447","employee_name":"Rahul????","employee_salary":"0","employee_age":"0","profile_image":""},{"id":"131559","employee_name":"AS13","employee_salary":"40000","employee_age":"0","profile_image":""},{"id":"131570","employee_name":"AS100","employee_salary":"20000","employee_age":"20","profile_image":""},{"id":"131571","employee_name":"AS101","employee_salary":"30000","employee_age":"30","profile_image":""},{"id":"131572","employee_name":"AS102","employee_salary":"40000","employee_age":"40","profile_image":""},{"id":"131573","employee_name":"AS103","employee_salary":"0","employee_age":"0","profile_image":""},{"id":"131577","employee_name":"AS104","employee_salary":"40000","employee_age":"40","profile_image":""},{"id":"131578","employee_name":"AS105","employee_salary":"40000","employee_age":"40","profile_image":""},{"id":"131579","employee_name":"AS106","employee_salary":"40000","employee_age":"40","profile_image":""},{"id":"131580","employee_name":"AS107","employee_salary":"40000","employee_age":"40","profile_image":""},{"id":"131581","employee_name":"AS108","employee_salary":"40000","employee_age":"40","profile_image":""},{"id":"131582","employee_name":"AS109","employee_salary":"40000","employee_age":"40","profile_image":""},{"id":"131585","employee_name":"AS110","employee_salary":"40000","employee_age":"40","profile_image":""},{"id":"131587","employee_name":"AS111","employee_salary":"40000","employee_age":"40","profile_image":""},{"id":"131588","employee_name":"AS112","employee_salary":"40000","employee_age":"0","profile_image":""},{"id":"131715","employee_name":"AS117","employee_salary":"0","employee_age":"0","profile_image":""},{"id":"131723","employee_name":"AS122","employee_salary":"40000","employee_age":"40","profile_image":""},{"id":"131725","employee_name":"AS124","employee_salary":"40000","employee_age":"40","profile_image":""},{"id":"131726","employee_name":"AS125","employee_salary":"40000","employee_age":"40","profile_image":""},{"id":"131727","employee_name":"AS126","employee_salary":"40000","employee_age":"0","profile_image":""},{"id":"131731","employee_name":"AS127","employee_salary":"0","employee_age":"40","profile_image":""},{"id":"132327","employee_name":"testabcdefghijklmn","employee_salary":"123","employee_age":"23","profile_image":""},{"id":"132404","employee_name":"AS114","employee_salary":"20000","employee_age":"20","profile_image":""},{"id":"132405","employee_name":"AS115","employee_salary":"30000","employee_age":"30","profile_image":""},{"id":"132406","employee_name":"AS116","employee_salary":"40000","employee_age":"40","profile_image":""},{"id":"132408","employee_name":"AS118","employee_salary":"40000","employee_age":"40","profile_image":""},{"id":"132412","employee_name":"AS119","employee_salary":"40000","employee_age":"40","profile_image":""},{"id":"132413","employee_name":"AS120","employee_salary":"40000","employee_age":"40","profile_image":""},{"id":"132414","employee_name":"AS121","employee_salary":"40000","employee_age":"40","profile_image":""},{"id":"132416","employee_name":"AS123","employee_salary":"40000","employee_age":"40","profile_image":""},{"id":"132674","employee_name":"QTNov0420191301","employee_salary":"12345","employee_age":"30","profile_image":""},{"id":"132753","employee_name":"Hem","employee_salary":"544","employee_age":"29","profile_image":""},{"id":"132790","employee_name":"Hemadf","employee_salary":"899","employee_age":"30","profile_image":""},{"id":"132814","employee_name":"test154544","employee_salary":"123","employee_age":"23","profile_image":""},{"id":"132848","employee_name":"ram","employee_salary":"0","employee_age":"23","profile_image":""},{"id":"132893","employee_name":"ramaa","employee_salary":"0","employee_age":"24","profile_image":""},{"id":"132929","employee_name":"Vishnu","employee_salary":"456","employee_age":"24","profile_image":""},{"id":"132937","employee_name":"raviqwqw","employee_salary":"0","employee_age":"21","profile_image":""},{"id":"132983","employee_name":"test3456","employee_salary":"123","employee_age":"23","profile_image":""},{"id":"133045","employee_name":"Soham","employee_salary":"9800","employee_age":"25","profile_image":""},{"id":"133870","employee_name":"ram2","employee_salary":"0","employee_age":"56","profile_image":""},{"id":"133887","employee_name":"1","employee_salary":"3","employee_age":"2","profile_image":""},{"id":"133891","employee_name":"testbgfiusdfuhs","employee_salary":"123","employee_age":"23","profile_image":""},{"id":"133922","employee_name":"ghhg","employee_salary":"3000","employee_age":"31","profile_image":""},{"id":"133995","employee_name":"Unique","employee_salary":"3","employee_age":"2","profile_image":""},{"id":"134122","employee_name":"janet","employee_salary":"123","employee_age":"23","profile_image":""},{"id":"134208","employee_name":"6f525f58-aac1-4981-9479-7e1c1efbc896","employee_salary":"1234","employee_age":"23","profile_image":""},{"id":"134321","employee_name":"kguru5","employee_salary":"0","employee_age":"345456456","profile_image":""},{"id":"134338","employee_name":"kguru6","employee_salary":"0","employee_age":"0","profile_image":""},{"id":"134351","employee_name":"rads","employee_salary":"2000","employee_age":"21","profile_image":""},{"id":"134379","employee_name":"ghg","employee_salary":"10000","employee_age":"25","profile_image":""},{"id":"134409","employee_name":"JhonNicksatya123","employee_salary":"50000","employee_age":"24","profile_image":""},{"id":"134413","employee_name":"ghghgh","employee_salary":"4545","employee_age":"14","profile_image":""},{"id":"134438","employee_name":"ramamam","employee_salary":"4545454","employee_age":"54","profile_image":""},{"id":"134520","employee_name":"Samadhan Vidhate","employee_salary":"3000","employee_age":"33","profile_image":""},{"id":"134537","employee_name":"Lukasz54193","employee_salary":"30000","employee_age":"35","profile_image":""},{"id":"134540","employee_name":"Marta54193","employee_salary":"9200","employee_age":"21","profile_image":""},{"id":"134541","employee_name":"Filip54193","employee_salary":"54345","employee_age":"44","profile_image":""},{"id":"134542","employee_name":"Mariusz54193","employee_salary":"4433","employee_age":"29","profile_image":""},{"id":"134543","employee_name":"Michal54201","employee_salary":"150000","employee_age":"32","profile_image":""},{"id":"134544","employee_name":"Karol54203","employee_salary":"150000","employee_age":"32","profile_image":""},{"id":"134545","employee_name":"MichalUpd54205","employee_salary":"1100000","employee_age":"66","profile_image":""},{"id":"134574","employee_name":"poonam","employee_salary":"3999","employee_age":"223","profile_image":""},{"id":"134662","employee_name":"Kosova","employee_salary":"99999999","employee_age":"23","profile_image":""},{"id":"134696","employee_name":"JhonNicksatya13","employee_salary":"50000","employee_age":"24","profile_image":""},{"id":"134730","employee_name":"Albania","employee_salary":"200","employee_age":"23","profile_image":""},{"id":"134801","employee_name":"Tirana","employee_salary":"12","employee_age":"23","profile_image":""},{"id":"135144","employee_name":"JhonNicksatya134","employee_salary":"50000","employee_age":"24","profile_image":""},{"id":"135178","employee_name":"JhonNicksatya135","employee_salary":"50000","employee_age":"24","profile_image":""},{"id":"135206","employee_name":"testy5","employee_salary":"123","employee_age":"26","profile_image":""},{"id":"135228","employee_name":"Prishtina","employee_salary":"20099","employee_age":"23","profile_image":""},{"id":"135604","employee_name":"1234124wsfsa","employee_salary":"12332","employee_age":"12","profile_image":""},{"id":"135631","employee_name":"QTNov0420191501","employee_salary":"12345","employee_age":"30","profile_image":""},{"id":"135635","employee_name":"123214","employee_salary":"4214","employee_age":"12","profile_image":""},{"id":"135690","employee_name":"235345","employee_salary":"124124","employee_age":"1234124","profile_image":""},{"id":"135721","employee_name":"Prishtin sajik1","employee_salary":"20099","employee_age":"23","profile_image":""},{"id":"135810","employee_name":"test1212","employee_salary":"12","employee_age":"12","profile_image":""},{"id":"135884","employee_name":"test user update","employee_salary":"20","employee_age":"20","profile_image":""},{"id":"135951","employee_name":"shripad","employee_salary":"52","employee_age":"52012","profile_image":""},{"id":"136033","employee_name":"Amin","employee_salary":"120000","employee_age":"24","profile_image":""},{"id":"136040","employee_name":"testtest","employee_salary":"234","employee_age":"123","profile_image":""},{"id":"136059","employee_name":"test1","employee_salary":"12","employee_age":"112","profile_image":""},{"id":"136107","employee_name":"Hoang 637084779021052576","employee_salary":"1000","employee_age":"28","profile_image":""},{"id":"136337","employee_name":"12","employee_salary":"123","employee_age":"321","profile_image":""},{"id":"136350","employee_name":"123123","employee_salary":"421","employee_age":"124","profile_image":""},{"id":"136424","employee_name":"zairfzjdasuh","employee_salary":"234","employee_age":"1232","profile_image":""},{"id":"136456","employee_name":"Super","employee_salary":"13","employee_age":"123","profile_image":""},{"id":"136470","employee_name":"142","employee_salary":"23000","employee_age":"10","profile_image":""},{"id":"136486","employee_name":"21","employee_salary":"1","employee_age":"3","profile_image":""},{"id":"136541","employee_name":"Supertest","employee_salary":"2","employee_age":"1","profile_image":""},{"id":"136595","employee_name":"06c6aa88-fa98-4baa-ac81-110a3fcfa25b","employee_salary":"1234","employee_age":"23","profile_image":""},{"id":"136608","employee_name":"qwe","employee_salary":"2","employee_age":"1","profile_image":""},{"id":"136651","employee_name":"234","employee_salary":"234","employee_age":"234","profile_image":""},{"id":"136667","employee_name":"42234325","employee_salary":"123","employee_age":"123","profile_image":""},{"id":"136683","employee_name":"1^2","employee_salary":"43","employee_age":"12","profile_image":""},{"id":"136753","employee_name":"d","employee_salary":"25","employee_age":"428","profile_image":""},{"id":"136760","employee_name":"fgfgghgghhhgg","employee_salary":"2588","employee_age":"25","profile_image":""},{"id":"136980","employee_name":"AUD INTEREST","employee_salary":"783323","employee_age":"23","profile_image":""},{"id":"137144","employee_name":"test1-zk","employee_salary":"123","employee_age":"23","profile_image":""},{"id":"137329","employee_name":"asdd","employee_salary":"366","employee_age":"255","profile_image":""},{"id":"137721","employee_name":"anitha","employee_salary":"30000","employee_age":"32","profile_image":""},{"id":"137731","employee_name":"Johne","employee_salary":"71754","employee_age":"86","profile_image":""},{"id":"137832","employee_name":"QTNov0420191701","employee_salary":"12345","employee_age":"30","profile_image":""},{"id":"137934","employee_name":"JohnY","employee_salary":"40323","employee_age":"25","profile_image":""},{"id":"137955","employee_name":"Johnm","employee_salary":"15048","employee_age":"38","profile_image":""},{"id":"138379","employee_name":"John Davies","employee_salary":"98000","employee_age":"30","profile_image":""},{"id":"138778","employee_name":"Same","employee_salary":"1236474","employee_age":"28","profile_image":""},{"id":"138834","employee_name":"Samf","employee_salary":"1236474","employee_age":"28","profile_image":""},{"id":"138925","employee_name":"sivagami","employee_salary":"5000","employee_age":"24","profile_image":""},{"id":"138939","employee_name":"Samg","employee_salary":"1236474","employee_age":"28","profile_image":""},{"id":"138955","employee_name":"vs","employee_salary":"5000","employee_age":"24","profile_image":""},{"id":"139055","employee_name":"samh","employee_salary":"1236474","employee_age":"23","profile_image":""},{"id":"139067","employee_name":"samj","employee_salary":"1236474","employee_age":"23","profile_image":""},{"id":"139320","employee_name":"aigirimY","employee_salary":"117610","employee_age":"38","profile_image":""},{"id":"139340","employee_name":"aigiriJJ","employee_salary":"171751","employee_age":"41","profile_image":""},{"id":"139485","employee_name":"Test","employee_salary":"123","employee_age":"12","profile_image":""},{"id":"139486","employee_name":"Java2novice","employee_salary":"123","employee_age":"23","profile_image":""},{"id":"139571","employee_name":"Ja1va2novice","employee_salary":"123","employee_age":"23","profile_image":""},{"id":"139612","employee_name":"Ja12va2novice","employee_salary":"123","employee_age":"23","profile_image":""},{"id":"140028","employee_name":"aigiricq","employee_salary":"704705","employee_age":"71","profile_image":""},{"id":"140050","employee_name":"eddy","employee_salary":"123","employee_age":"23","profile_image":""},{"id":"140100","employee_name":"aigirivP","employee_salary":"169847","employee_age":"1","profile_image":""},{"id":"140107","employee_name":"aigiriCa","employee_salary":"779166","employee_age":"14","profile_image":""},{"id":"140114","employee_name":"eddyman","employee_salary":"123","employee_age":"23","profile_image":""},{"id":"140229","employee_name":"aigiriHY","employee_salary":"825841","employee_age":"14","profile_image":""},{"id":"140291","employee_name":"aigirigb","employee_salary":"550502","employee_age":"31","profile_image":""},{"id":"140459","employee_name":"Mike","employee_salary":"12","employee_age":"25","profile_image":""},{"id":"140460","employee_name":"abvsg","employee_salary":"20000","employee_age":"23","profile_image":""},{"id":"140476","employee_name":"aigiriNy","employee_salary":"663493","employee_age":"49","profile_image":""},{"id":"140529","employee_name":"aigirich","employee_salary":"599070","employee_age":"56","profile_image":""},{"id":"140536","employee_name":"aigiriVf","employee_salary":"340114","employee_age":"6","profile_image":""},{"id":"140549","employee_name":"barsik","employee_salary":"666","employee_age":"99","profile_image":""},{"id":"140556","employee_name":"aigiriTq","employee_salary":"471398","employee_age":"59","profile_image":""},{"id":"140614","employee_name":"aigiriZa","employee_salary":"295409","employee_age":"65","profile_image":""},{"id":"140693","employee_name":"1572896159285","employee_salary":"1491","employee_age":"60","profile_image":""},{"id":"140772","employee_name":"aigiriXw","employee_salary":"363067","employee_age":"69","profile_image":""},{"id":"140800","employee_name":"aigiriPO","employee_salary":"751233","employee_age":"27","profile_image":""},{"id":"140822","employee_name":"aigiriph","employee_salary":"315021","employee_age":"23","profile_image":""},{"id":"140841","employee_name":"aigirifd","employee_salary":"815574","employee_age":"3","profile_image":""},{"id":"140902","employee_name":"vfaOPnUMbXCv","employee_salary":"12342342","employee_age":"34","profile_image":""},{"id":"140906","employee_name":"aigiriuL","employee_salary":"854142","employee_age":"29","profile_image":""},{"id":"140929","employee_name":"1572896910970","employee_salary":"1047","employee_age":"28","profile_image":""},{"id":"140946","employee_name":"aigiriRm","employee_salary":"963839","employee_age":"26","profile_image":""},{"id":"140950","employee_name":"aigirisW","employee_salary":"136817","employee_age":"96","profile_image":""},{"id":"140963","employee_name":"aigiriDj","employee_salary":"161163","employee_age":"80","profile_image":""},{"id":"140973","employee_name":"aigiriLn","employee_salary":"336622","employee_age":"78","profile_image":""},{"id":"140977","employee_name":"eAyvHIjVaPSk","employee_salary":"1236474","employee_age":"23","profile_image":""},{"id":"140984","employee_name":"aigiriFa","employee_salary":"988972","employee_age":"95","profile_image":""},{"id":"141079","employee_name":"Noman Khan","employee_salary":"60","employee_age":"26","profile_image":""},{"id":"141119","employee_name":"postmanexample22","employee_salary":"200000","employee_age":"45","profile_image":""},{"id":"141132","employee_name":"1572897542353","employee_salary":"1477","employee_age":"35","profile_image":""},{"id":"141145","employee_name":"1572897580882","employee_salary":"1483","employee_age":"78","profile_image":""},{"id":"141152","employee_name":"1572897602150","employee_salary":"1341","employee_age":"91","profile_image":""},{"id":"141249","employee_name":"1572897924147","employee_salary":"1088","employee_age":"98","profile_image":""},{"id":"141253","employee_name":"1572897930917","employee_salary":"1101","employee_age":"35","profile_image":""},{"id":"142276","employee_name":"QTNov0420192101","employee_salary":"12345","employee_age":"30","profile_image":""},{"id":"142499","employee_name":"VeSmxGwdjzbS","employee_salary":"565778","employee_age":"28","profile_image":""},{"id":"142743","employee_name":"UWIlAQgFiaJq","employee_salary":"565778","employee_age":"28","profile_image":""},{"id":"143072","employee_name":"rayappa","employee_salary":"23000","employee_age":"30","profile_image":""},{"id":"143170","employee_name":"Brandon","employee_salary":"0","employee_age":"20","profile_image":""},{"id":"143957","employee_name":"testrrrr","employee_salary":"123","employee_age":"23","profile_image":""},{"id":"144233","employee_name":"test13132","employee_salary":"123","employee_age":"23","profile_image":""},{"id":"144236","employee_name":"test1313212","employee_salary":"123","employee_age":"23","profile_image":""},{"id":"144243","employee_name":"test89898989","employee_salary":"123","employee_age":"23","profile_image":""},{"id":"144268","employee_name":"test898989892","employee_salary":"123","employee_age":"23","profile_image":""},{"id":"144379","employee_name":"mustRandom123","employee_salary":"123","employee_age":"23","profile_image":""},{"id":"144434","employee_name":"rammukutti","employee_salary":"23000","employee_age":"28","profile_image":""},{"id":"144547","employee_name":"mustRandom1235","employee_salary":"123","employee_age":"23","profile_image":""},{"id":"144663","employee_name":"rasutest1","employee_salary":"23000","employee_age":"27","profile_image":""},{"id":"144664","employee_name":"rasutest2","employee_salary":"27000","employee_age":"29","profile_image":""},{"id":"144665","employee_name":"rasutest3","employee_salary":"39000","employee_age":"32","profile_image":""},{"id":"145010","employee_name":"Johna","employee_salary":"67219","employee_age":"78","profile_image":""},{"id":"145090","employee_name":"Rama","employee_salary":"1000","employee_age":"30","profile_image":""},{"id":"145112","employee_name":"Ramani","employee_salary":"1000","employee_age":"30","profile_image":""},{"id":"145140","employee_name":"wwww","employee_salary":"232323","employee_age":"12","profile_image":""},{"id":"145946","employee_name":"Nikhil","employee_salary":"123","employee_age":"23","profile_image":""},{"id":"146692","employee_name":"QTNov0520190101","employee_salary":"12345","employee_age":"30","profile_image":""},{"id":"147062","employee_name":"JohnV","employee_salary":"4759","employee_age":"89","profile_image":""},{"id":"147143","employee_name":"Joani","employee_salary":"88642","employee_age":"16","profile_image":""},{"id":"147237","employee_name":"Johnxyz123","employee_salary":"345765","employee_age":"26","profile_image":""},{"id":"147464","employee_name":"rsds","employee_salary":"1234","employee_age":"24","profile_image":""},{"id":"147588","employee_name":"JoanP","employee_salary":"29012","employee_age":"90","profile_image":""},{"id":"147676","employee_name":"JoanH","employee_salary":"55162","employee_age":"95","profile_image":""},{"id":"147707","employee_name":"Joanx","employee_salary":"45876","employee_age":"72","profile_image":""},{"id":"147790","employee_name":"JoanL","employee_salary":"70360","employee_age":"44","profile_image":""},{"id":"147979","employee_name":"Joano","employee_salary":"85223","employee_age":"63","profile_image":""},{"id":"148189","employee_name":"tesdsadat","employee_salary":"123","employee_age":"23","profile_image":""},{"id":"148198","employee_name":"tesdsadsat","employee_salary":"123","employee_age":"23","profile_image":""},{"id":"148352","employee_name":"1572920686901","employee_salary":"1362","employee_age":"40","profile_image":""},{"id":"148359","employee_name":"hendra","employee_salary":"61888","employee_age":"26","profile_image":""},{"id":"148377","employee_name":"1572920755842","employee_salary":"1111","employee_age":"28","profile_image":""},{"id":"148387","employee_name":"1572920786755","employee_salary":"1447","employee_age":"38","profile_image":""},{"id":"148514","employee_name":"1572921204691","employee_salary":"1204","employee_age":"50","profile_image":""},{"id":"148585","employee_name":"test4566","employee_salary":"123","employee_age":"23","profile_image":""},{"id":"148791","employee_name":"Cala","employee_salary":"56756","employee_age":"40","profile_image":""},{"id":"148865","employee_name":"test45667","employee_salary":"123","employee_age":"23","profile_image":""},{"id":"148956","employee_name":"Book","employee_salary":"56756","employee_age":"40","profile_image":""},{"id":"149083","employee_name":"SMITHXYZ","employee_salary":"56756","employee_age":"40","profile_image":""},{"id":"149337","employee_name":"James1","employee_salary":"55000","employee_age":"40","profile_image":""},{"id":"149399","employee_name":"James2","employee_salary":"55000","employee_age":"40","profile_image":""},{"id":"149415","employee_name":"James3","employee_salary":"55000","employee_age":"40","profile_image":""},{"id":"149503","employee_name":"testARG","employee_salary":"123","employee_age":"23","profile_image":""},{"id":"149613","employee_name":"ARGtest","employee_salary":"123","employee_age":"23","profile_image":""},{"id":"149651","employee_name":"test2423","employee_salary":"123","employee_age":"23","profile_image":""},{"id":"149703","employee_name":"Naresh","employee_salary":"3010","employee_age":"30","profile_image":""},{"id":"149711","employee_name":"test8768","employee_salary":"123","employee_age":"23","profile_image":""},{"id":"149733","employee_name":"PostmanDemo","employee_salary":"9090","employee_age":"23","profile_image":""},{"id":"149749","employee_name":"James4","employee_salary":"55000","employee_age":"40","profile_image":""},{"id":"149787","employee_name":"James6","employee_salary":"56000","employee_age":"41","profile_image":""},{"id":"149809","employee_name":"Guntipalli","employee_salary":"5000","employee_age":"30","profile_image":""},{"id":"149822","employee_name":"test139","employee_salary":"123","employee_age":"23","profile_image":""},{"id":"150165","employee_name":"James13","employee_salary":"56000","employee_age":"41","profile_image":""},{"id":"150845","employee_name":"Employee-JJcmu","employee_salary":"1234","employee_age":"23","profile_image":""},{"id":"150855","employee_name":"test208","employee_salary":"123","employee_age":"23","profile_image":""},{"id":"150859","employee_name":"WComzktcPWDy","employee_salary":"565778","employee_age":"28","profile_image":""},{"id":"150869","employee_name":"test209","employee_salary":"123","employee_age":"23","profile_image":""},{"id":"150888","employee_name":"qjUzeAnczoXK","employee_salary":"565778","employee_age":"28","profile_image":""},{"id":"151194","employee_name":"ACCT24242424","employee_salary":"24242424","employee_age":"23","profile_image":""},{"id":"151199","employee_name":"Hoang 637085264996930663","employee_salary":"1000","employee_age":"28","profile_image":""},{"id":"151209","employee_name":"JhonNicksatya136","employee_salary":"50000","employee_age":"24","profile_image":""},{"id":"151351","employee_name":"JhonNicksatya137","employee_salary":"50000","employee_age":"24","profile_image":""},{"id":"151403","employee_name":"test132_","employee_salary":"12000","employee_age":"28","profile_image":""},{"id":"151419","employee_name":"test133_","employee_salary":"12000","employee_age":"28","profile_image":""},{"id":"151495","employee_name":"testEEEEEE","employee_salary":"123","employee_age":"23","profile_image":""},{"id":"151533","employee_name":"test4","employee_salary":"123","employee_age":"23","profile_image":""},{"id":"151569","employee_name":"Employee-kTSQK","employee_salary":"1234","employee_age":"23","profile_image":""},{"id":"151601","employee_name":"Employee-CetmQ","employee_salary":"1234","employee_age":"23","profile_image":""},{"id":"151843","employee_name":"jay","employee_salary":"5444","employee_age":"26","profile_image":""},{"id":"152218","employee_name":"JoanC","employee_salary":"73558","employee_age":"19","profile_image":""},{"id":"152362","employee_name":"ram21","employee_salary":"23","employee_age":"23","profile_image":""},{"id":"153075","employee_name":"Joann","employee_salary":"74127","employee_age":"94","profile_image":""},{"id":"153280","employee_name":"test134&","employee_salary":"12000","employee_age":"12","profile_image":""},{"id":"153318","employee_name":"test135","employee_salary":"12000","employee_age":"12","profile_image":""},{"id":"153328","employee_name":"test136","employee_salary":"12000","employee_age":"12","profile_image":""},{"id":"153373","employee_name":"test137","employee_salary":"25000","employee_age":"25","profile_image":""},{"id":"153534","employee_name":"test139_","employee_salary":"25000","employee_age":"25","profile_image":""},{"id":"154023","employee_name":"test142_","employee_salary":"25000","employee_age":"25","profile_image":""},{"id":"154033","employee_name":"JhonNicksatya156","employee_salary":"50000","employee_age":"24","profile_image":""},{"id":"154059","employee_name":"anupama","employee_salary":"123","employee_age":"35","profile_image":""},{"id":"154077","employee_name":"anupama11","employee_salary":"123","employee_age":"35","profile_image":""},{"id":"154125","employee_name":"kguru10","employee_salary":"520000","employee_age":"25","profile_image":""},{"id":"154158","employee_name":"anupama112","employee_salary":"123","employee_age":"35","profile_image":""},{"id":"154165","employee_name":"anupama1122","employee_salary":"123","employee_age":"35","profile_image":""},{"id":"154172","employee_name":"test143_","employee_salary":"25000","employee_age":"25","profile_image":""},{"id":"154211","employee_name":"test144_","employee_salary":"25000","employee_age":"25","profile_image":""},{"id":"154212","employee_name":"test987","employee_salary":"123567","employee_age":"27","profile_image":""},{"id":"154219","employee_name":"tedt145_","employee_salary":"25000","employee_age":"25","profile_image":""},{"id":"154229","employee_name":"agrawal","employee_salary":"10000","employee_age":"35","profile_image":""},{"id":"154261","employee_name":"JhonNicksatya145","employee_salary":"50000","employee_age":"24","profile_image":""},{"id":"154262","employee_name":"test146_","employee_salary":"25000","employee_age":"25","profile_image":""},{"id":"154284","employee_name":"ritesh1","employee_salary":"10000","employee_age":"35","profile_image":""},{"id":"154291","employee_name":"JhonNicksatya125","employee_salary":"50000","employee_age":"24","profile_image":""},{"id":"154310","employee_name":"ritesh2","employee_salary":"10000","employee_age":"35","profile_image":""},{"id":"154335","employee_name":"omyYkDkWLpuv","employee_salary":"565778","employee_age":"28","profile_image":""},{"id":"154345","employee_name":"test89898898933","employee_salary":"123","employee_age":"23","profile_image":""},{"id":"154451","employee_name":"test145_","employee_salary":"25000","employee_age":"25","profile_image":""},{"id":"154455","employee_name":"TC001","employee_salary":"45000","employee_age":"25","profile_image":""},{"id":"154462","employee_name":"TC002","employee_salary":"45000","employee_age":"25","profile_image":""},{"id":"154552","employee_name":"test147_","employee_salary":"25000","employee_age":"25","profile_image":""},{"id":"154645","employee_name":"ritesh3","employee_salary":"10000","employee_age":"35","profile_image":""},{"id":"154650","employee_name":"roukmola","employee_salary":"123","employee_age":"23","profile_image":""},{"id":"154675","employee_name":"test149_","employee_salary":"25000","employee_age":"25","profile_image":""},{"id":"154694","employee_name":"D63xo68qbk","employee_salary":"100","employee_age":"20","profile_image":""},{"id":"154695","employee_name":"Ca05juyer3","employee_salary":"100","employee_age":"20","profile_image":""},{"id":"154696","employee_name":"Dgneimc258","employee_salary":"200","employee_age":"21","profile_image":""},{"id":"154698","employee_name":"Igxjea76tv","employee_salary":"100","employee_age":"20","profile_image":""},{"id":"154710","employee_name":"Manish05\/11\/19 13:31:56","employee_salary":"10000","employee_age":"25","profile_image":""},{"id":"154735","employee_name":"Lukasz32590","employee_salary":"30000","employee_age":"35","profile_image":""},{"id":"154736","employee_name":"Marta32590","employee_salary":"9200","employee_age":"21","profile_image":""},{"id":"154737","employee_name":"Filip32590","employee_salary":"54345","employee_age":"44","profile_image":""},{"id":"154738","employee_name":"Mariusz32590","employee_salary":"4433","employee_age":"29","profile_image":""},{"id":"154739","employee_name":"Michal32598","employee_salary":"150000","employee_age":"32","profile_image":""},{"id":"154743","employee_name":"Karol32600","employee_salary":"150000","employee_age":"32","profile_image":""},{"id":"154744","employee_name":"MichalUpd32601","employee_salary":"1100000","employee_age":"66","profile_image":""},{"id":"154748","employee_name":"test150_","employee_salary":"25000","employee_age":"25","profile_image":""},{"id":"154754","employee_name":"test151_","employee_salary":"25000","employee_age":"25","profile_image":""},{"id":"154765","employee_name":"Manish05\/11\/19 13:34:26","employee_salary":"10000","employee_age":"25","profile_image":""},{"id":"154781","employee_name":"test152_","employee_salary":"25000","employee_age":"25","profile_image":""},{"id":"154835","employee_name":"Manish05\/11\/19 13:38:09","employee_salary":"10000","employee_age":"25","profile_image":""},{"id":"154864","employee_name":"Manish05\/11\/19 13:39:49","employee_salary":"10000","employee_age":"25","profile_image":""},{"id":"154925","employee_name":"Manish05\/11\/19 13:43:02","employee_salary":"10000","employee_age":"25","profile_image":""},{"id":"155066","employee_name":"testALE44","employee_salary":"32","employee_age":"32","profile_image":""},{"id":"155818","employee_name":"test126783","employee_salary":"123","employee_age":"23","profile_image":""},{"id":"155879","employee_name":"SunilKumar","employee_salary":"100","employee_age":"20","profile_image":""},{"id":"156010","employee_name":"TC003","employee_salary":"45000","employee_age":"25","profile_image":""},{"id":"156173","employee_name":"Hasan Sas Pro","employee_salary":"32000","employee_age":"31","profile_image":""},{"id":"156363","employee_name":"vak","employee_salary":"40000","employee_age":"40","profile_image":""},{"id":"156390","employee_name":"Pr","employee_salary":"1231231","employee_age":"23","profile_image":""},{"id":"156395","employee_name":"LaLa","employee_salary":"1223123","employee_age":"23","profile_image":""},{"id":"156402","employee_name":"WWDudqUMkiZs","employee_salary":"565778","employee_age":"28","profile_image":""},{"id":"156446","employee_name":"jaya","employee_salary":"80000","employee_age":"25","profile_image":""},{"id":"156462","employee_name":"singh1234","employee_salary":"0","employee_age":"23","profile_image":""},{"id":"156500","employee_name":"MFADszmtpoGz","employee_salary":"565778","employee_age":"28","profile_image":""},{"id":"156615","employee_name":"ram 21","employee_salary":"565656","employee_age":"23","profile_image":""},{"id":"156711","employee_name":"Jay shree Ram","employee_salary":"565778","employee_age":"28","profile_image":""},{"id":"156925","employee_name":"Ravi kashyap","employee_salary":"15000","employee_age":"28","profile_image":""},{"id":"156979","employee_name":"sudheer","employee_salary":"15500","employee_age":"21","profile_image":""},{"id":"157061","employee_name":"Hasan Sas","employee_salary":"34000","employee_age":"29","profile_image":""},{"id":"157094","employee_name":"Manish05","employee_salary":"10000","employee_age":"25","profile_image":""},{"id":"157504","employee_name":"test3e","employee_salary":"123","employee_age":"23","profile_image":""},{"id":"157517","employee_name":"pwHTdvynFOGA","employee_salary":"565778","employee_age":"28","profile_image":""},{"id":"157621","employee_name":"abcrwesarwer","employee_salary":"123","employee_age":"23","profile_image":""},{"id":"157749","employee_name":"qtCqOQTxdwxI","employee_salary":"565778","employee_age":"28","profile_image":""},{"id":"157778","employee_name":"dtghddfgdf","employee_salary":"0","employee_age":"0","profile_image":""},{"id":"157800","employee_name":"Victoria","employee_salary":"5000","employee_age":"30","profile_image":""},{"id":"157883","employee_name":"Uliana","employee_salary":"1234","employee_age":"24","profile_image":""},{"id":"157914","employee_name":"jdmaFWgxLRSk","employee_salary":"565778","employee_age":"28","profile_image":""},{"id":"158065","employee_name":"Olha","employee_salary":"1234","employee_age":"24","profile_image":""},{"id":"158093","employee_name":"Ira","employee_salary":"1234","employee_age":"24","profile_image":""},{"id":"158128","employee_name":"TC00123","employee_salary":"45000","employee_age":"45","profile_image":""},{"id":"158132","employee_name":"Marta43391","employee_salary":"9200","employee_age":"21","profile_image":""},{"id":"158133","employee_name":"Filip43391","employee_salary":"54345","employee_age":"44","profile_image":""},{"id":"158134","employee_name":"Mariusz43391","employee_salary":"4433","employee_age":"29","profile_image":""},{"id":"158138","employee_name":"Karol43403","employee_salary":"150000","employee_age":"32","profile_image":""},{"id":"158139","employee_name":"MichalUpd43405","employee_salary":"1100000","employee_age":"66","profile_image":""},{"id":"158146","employee_name":"James123","employee_salary":"45000","employee_age":"45","profile_image":""},{"id":"158168","employee_name":"Uliana123","employee_salary":"1234","employee_age":"24","profile_image":""},{"id":"158199","employee_name":"Uliana1234","employee_salary":"1234","employee_age":"24","profile_image":""},{"id":"158230","employee_name":"Uliana12345","employee_salary":"1234","employee_age":"24","profile_image":""},{"id":"158603","employee_name":"Uliana123456","employee_salary":"1234","employee_age":"24","profile_image":""},{"id":"158689","employee_name":"testtestnag5nov11","employee_salary":"123","employee_age":"23","profile_image":""},{"id":"158776","employee_name":"Test100","employee_salary":"1000","employee_age":"24","profile_image":""},{"id":"158833","employee_name":"Manish05\/11\/19 17:10:44","employee_salary":"10000","employee_age":"25","profile_image":""},{"id":"158846","employee_name":"EwsQzBrNUijh","employee_salary":"565778","employee_age":"28","profile_image":""},{"id":"159080","employee_name":"User1","employee_salary":"1000","employee_age":"33","profile_image":""},{"id":"159123","employee_name":"JoRNLwLFhHFQ","employee_salary":"565778","employee_age":"28","profile_image":""},{"id":"159172","employee_name":"YyOUjxZQLMek","employee_salary":"565778","employee_age":"28","profile_image":""},{"id":"159207","employee_name":"Mubin Shaikh","employee_salary":"100000","employee_age":"21","profile_image":""},{"id":"159246","employee_name":"msiqYPCRqfct","employee_salary":"565778","employee_age":"28","profile_image":""},{"id":"159310","employee_name":"DDDxCZjJIwiy","employee_salary":"565778","employee_age":"28","profile_image":""},{"id":"159404","employee_name":"qWsLsTpPtehJ","employee_salary":"565778","employee_age":"28","profile_image":""},{"id":"159468","employee_name":"Master Sonic","employee_salary":"2147483647","employee_age":"2","profile_image":""},{"id":"159536","employee_name":"WZEgTmVogKGE","employee_salary":"565778","employee_age":"28","profile_image":""},{"id":"159595","employee_name":"radhika","employee_salary":"123","employee_age":"23","profile_image":""},{"id":"159685","employee_name":"test5nov2019user1","employee_salary":"123","employee_age":"23","profile_image":""},{"id":"159821","employee_name":"tes1t","employee_salary":"123","employee_age":"23","profile_image":""},{"id":"160109","employee_name":"Burrah3446","employee_salary":"123","employee_age":"23","profile_image":""},{"id":"160163","employee_name":"test6787","employee_salary":"123","employee_age":"23","profile_image":""},{"id":"160251","employee_name":"werwe-1","employee_salary":"45454","employee_age":"29","profile_image":""},{"id":"160303","employee_name":"ram21-3","employee_salary":"40000","employee_age":"40","profile_image":""},{"id":"160317","employee_name":"selcuk","employee_salary":"123","employee_age":"23","profile_image":""},{"id":"160324","employee_name":"elena","employee_salary":"10000","employee_age":"30","profile_image":""},{"id":"160346","employee_name":"1572958975787","employee_salary":"1057","employee_age":"33","profile_image":""},{"id":"160366","employee_name":"ram-m","employee_salary":"565656","employee_age":"87","profile_image":""},{"id":"160537","employee_name":"Rafael Louzano","employee_salary":"1500","employee_age":"25","profile_image":""},{"id":"160550","employee_name":"check5678","employee_salary":"454545","employee_age":"45","profile_image":""},{"id":"160595","employee_name":"test121212","employee_salary":"123","employee_age":"23","profile_image":""},{"id":"160629","employee_name":"test1212454512","employee_salary":"123","employee_age":"23","profile_image":""},{"id":"160657","employee_name":"prasanna","employee_salary":"123","employee_age":"23","profile_image":""},{"id":"160699","employee_name":"Pavan","employee_salary":"123","employee_age":"23","profile_image":""},{"id":"160729","employee_name":"sai123","employee_salary":"123","employee_age":"23","profile_image":""},{"id":"160752","employee_name":"testproduct1","employee_salary":"543","employee_age":"543","profile_image":""},{"id":"160876","employee_name":"Prasana","employee_salary":"123","employee_age":"23","profile_image":""},{"id":"160968","employee_name":"Prasana1","employee_salary":"123","employee_age":"23","profile_image":""},{"id":"161010","employee_name":"q`wertyuiop[asdfghjkl;'zxcvbnm,.\/sdfgiop[]hjkl;'dfghjkl;'sdfghjkl;'","employee_salary":"0","employee_age":"0","profile_image":""},{"id":"161011","employee_name":"q`wertyuiop[asdfghjkl;'zxcvbnm,.\/sdfgiop[]hjkl;'dfghjkl;'","employee_salary":"0","employee_age":"0","profile_image":""},{"id":"161022","employee_name":"Lukas","employee_salary":"3000","employee_age":"40","profile_image":""},{"id":"161069","employee_name":"test56565","employee_salary":"123","employee_age":"23","profile_image":""},{"id":"161151","employee_name":"Nag123","employee_salary":"99999","employee_age":"23","profile_image":""},{"id":"161155","employee_name":"Bykova1","employee_salary":"10000","employee_age":"30","profile_image":""},{"id":"161159","employee_name":"ram babu","employee_salary":"1500","employee_age":"55","profile_image":""},{"id":"161296","employee_name":"Bykova","employee_salary":"5000","employee_age":"28","profile_image":""},{"id":"161474","employee_name":"Lukasz54206","employee_salary":"30000","employee_age":"35","profile_image":""},{"id":"161475","employee_name":"Marta54206","employee_salary":"9200","employee_age":"21","profile_image":""},{"id":"161476","employee_name":"Filip54206","employee_salary":"54345","employee_age":"44","profile_image":""},{"id":"161477","employee_name":"Mariusz54206","employee_salary":"4433","employee_age":"29","profile_image":""},{"id":"161481","employee_name":"Michal54220","employee_salary":"150000","employee_age":"32","profile_image":""},{"id":"161482","employee_name":"Karol54223","employee_salary":"150000","employee_age":"32","profile_image":""},{"id":"161483","employee_name":"MichalUpd54224","employee_salary":"1100000","employee_age":"66","profile_image":""},{"id":"161658","employee_name":"Rafael","employee_salary":"1800","employee_age":"30","profile_image":""},{"id":"161762","employee_name":"test333","employee_salary":"123","employee_age":"23","profile_image":""},{"id":"161852","employee_name":"test90909","employee_salary":"123","employee_age":"23","profile_image":""},{"id":"162242","employee_name":"Onur Deneme1","employee_salary":"260","employee_age":"26","profile_image":""},{"id":"162327","employee_name":"1572965273392","employee_salary":"1371","employee_age":"71","profile_image":""},{"id":"162337","employee_name":"1572965305501","employee_salary":"1265","employee_age":"51","profile_image":""},{"id":"162341","employee_name":"Manish05\/11\/19 20:18:38","employee_salary":"10000","employee_age":"25","profile_image":""},{"id":"162400","employee_name":"1572965475585","employee_salary":"1014","employee_age":"20","profile_image":""},{"id":"162500","employee_name":"Der Neue","employee_salary":"100202","employee_age":"3","profile_image":""},{"id":"162586","employee_name":"QTNov0520191501","employee_salary":"12345","employee_age":"30","profile_image":""},{"id":"163403","employee_name":"test_123","employee_salary":"123","employee_age":"23","profile_image":""},{"id":"163432","employee_name":"Manish05\/11\/19 21:17:07","employee_salary":"10000","employee_age":"25","profile_image":""},{"id":"163496","employee_name":"Manish05\/11\/19 21:20:38","employee_salary":"10000","employee_age":"25","profile_image":""},{"id":"164027","employee_name":"zPbkBxkjsvpY","employee_salary":"565778","employee_age":"28","profile_image":""},{"id":"164487","employee_name":"QTNov0520191134","employee_salary":"12345","employee_age":"30","profile_image":""},{"id":"164790","employee_name":"test29","employee_salary":"100","employee_age":"23","profile_image":""},{"id":"164853","employee_name":"JoanU","employee_salary":"37488","employee_age":"62","profile_image":""},{"id":"164911","employee_name":"Kaya Cronin","employee_salary":"250","employee_age":"798","profile_image":""},{"id":"164916","employee_name":"Edna Borer","employee_salary":"284","employee_age":"507","profile_image":""},{"id":"164965","employee_name":"Victoria Ward","employee_salary":"509","employee_age":"596","profile_image":""},{"id":"165017","employee_name":"Gonivo","employee_salary":"335","employee_age":"336","profile_image":""},{"id":"165067","employee_name":"Eda Shanahan","employee_salary":"526","employee_age":"869","profile_image":""},{"id":"165189","employee_name":"test23","employee_salary":"123","employee_age":"23","profile_image":""},{"id":"165196","employee_name":"Soma","employee_salary":"500000","employee_age":"24","profile_image":""},{"id":"165197","employee_name":"test34","employee_salary":"123","employee_age":"23","profile_image":""},{"id":"165382","employee_name":"Angelina Williamson","employee_salary":"655","employee_age":"254","profile_image":""},{"id":"165407","employee_name":"Theodore Williamson","employee_salary":"296","employee_age":"301","profile_image":""},{"id":"165429","employee_name":"Hollie Jerde","employee_salary":"568","employee_age":"914","profile_image":""},{"id":"165620","employee_name":"kapilhgvby","employee_salary":"123","employee_age":"23","profile_image":""},{"id":"166144","employee_name":"testTASB","employee_salary":"123","employee_age":"23","profile_image":""},{"id":"166187","employee_name":"JoanZ","employee_salary":"45268","employee_age":"90","profile_image":""},{"id":"166323","employee_name":"testvzaer","employee_salary":"1123","employee_age":"23","profile_image":""},{"id":"166339","employee_name":"taaaaa","employee_salary":"112311","employee_age":"30","profile_image":""},{"id":"166359","employee_name":"taaaaxxxa","employee_salary":"112311","employee_age":"31","profile_image":""},{"id":"166439","employee_name":"jubervalio","employee_salary":"1000","employee_age":"24","profile_image":""},{"id":"166450","employee_name":"testee","employee_salary":"123","employee_age":"23","profile_image":""},{"id":"166454","employee_name":"aigiriFF","employee_salary":"199243","employee_age":"27","profile_image":""},{"id":"166809","employee_name":"Hoang 637085756791662287","employee_salary":"1000","employee_age":"28","profile_image":""},{"id":"166907","employee_name":"testabc","employee_salary":"123","employee_age":"23","profile_image":""},{"id":"167012","employee_name":"rasu110501","employee_salary":"26000","employee_age":"25","profile_image":""},{"id":"167013","employee_name":"rasu110502","employee_salary":"26001","employee_age":"26","profile_image":""},{"id":"167014","employee_name":"rasu110503","employee_salary":"26002","employee_age":"27","profile_image":""},{"id":"167015","employee_name":"rasu110504","employee_salary":"26003","employee_age":"28","profile_image":""},{"id":"167016","employee_name":"rasu110505","employee_salary":"26004","employee_age":"29","profile_image":""},{"id":"167017","employee_name":"rasu110506","employee_salary":"26005","employee_age":"30","profile_image":""},{"id":"167055","employee_name":"jubervaliosas","employee_salary":"1000","employee_age":"24","profile_image":""},{"id":"167453","employee_name":"Yara","employee_salary":"1000","employee_age":"24","profile_image":""},{"id":"167461","employee_name":"Yar2222a","employee_salary":"1000","employee_age":"24","profile_image":""},{"id":"167469","employee_name":"Yar22222a","employee_salary":"1000","employee_age":"24","profile_image":""},{"id":"167506","employee_name":"GrooveTech","employee_salary":"1000","employee_age":"24","profile_image":""},{"id":"167522","employee_name":"Yara2222aaaasa","employee_salary":"1000","employee_age":"24","profile_image":""},{"id":"167637","employee_name":"asdsad","employee_salary":"324324","employee_age":"23","profile_image":""},{"id":"167665","employee_name":"sdfasf","employee_salary":"0","employee_age":"0","profile_image":""},{"id":"167681","employee_name":"sdaff32","employee_salary":"3232","employee_age":"12","profile_image":""},{"id":"167700","employee_name":"thais12w3","employee_salary":"0","employee_age":"0","profile_image":""},{"id":"167872","employee_name":"Manish06\/11\/19 01:04:26","employee_salary":"10000","employee_age":"25","profile_image":""},{"id":"167945","employee_name":"qwert","employee_salary":"1123","employee_age":"23","profile_image":""},{"id":"168065","employee_name":"KevTest","employee_salary":"99081","employee_age":"33","profile_image":""},{"id":"168081","employee_name":"dsadsadasds","employee_salary":"32432","employee_age":"324324","profile_image":""},{"id":"168140","employee_name":"KevTest1","employee_salary":"99081","employee_age":"33","profile_image":""},{"id":"168156","employee_name":"Manish06\/11\/19 01:19:41","employee_salary":"10000","employee_age":"25","profile_image":""},{"id":"168191","employee_name":"dsadf","employee_salary":"21","employee_age":"2","profile_image":""},{"id":"168195","employee_name":"KevTest2","employee_salary":"99081","employee_age":"33","profile_image":""},{"id":"168220","employee_name":"dsad232","employee_salary":"33","employee_age":"22","profile_image":""},{"id":"168274","employee_name":"KevTest3","employee_salary":"99081","employee_age":"33","profile_image":""},{"id":"168290","employee_name":"sdads","employee_salary":"32","employee_age":"323","profile_image":""},{"id":"168299","employee_name":"KevTest4","employee_salary":"99081","employee_age":"33","profile_image":""},{"id":"168373","employee_name":"KevTest5","employee_salary":"99081","employee_age":"33","profile_image":""},{"id":"168383","employee_name":"asdad","employee_salary":"0","employee_age":"0","profile_image":""},{"id":"168402","employee_name":"asdas","employee_salary":"324","employee_age":"32","profile_image":""},{"id":"168430","employee_name":"332","employee_salary":"332","employee_age":"3232","profile_image":""},{"id":"168443","employee_name":"eweq","employee_salary":"2323","employee_age":"22","profile_image":""},{"id":"168459","employee_name":"ewewe","employee_salary":"32332","employee_age":"332","profile_image":""},{"id":"168485","employee_name":"wqqew","employee_salary":"223","employee_age":"33","profile_image":""},{"id":"168503","employee_name":"shivaji","employee_salary":"111111","employee_age":"222222","profile_image":""},{"id":"168522","employee_name":"Kevin6","employee_salary":"99081","employee_age":"33","profile_image":""},{"id":"168580","employee_name":"Kevin7","employee_salary":"99081","employee_age":"33","profile_image":""},{"id":"168581","employee_name":"Kevin9","employee_salary":"99081","employee_age":"33","profile_image":""},{"id":"168588","employee_name":"Kevin11","employee_salary":"99081","employee_age":"33","profile_image":""},{"id":"168668","employee_name":"dsad","employee_salary":"344","employee_age":"43","profile_image":""},{"id":"168921","employee_name":"Kevin13","employee_salary":"99081","employee_age":"33","profile_image":""},{"id":"169014","employee_name":"ttt","employee_salary":"77","employee_age":"55","profile_image":""},{"id":"169047","employee_name":"test779792","employee_salary":"123","employee_age":"23","profile_image":""},{"id":"169068","employee_name":"test779791","employee_salary":"123","employee_age":"23","profile_image":""},{"id":"169083","employee_name":"xxxxxxxx","employee_salary":"2147483647","employee_age":"99999999","profile_image":""},{"id":"169252","employee_name":"PASIK","employee_salary":"15000","employee_age":"24","profile_image":""},{"id":"169277","employee_name":"Kevin14","employee_salary":"99081","employee_age":"33","profile_image":""},{"id":"169344","employee_name":"dixon","employee_salary":"34000","employee_age":"34","profile_image":""},{"id":"169354","employee_name":"Pasik24","employee_salary":"15000","employee_age":"24","profile_image":""},{"id":"169374","employee_name":"dixonqq","employee_salary":"34000","employee_age":"34","profile_image":""},{"id":"169601","employee_name":"test749799","employee_salary":"123","employee_age":"23","profile_image":""},{"id":"169719","employee_name":"JohnF","employee_salary":"42742","employee_age":"25","profile_image":""},{"id":"169825","employee_name":"Johnt","employee_salary":"90332","employee_age":"1","profile_image":""},{"id":"170242","employee_name":"Johni","employee_salary":"60110","employee_age":"29","profile_image":""},{"id":"170364","employee_name":"abc","employee_salary":"30000","employee_age":"40","profile_image":""},{"id":"170365","employee_name":"xvz123","employee_salary":"40000","employee_age":"34","profile_image":""},{"id":"170366","employee_name":"fdrtebcm","employee_salary":"67000","employee_age":"24","profile_image":""},{"id":"170788","employee_name":"testTASB2","employee_salary":"123","employee_age":"23","profile_image":""},{"id":"171086","employee_name":"test122311","employee_salary":"123","employee_age":"23","profile_image":""},{"id":"171366","employee_name":"test122391","employee_salary":"123","employee_age":"23","profile_image":""},{"id":"171601","employee_name":"test816433","employee_salary":"123","employee_age":"23","profile_image":""},{"id":"171714","employee_name":"test882139","employee_salary":"123","employee_age":"23","profile_image":""},{"id":"171764","employee_name":"test992062","employee_salary":"123","employee_age":"23","profile_image":""},{"id":"171811","employee_name":"test_anna_1604","employee_salary":"1000","employee_age":"19","profile_image":""},{"id":"171819","employee_name":"test_anna_1605","employee_salary":"1000","employee_age":"19","profile_image":""},{"id":"171845","employee_name":"test818362","employee_salary":"123","employee_age":"23","profile_image":""},{"id":"171852","employee_name":"test_anna_16055","employee_salary":"1000","employee_age":"19","profile_image":""},{"id":"171860","employee_name":"test_anna_160155","employee_salary":"1000","employee_age":"19","profile_image":""},{"id":"171864","employee_name":"test947363","employee_salary":"123","employee_age":"23","profile_image":""},{"id":"171865","employee_name":"1111122222","employee_salary":"1000","employee_age":"19","profile_image":""},{"id":"172552","employee_name":"JohnR","employee_salary":"1816","employee_age":"97","profile_image":""},{"id":"172941","employee_name":"test2015","employee_salary":"123","employee_age":"23","profile_image":""},{"id":"172991","employee_name":"test325733","employee_salary":"123","employee_age":"23","profile_image":""},{"id":"173013","employee_name":"{{inputName}}","employee_salary":"0","employee_age":"0","profile_image":""},{"id":"173051","employee_name":"neelam","employee_salary":"123","employee_age":"35","profile_image":""},{"id":"173188","employee_name":"Mark","employee_salary":"1200","employee_age":"40","profile_image":""},{"id":"173235","employee_name":"Alice","employee_salary":"1200","employee_age":"40","profile_image":""},{"id":"173386","employee_name":"Ann","employee_salary":"123","employee_age":"35","profile_image":""},{"id":"173489","employee_name":"Ally","employee_salary":"1200","employee_age":"40","profile_image":""},{"id":"173544","employee_name":"tester1","employee_salary":"1230","employee_age":"32","profile_image":""},{"id":"173600","employee_name":"Amy","employee_salary":"1200","employee_age":"40","profile_image":""},{"id":"173891","employee_name":"1573001955519","employee_salary":"1350","employee_age":"24","profile_image":""},{"id":"173908","employee_name":"1573002002623","employee_salary":"1291","employee_age":"35","profile_image":""},{"id":"174572","employee_name":"1573004188707","employee_salary":"1071","employee_age":"90","profile_image":""},{"id":"174740","employee_name":"Merry","employee_salary":"33333","employee_age":"19","profile_image":""},{"id":"174775","employee_name":"1573004846171","employee_salary":"1156","employee_age":"27","profile_image":""},{"id":"174808","employee_name":"1573004944616","employee_salary":"1184","employee_age":"76","profile_image":""},{"id":"175082","employee_name":"1573005807324","employee_salary":"1155","employee_age":"45","profile_image":""},{"id":"175261","employee_name":"1573006346289","employee_salary":"1081","employee_age":"20","profile_image":""},{"id":"175283","employee_name":"1573006411288","employee_salary":"1210","employee_age":"90","profile_image":""},{"id":"175285","employee_name":"1573006414676","employee_salary":"1102","employee_age":"34","profile_image":""},{"id":"175292","employee_name":"1573006429389","employee_salary":"1484","employee_age":"18","profile_image":""},{"id":"175315","employee_name":"1573006505183","employee_salary":"1025","employee_age":"51","profile_image":""},{"id":"175320","employee_name":"1573006514264","employee_salary":"1253","employee_age":"22","profile_image":""},{"id":"175333","employee_name":"1573006551480","employee_salary":"1168","employee_age":"41","profile_image":""},{"id":"175344","employee_name":"1573006585002","employee_salary":"1325","employee_age":"93","profile_image":""},{"id":"175349","employee_name":"1573006594787","employee_salary":"1251","employee_age":"48","profile_image":""},{"id":"175565","employee_name":"Ar10Maradona","employee_salary":"123","employee_age":"23","profile_image":""},{"id":"175851","employee_name":"a1","employee_salary":"0","employee_age":"23","profile_image":""},{"id":"175853","employee_name":"a4","employee_salary":"0","employee_age":"23","profile_image":""},{"id":"175854","employee_name":"a8","employee_salary":"0","employee_age":"0","profile_image":""},{"id":"175855","employee_name":"a16","employee_salary":"0","employee_age":"99","profile_image":""},{"id":"175991","employee_name":"QTNov0520192150","employee_salary":"12345","employee_age":"30","profile_image":""},{"id":"176153","employee_name":"Dharmendran","employee_salary":"123","employee_age":"23","profile_image":""},{"id":"176251","employee_name":"Nagesh6Nov","employee_salary":"123","employee_age":"23","profile_image":""},{"id":"176358","employee_name":"testNagesh7Nov2019","employee_salary":"112300","employee_age":"33","profile_image":""},{"id":"177371","employee_name":"Hasan Sas Sports Pro","employee_salary":"30000","employee_age":"32","profile_image":""},{"id":"178008","employee_name":"Prasan1","employee_salary":"123","employee_age":"23","profile_image":""},{"id":"178155","employee_name":"prasa","employee_salary":"123","employee_age":"23","profile_image":""},{"id":"178193","employee_name":"pras","employee_salary":"123","employee_age":"23","profile_image":""},{"id":"178348","employee_name":"TESTT","employee_salary":"76902","employee_age":"0","profile_image":""},{"id":"178380","employee_name":"TESTI","employee_salary":"54643","employee_age":"0","profile_image":""},{"id":"178416","employee_name":"test2114","employee_salary":"123","employee_age":"23","profile_image":""},{"id":"178492","employee_name":"TESTP","employee_salary":"81931","employee_age":"0","profile_image":""},{"id":"178549","employee_name":"TESTr","employee_salary":"6043","employee_age":"0","profile_image":""},{"id":"178605","employee_name":"TESTO","employee_salary":"96643","employee_age":"0","profile_image":""},{"id":"178639","employee_name":"TESTn","employee_salary":"88833","employee_age":"0","profile_image":""},{"id":"178756","employee_name":"TESTB","employee_salary":"40597","employee_age":"0","profile_image":""},{"id":"178766","employee_name":"TESTW","employee_salary":"7057","employee_age":"0","profile_image":""},{"id":"178925","employee_name":"Johndsadsa","employee_salary":"1234","employee_age":"23","profile_image":""},{"id":"179029","employee_name":"teston6th","employee_salary":"100","employee_age":"1","profile_image":""},{"id":"179034","employee_name":"TESTa","employee_salary":"90328","employee_age":"0","profile_image":""},{"id":"179042","employee_name":"test148_","employee_salary":"25000","employee_age":"25","profile_image":""},{"id":"179107","employee_name":"KKK","employee_salary":"123","employee_age":"22","profile_image":""},{"id":"179164","employee_name":"TESTD","employee_salary":"64747","employee_age":"0","profile_image":""},{"id":"179174","employee_name":"KK1K","employee_salary":"123","employee_age":"22","profile_image":""},{"id":"179190","employee_name":"TESTz","employee_salary":"54995","employee_age":"74","profile_image":""},{"id":"179209","employee_name":"testperson","employee_salary":"1345","employee_age":"23","profile_image":""},{"id":"179234","employee_name":"123","employee_salary":"222","employee_age":"11","profile_image":""},{"id":"179246","employee_name":"TESTJ","employee_salary":"87741","employee_age":"83","profile_image":""},{"id":"179871","employee_name":"prasanna12","employee_salary":"123","employee_age":"23","profile_image":""},{"id":"180353","employee_name":"sam123","employee_salary":"2000","employee_age":"23","profile_image":""},{"id":"180551","employee_name":"prasanna123","employee_salary":"123","employee_age":"23","profile_image":""},{"id":"180606","employee_name":"sam12","employee_salary":"2000","employee_age":"23","profile_image":""},{"id":"181059","employee_name":"sachin","employee_salary":"123","employee_age":"23","profile_image":""},{"id":"182950","employee_name":"das1","employee_salary":"23","employee_age":"2000","profile_image":""},{"id":"182962","employee_name":"kumar","employee_salary":"32","employee_age":"3666","profile_image":""},{"id":"183035","employee_name":"textmm","employee_salary":"123","employee_age":"23","profile_image":""},{"id":"183127","employee_name":"tammy","employee_salary":"5000","employee_age":"20","profile_image":""},{"id":"183131","employee_name":"das12","employee_salary":"23","employee_age":"2000","profile_image":""},{"id":"183132","employee_name":"ravi12","employee_salary":"25","employee_age":"2333","profile_image":""},{"id":"183133","employee_name":"kumar12","employee_salary":"32","employee_age":"3666","profile_image":""},{"id":"184722","employee_name":"Johnrewera","employee_salary":"7000","employee_age":"23","profile_image":""},{"id":"184726","employee_name":"JVjOLGCZoAZm","employee_salary":"565778","employee_age":"28","profile_image":""},{"id":"185849","employee_name":"onkar","employee_salary":"13323555","employee_age":"23","profile_image":""},{"id":"185886","employee_name":"jsjhfk","employee_salary":"6666","employee_age":"65","profile_image":""},{"id":"185915","employee_name":"KKK12345","employee_salary":"55","employee_age":"55","profile_image":""},{"id":"185935","employee_name":"QWER","employee_salary":"7000","employee_age":"23","profile_image":""},{"id":"186021","employee_name":"John4","employee_salary":"25","employee_age":"10","profile_image":""},{"id":"186022","employee_name":"John5","employee_salary":"30","employee_age":"20","profile_image":""},{"id":"186109","employee_name":"sjdf","employee_salary":"98","employee_age":"67","profile_image":""},{"id":"186181","employee_name":"John44","employee_salary":"25","employee_age":"10","profile_image":""},{"id":"186182","employee_name":"John54","employee_salary":"30","employee_age":"20","profile_image":""},{"id":"186290","employee_name":"newuser677863","employee_salary":"121","employee_age":"1","profile_image":""},{"id":"186890","employee_name":"agf","employee_salary":"8000","employee_age":"24","profile_image":""},{"id":"186894","employee_name":"sagf","employee_salary":"9000","employee_age":"25","profile_image":""},{"id":"186897","employee_name":"dhfhh4","employee_salary":"5000","employee_age":"43","profile_image":""},{"id":"186995","employee_name":"auysid56","employee_salary":"6666","employee_age":"88","profile_image":""},{"id":"187176","employee_name":"Channel1.Device1.Tag1_1138","employee_salary":"1138","employee_age":"45","profile_image":""},{"id":"187177","employee_name":"Channel1.Device1.Tag1_1139","employee_salary":"1139","employee_age":"45","profile_image":""},{"id":"187178","employee_name":"Channel1.Device1.Tag1_1140","employee_salary":"1140","employee_age":"45","profile_image":""},{"id":"187179","employee_name":"Channel1.Device1.Tag1_1141","employee_salary":"1141","employee_age":"45","profile_image":""},{"id":"187183","employee_name":"Channel1.Device1.Tag1_1148","employee_salary":"1148","employee_age":"45","profile_image":""},{"id":"187184","employee_name":"Channel1.Device1.Tag1_1149","employee_salary":"1149","employee_age":"45","profile_image":""},{"id":"187185","employee_name":"Channel1.Device1.Tag1_1150","employee_salary":"1150","employee_age":"45","profile_image":""},{"id":"187189","employee_name":"Channel1.Device1.Tag1_1158","employee_salary":"1158","employee_age":"45","profile_image":""},{"id":"187190","employee_name":"Channel1.Device1.Tag1_1159","employee_salary":"1159","employee_age":"45","profile_image":""},{"id":"187191","employee_name":"Channel1.Device1.Tag1_1160","employee_salary":"1160","employee_age":"45","profile_image":""},{"id":"187195","employee_name":"Channel1.Device1.Tag1_1168","employee_salary":"1168","employee_age":"45","profile_image":""},{"id":"187196","employee_name":"Channel1.Device1.Tag1_1169","employee_salary":"1169","employee_age":"45","profile_image":""},{"id":"187200","employee_name":"Channel1.Device1.Tag1_1178","employee_salary":"1178","employee_age":"45","profile_image":""},{"id":"187204","employee_name":"Channel1.Device1.Tag1_1188","employee_salary":"1188","employee_age":"45","profile_image":""},{"id":"187208","employee_name":"Channel1.Device1.Tag1_1198","employee_salary":"1198","employee_age":"45","profile_image":""},{"id":"187209","employee_name":"Channel1.Device1.Tag1_1199","employee_salary":"1199","employee_age":"45","profile_image":""},{"id":"187213","employee_name":"Channel1.Device1.Tag1_1207","employee_salary":"1207","employee_age":"45","profile_image":""},{"id":"187214","employee_name":"Channel1.Device1.Tag1_1208","employee_salary":"1208","employee_age":"45","profile_image":""},{"id":"187215","employee_name":"Channel1.Device1.Tag1_1209","employee_salary":"1209","employee_age":"45","profile_image":""},{"id":"187216","employee_name":"Channel1.Device1.Tag1_1210","employee_salary":"1210","employee_age":"45","profile_image":""},{"id":"187220","employee_name":"Channel1.Device1.Tag1_1217","employee_salary":"1217","employee_age":"45","profile_image":""},{"id":"187221","employee_name":"Channel1.Device1.Tag1_1218","employee_salary":"1218","employee_age":"45","profile_image":""},{"id":"187222","employee_name":"Channel1.Device1.Tag1_1219","employee_salary":"1219","employee_age":"45","profile_image":""},{"id":"187226","employee_name":"Channel1.Device1.Tag1_1227","employee_salary":"1227","employee_age":"45","profile_image":""},{"id":"187227","employee_name":"Channel1.Device1.Tag1_1228","employee_salary":"1228","employee_age":"45","profile_image":""},{"id":"187228","employee_name":"Channel1.Device1.Tag1_1229","employee_salary":"1229","employee_age":"45","profile_image":""},{"id":"187232","employee_name":"Channel1.Device1.Tag1_1237","employee_salary":"1237","employee_age":"45","profile_image":""},{"id":"187233","employee_name":"Channel1.Device1.Tag1_1238","employee_salary":"1238","employee_age":"45","profile_image":""},{"id":"187237","employee_name":"Channel1.Device1.Tag1_1247","employee_salary":"1247","employee_age":"45","profile_image":""},{"id":"187238","employee_name":"Channel1.Device1.Tag1_1248","employee_salary":"1248","employee_age":"45","profile_image":""},{"id":"187243","employee_name":"Channel1.Device1.Tag1_1257","employee_salary":"1257","employee_age":"45","profile_image":""},{"id":"187250","employee_name":"Channel1.Device1.Tag1_1276","employee_salary":"1276","employee_age":"45","profile_image":""},{"id":"187251","employee_name":"Channel1.Device1.Tag1_1277","employee_salary":"1277","employee_age":"45","profile_image":""},{"id":"187252","employee_name":"Channel1.Device1.Tag1_1278","employee_salary":"1278","employee_age":"45","profile_image":""},{"id":"187254","employee_name":"Channel1.Device1.Tag1_1279","employee_salary":"1279","employee_age":"45","profile_image":""},{"id":"187257","employee_name":"Channel1.Device1.Tag1_1280","employee_salary":"1280","employee_age":"45","profile_image":""},{"id":"187258","employee_name":"Channel1.Device1.Tag1_1281","employee_salary":"1281","employee_age":"45","profile_image":""},{"id":"187259","employee_name":"Channel1.Device1.Tag1_1286","employee_salary":"1286","employee_age":"45","profile_image":""},{"id":"187260","employee_name":"Channel1.Device1.Tag1_1287","employee_salary":"1287","employee_age":"45","profile_image":""},{"id":"187261","employee_name":"Channel1.Device1.Tag1_1288","employee_salary":"1288","employee_age":"45","profile_image":""},{"id":"187265","employee_name":"Channel1.Device1.Tag1_1296","employee_salary":"1296","employee_age":"45","profile_image":""},{"id":"187266","employee_name":"Channel1.Device1.Tag1_1297","employee_salary":"1297","employee_age":"45","profile_image":""},{"id":"187267","employee_name":"Channel1.Device1.Tag1_1298","employee_salary":"1298","employee_age":"45","profile_image":""},{"id":"187271","employee_name":"Channel1.Device1.Tag1_1306","employee_salary":"1306","employee_age":"45","profile_image":""},{"id":"187272","employee_name":"Channel1.Device1.Tag1_1307","employee_salary":"1307","employee_age":"45","profile_image":""},{"id":"187273","employee_name":"Channel1.Device1.Tag1_1308","employee_salary":"1308","employee_age":"45","profile_image":""},{"id":"187275","employee_name":"Channel1.Device1.Tag1_1309","employee_salary":"1309","employee_age":"45","profile_image":""},{"id":"187278","employee_name":"Channel1.Device1.Tag1_1310","employee_salary":"1310","employee_age":"45","profile_image":""},{"id":"187279","employee_name":"Channel1.Device1.Tag1_1316","employee_salary":"1316","employee_age":"45","profile_image":""},{"id":"187283","employee_name":"Channel1.Device1.Tag1_1326","employee_salary":"1326","employee_age":"45","profile_image":""},{"id":"187287","employee_name":"Channel1.Device1.Tag1_1336","employee_salary":"1336","employee_age":"45","profile_image":""},{"id":"187294","employee_name":"Channel1.Device1.Tag1_1355","employee_salary":"1355","employee_age":"45","profile_image":""},{"id":"187295","employee_name":"Channel1.Device1.Tag1_1356","employee_salary":"1356","employee_age":"45","profile_image":""},{"id":"187296","employee_name":"Channel1.Device1.Tag1_1357","employee_salary":"1357","employee_age":"45","profile_image":""},{"id":"187300","employee_name":"Channel1.Device1.Tag1_1365","employee_salary":"1365","employee_age":"45","profile_image":""},{"id":"187301","employee_name":"Channel1.Device1.Tag1_1366","employee_salary":"1366","employee_age":"45","profile_image":""},{"id":"187302","employee_name":"Channel1.Device1.Tag1_1367","employee_salary":"1367","employee_age":"45","profile_image":""},{"id":"187306","employee_name":"Channel1.Device1.Tag1_1375","employee_salary":"1375","employee_age":"45","profile_image":""},{"id":"187307","employee_name":"Channel1.Device1.Tag1_1376","employee_salary":"1376","employee_age":"45","profile_image":""},{"id":"187308","employee_name":"Channel1.Device1.Tag1_1377","employee_salary":"1377","employee_age":"45","profile_image":""},{"id":"187312","employee_name":"lifas","employee_salary":"123","employee_age":"23","profile_image":""},{"id":"187313","employee_name":"Channel1.Device1.Tag1_1385","employee_salary":"1385","employee_age":"45","profile_image":""},{"id":"187314","employee_name":"Channel1.Device1.Tag1_1386","employee_salary":"1386","employee_age":"45","profile_image":""},{"id":"187318","employee_name":"Channel1.Device1.Tag1_1395","employee_salary":"1395","employee_age":"45","profile_image":""},{"id":"187322","employee_name":"Channel1.Device1.Tag1_1405","employee_salary":"1405","employee_age":"45","profile_image":""},{"id":"187329","employee_name":"Channel1.Device1.Tag1_1424","employee_salary":"1424","employee_age":"45","profile_image":""},{"id":"187330","employee_name":"Channel1.Device1.Tag1_1425","employee_salary":"1425","employee_age":"45","profile_image":""},{"id":"187331","employee_name":"Channel1.Device1.Tag1_1426","employee_salary":"1426","employee_age":"45","profile_image":""},{"id":"187332","employee_name":"Channel1.Device1.Tag1_1427","employee_salary":"1427","employee_age":"45","profile_image":""},{"id":"187336","employee_name":"Channel1.Device1.Tag1_1434","employee_salary":"1434","employee_age":"45","profile_image":""},{"id":"187337","employee_name":"Channel1.Device1.Tag1_1435","employee_salary":"1435","employee_age":"45","profile_image":""},{"id":"187338","employee_name":"Channel1.Device1.Tag1_1436","employee_salary":"1436","employee_age":"45","profile_image":""},{"id":"187342","employee_name":"Channel1.Device1.Tag1_1444","employee_salary":"1444","employee_age":"45","profile_image":""},{"id":"187343","employee_name":"Channel1.Device1.Tag1_1445","employee_salary":"1445","employee_age":"45","profile_image":""},{"id":"187344","employee_name":"Channel1.Device1.Tag1_1446","employee_salary":"1446","employee_age":"45","profile_image":""},{"id":"187348","employee_name":"Channel1.Device1.Tag1_1454","employee_salary":"1454","employee_age":"45","profile_image":""},{"id":"187349","employee_name":"Channel1.Device1.Tag1_1455","employee_salary":"1455","employee_age":"45","profile_image":""},{"id":"187353","employee_name":"Channel1.Device1.Tag1_1464","employee_salary":"1464","employee_age":"45","profile_image":""},{"id":"187354","employee_name":"Channel1.Device1.Tag1_1465","employee_salary":"1465","employee_age":"45","profile_image":""},{"id":"187358","employee_name":"Channel1.Device1.Tag1_1474","employee_salary":"1474","employee_age":"45","profile_image":""},{"id":"187365","employee_name":"Channel1.Device1.Tag1_1495","employee_salary":"1495","employee_age":"45","profile_image":""},{"id":"187369","employee_name":"Channel1.Device1.Tag1_1503","employee_salary":"1503","employee_age":"45","profile_image":""},{"id":"187370","employee_name":"Channel1.Device1.Tag1_1504","employee_salary":"1504","employee_age":"45","profile_image":""},{"id":"187371","employee_name":"Channel1.Device1.Tag1_1505","employee_salary":"1505","employee_age":"45","profile_image":""},{"id":"187375","employee_name":"Channel1.Device1.Tag1_1513","employee_salary":"1513","employee_age":"45","profile_image":""},{"id":"187376","employee_name":"Channel1.Device1.Tag1_1514","employee_salary":"1514","employee_age":"45","profile_image":""},{"id":"187377","employee_name":"Channel1.Device1.Tag1_1515","employee_salary":"1515","employee_age":"45","profile_image":""},{"id":"187381","employee_name":"Channel1.Device1.Tag1_1523","employee_salary":"1523","employee_age":"45","profile_image":""},{"id":"187382","employee_name":"Channel1.Device1.Tag1_1524","employee_salary":"1524","employee_age":"45","profile_image":""},{"id":"187386","employee_name":"Channel1.Device1.Tag1_1533","employee_salary":"1533","employee_age":"45","profile_image":""},{"id":"187387","employee_name":"Channel1.Device1.Tag1_1534","employee_salary":"1534","employee_age":"45","profile_image":""},{"id":"187391","employee_name":"Channel1.Device1.Tag1_1543","employee_salary":"1543","employee_age":"45","profile_image":""},{"id":"187395","employee_name":"Channel1.Device1.Tag1_1553","employee_salary":"1553","employee_age":"45","profile_image":""},{"id":"187399","employee_name":"Channel1.Device1.Tag1_1562","employee_salary":"1562","employee_age":"45","profile_image":""},{"id":"187400","employee_name":"Channel1.Device1.Tag1_1563","employee_salary":"1563","employee_age":"45","profile_image":""},{"id":"187401","employee_name":"Channel1.Device1.Tag1_1564","employee_salary":"1564","employee_age":"45","profile_image":""},{"id":"187402","employee_name":"Channel1.Device1.Tag1_1565","employee_salary":"1565","employee_age":"45","profile_image":""},{"id":"187406","employee_name":"Channel1.Device1.Tag1_1572","employee_salary":"1572","employee_age":"45","profile_image":""},{"id":"187407","employee_name":"Channel1.Device1.Tag1_1573","employee_salary":"1573","employee_age":"45","profile_image":""},{"id":"187408","employee_name":"Channel1.Device1.Tag1_1574","employee_salary":"1574","employee_age":"45","profile_image":""},{"id":"187412","employee_name":"Channel1.Device1.Tag1_1582","employee_salary":"1582","employee_age":"45","profile_image":""},{"id":"187413","employee_name":"Channel1.Device1.Tag1_1583","employee_salary":"1583","employee_age":"45","profile_image":""},{"id":"187414","employee_name":"Channel1.Device1.Tag1_1584","employee_salary":"1584","employee_age":"45","profile_image":""},{"id":"187577","employee_name":"a","employee_salary":"4","employee_age":"7","profile_image":""},{"id":"187744","employee_name":"JohanL","employee_salary":"123","employee_age":"37","profile_image":""},{"id":"187842","employee_name":"test12424242342p4002","employee_salary":"123","employee_age":"23","profile_image":""},{"id":"187972","employee_name":"1211","employee_salary":"0","employee_age":"0","profile_image":""},{"id":"188101","employee_name":"Anova","employee_salary":"50000","employee_age":"22","profile_image":""},{"id":"188192","employee_name":"aa","employee_salary":"11","employee_age":"44","profile_image":""},{"id":"188228","employee_name":"LOPUH32432","employee_salary":"0","employee_age":"0","profile_image":""},{"id":"188229","employee_name":"RAHIIT56765","employee_salary":"0","employee_age":"0","profile_image":""},{"id":"188231","employee_name":"IDIOT4234243","employee_salary":"0","employee_age":"0","profile_image":""},{"id":"188234","employee_name":"DODIK765665","employee_salary":"0","employee_age":"0","profile_image":""},{"id":"188235","employee_name":"KOZEL543454","employee_salary":"0","employee_age":"0","profile_image":""},{"id":"188298","employee_name":"asfds","employee_salary":"432","employee_age":"2342","profile_image":""},{"id":"188335","employee_name":"V90tix4g7p","employee_salary":"100","employee_age":"20","profile_image":""},{"id":"188336","employee_name":"Apj99z1jtn","employee_salary":"100","employee_age":"20","profile_image":""},{"id":"188339","employee_name":"Ev0c1sqnz1","employee_salary":"200","employee_age":"21","profile_image":""},{"id":"188342","employee_name":"N6bwb2gv58","employee_salary":"100","employee_age":"20","profile_image":""},{"id":"188359","employee_name":"sada","employee_salary":"0","employee_age":"0","profile_image":""},{"id":"188378","employee_name":"Lukasz32589","employee_salary":"30000","employee_age":"35","profile_image":""},{"id":"188379","employee_name":"Marta32589","employee_salary":"9200","employee_age":"21","profile_image":""},{"id":"188380","employee_name":"Filip32589","employee_salary":"54345","employee_age":"44","profile_image":""},{"id":"188381","employee_name":"Mariusz32589","employee_salary":"4433","employee_age":"29","profile_image":""},{"id":"188382","employee_name":"Michal32597","employee_salary":"150000","employee_age":"32","profile_image":""},{"id":"188386","employee_name":"Karol32599","employee_salary":"150000","employee_age":"32","profile_image":""},{"id":"188387","employee_name":"MichalUpd32600","employee_salary":"1100000","employee_age":"66","profile_image":""},{"id":"188421","employee_name":"ASDQWE","employee_salary":"99000","employee_age":"18","profile_image":""},{"id":"188578","employee_name":"dsfdsf","employee_salary":"343","employee_age":"3434","profile_image":""},{"id":"188630","employee_name":"dsff","employee_salary":"0","employee_age":"0","profile_image":""},{"id":"188691","employee_name":"dsfd","employee_salary":"0","employee_age":"0","profile_image":""},{"id":"188716","employee_name":"dsfds","employee_salary":"34","employee_age":"34","profile_image":""},{"id":"188777","employee_name":"werwrer","employee_salary":"434","employee_age":"34","profile_image":""},{"id":"188801","employee_name":"mmmmm","employee_salary":"22","employee_age":"222","profile_image":""},{"id":"188853","employee_name":"Manish06\/11\/19 13:58:41","employee_salary":"10000","employee_age":"25","profile_image":""},{"id":"188947","employee_name":"fsdsd","employee_salary":"0","employee_age":"0","profile_image":""},{"id":"188966","employee_name":"sadsa","employee_salary":"0","employee_age":"0","profile_image":""},{"id":"189018","employee_name":"asf","employee_salary":"0","employee_age":"0","profile_image":""},{"id":"189046","employee_name":"dfdsf","employee_salary":"0","employee_age":"0","profile_image":""},{"id":"189047","employee_name":"mario","employee_salary":"30000","employee_age":"23","profile_image":""},{"id":"189054","employee_name":"asdsd","employee_salary":"0","employee_age":"0","profile_image":""},{"id":"189075","employee_name":"marion","employee_salary":"30000","employee_age":"23","profile_image":""},{"id":"189131","employee_name":"iukjhg","employee_salary":"769","employee_age":"2234","profile_image":""},{"id":"189176","employee_name":"aaaaa","employee_salary":"0","employee_age":"0","profile_image":""},{"id":"189264","employee_name":"jjj","employee_salary":"0","employee_age":"0","profile_image":""},{"id":"189265","employee_name":"marionnn","employee_salary":"30000","employee_age":"40","profile_image":""},{"id":"189587","employee_name":"testGCSHHH","employee_salary":"123","employee_age":"23","profile_image":""},{"id":"189649","employee_name":"Uncle Ben","employee_salary":"5000","employee_age":"57","profile_image":""},{"id":"189677","employee_name":"Thomas1","employee_salary":"25000","employee_age":"28","profile_image":""},{"id":"189706","employee_name":"Boss","employee_salary":"500000","employee_age":"23","profile_image":""},{"id":"189713","employee_name":"Student","employee_salary":"100","employee_age":"18","profile_image":""},{"id":"189727","employee_name":"Genius","employee_salary":"900000","employee_age":"32","profile_image":""},{"id":"189730","employee_name":"ysGn","employee_salary":"600","employee_age":"0","profile_image":""},{"id":"189731","employee_name":"jsKL","employee_salary":"989","employee_age":"0","profile_image":""},{"id":"189732","employee_name":"gxTy","employee_salary":"577","employee_age":"0","profile_image":""},{"id":"189733","employee_name":"xxFA","employee_salary":"381","employee_age":"0","profile_image":""},{"id":"189802","employee_name":"Goga","employee_salary":"100","employee_age":"23","profile_image":""},{"id":"189836","employee_name":"Thomas9","employee_salary":"25000","employee_age":"28","profile_image":""},{"id":"189855","employee_name":"HelloEmids","employee_salary":"2345","employee_age":"23","profile_image":""},{"id":"189962","employee_name":"Thomas10","employee_salary":"25000","employee_age":"28","profile_image":""},{"id":"190003","employee_name":"Thomas11","employee_salary":"25000","employee_age":"28","profile_image":""},{"id":"190021","employee_name":"Thomas12","employee_salary":"25000","employee_age":"28","profile_image":""},{"id":"190035","employee_name":"Thomas13","employee_salary":"25000","employee_age":"29","profile_image":""},{"id":"190051","employee_name":"Thomas14","employee_salary":"25000","employee_age":"28","profile_image":""},{"id":"190061","employee_name":"Thomas16","employee_salary":"25000","employee_age":"29","profile_image":""},{"id":"190083","employee_name":"Johan","employee_salary":"20","employee_age":"100","profile_image":""},{"id":"190087","employee_name":"rabe3","employee_salary":"10","employee_age":"40","profile_image":""},{"id":"190185","employee_name":"Manish06\/11\/19 15:09:36","employee_salary":"10000","employee_age":"25","profile_image":""}]
]]></system-out>
    <system-err><![CDATA[Nov 06, 2019 3:09:40 PM org.apache.http.client.protocol.ResponseProcessCookies processCookies
WARNING: Invalid cookie header: "Set-Cookie: ezoadgid_133674=-1; Path=/; Domain=restapiexample.com; Expires=Wed, 06 Nov 2019 10:09:40 UTC". Invalid 'expires' attribute: Wed, 06 Nov 2019 10:09:40 UTC
Nov 06, 2019 3:09:40 PM org.apache.http.client.protocol.ResponseProcessCookies processCookies
WARNING: Invalid cookie header: "Set-Cookie: ezoref_133674=; Path=/; Domain=restapiexample.com; Expires=Wed, 06 Nov 2019 11:39:40 UTC". Invalid 'expires' attribute: Wed, 06 Nov 2019 11:39:40 UTC
Nov 06, 2019 3:09:40 PM org.apache.http.client.protocol.ResponseProcessCookies processCookies
WARNING: Invalid cookie header: "Set-Cookie: ezoab_133674=mod20-c; Path=/; Domain=restapiexample.com; Expires=Wed, 06 Nov 2019 11:39:40 UTC". Invalid 'expires' attribute: Wed, 06 Nov 2019 11:39:40 UTC
Nov 06, 2019 3:09:40 PM org.apache.http.client.protocol.ResponseProcessCookies processCookies
WARNING: Invalid cookie header: "Set-Cookie: active_template::133674=pub_site.1573033180; Path=/; Domain=restapiexample.com; Expires=Fri, 08 Nov 2019 09:39:40 UTC". Invalid 'expires' attribute: Fri, 08 Nov 2019 09:39:40 UTC
Nov 06, 2019 3:09:40 PM org.apache.http.client.protocol.ResponseProcessCookies processCookies
WARNING: Invalid cookie header: "Set-Cookie: ezCMPCCS=true; Path=/; Domain=restapiexample.com; Expires=Fri, 06 Nov 2020 09:39:40 GMT". Invalid 'expires' attribute: Fri, 06 Nov 2020 09:39:40 GMT
]]></system-err>
  </testcase>
  <testcase name="getCallTestWithoutHeader" classname="org.restapi.test.GetAPITest" time="1.326">
    <failure message="A JSONObject text must begin with &apos;{&apos; at 1 [character 2 line 1]" type="org.json.JSONException"><![CDATA[org.json.JSONException: A JSONObject text must begin with '{' at 1 [character 2 line 1]
	at org.json.JSONTokener.syntaxError(JSONTokener.java:433)
	at org.json.JSONObject.<init>(JSONObject.java:195)
	at org.json.JSONObject.<init>(JSONObject.java:319)
	at org.restapi.test.GetAPITest.getCallTestWithoutHeader(GetAPITest.java:58)
]]></failure>
    <system-out><![CDATA[URI is http://dummy.restapiexample.com/api/v1/employees
]]></system-out>
    <system-err><![CDATA[Nov 06, 2019 3:09:41 PM org.apache.http.client.protocol.ResponseProcessCookies processCookies
WARNING: Invalid cookie header: "Set-Cookie: ezoadgid_133674=-1; Path=/; Domain=restapiexample.com; Expires=Wed, 06 Nov 2019 10:09:41 UTC". Invalid 'expires' attribute: Wed, 06 Nov 2019 10:09:41 UTC
Nov 06, 2019 3:09:41 PM org.apache.http.client.protocol.ResponseProcessCookies processCookies
WARNING: Invalid cookie header: "Set-Cookie: ezoref_133674=; Path=/; Domain=restapiexample.com; Expires=Wed, 06 Nov 2019 11:39:41 UTC". Invalid 'expires' attribute: Wed, 06 Nov 2019 11:39:41 UTC
Nov 06, 2019 3:09:41 PM org.apache.http.client.protocol.ResponseProcessCookies processCookies
WARNING: Invalid cookie header: "Set-Cookie: ezoab_133674=mod61; Path=/; Domain=restapiexample.com; Expires=Wed, 06 Nov 2019 11:39:41 UTC". Invalid 'expires' attribute: Wed, 06 Nov 2019 11:39:41 UTC
Nov 06, 2019 3:09:41 PM org.apache.http.client.protocol.ResponseProcessCookies processCookies
WARNING: Invalid cookie header: "Set-Cookie: active_template::133674=pub_site.1573033181; Path=/; Domain=restapiexample.com; Expires=Fri, 08 Nov 2019 09:39:41 UTC". Invalid 'expires' attribute: Fri, 08 Nov 2019 09:39:41 UTC
Nov 06, 2019 3:09:41 PM org.apache.http.client.protocol.ResponseProcessCookies processCookies
WARNING: Invalid cookie header: "Set-Cookie: ezCMPCCS=true; Path=/; Domain=restapiexample.com; Expires=Fri, 06 Nov 2020 09:39:42 GMT". Invalid 'expires' attribute: Fri, 06 Nov 2020 09:39:42 GMT
]]></system-err>
  </testcase>
  <testcase name="deleteCall" classname="org.restapi.test.DeleteAPITest" time="0.825"/>
  <testcase name="deleteCallWithHeader" classname="org.restapi.test.DeleteAPITest" time="0.846"/>
</testsuite>